[10-Dec-2024 10:02:43 UTC] PHP Fatal error:  Uncaught TypeError: call_user_func_array(): Argument #1 ($callback) must be a valid callback, function "auth_handle_associate_signup" not found or invalid function name in /var/www/html/wp-includes/class-wp-hook.php:324
Stack trace:
#0 /var/www/html/wp-includes/class-wp-hook.php(348): WP_Hook->apply_filters('', Array)
#1 /var/www/html/wp-includes/plugin.php(517): WP_Hook->do_action(Array)
#2 /var/www/html/wp-admin/admin-post.php(61): do_action('admin_post_nopr...')
#3 {main}
  thrown in /var/www/html/wp-includes/class-wp-hook.php on line 324
[10-Dec-2024 10:03:32 UTC] PHP Warning:  Cannot modify header information - headers already sent by (output started at /var/www/html/wp-content/themes/rcdevelopers/functions.php:166) in /var/www/html/wp-includes/pluggable.php on line 1435
[10-Dec-2024 10:03:32 UTC] PHP Warning:  Cannot modify header information - headers already sent by (output started at /var/www/html/wp-content/themes/rcdevelopers/functions.php:166) in /var/www/html/wp-includes/pluggable.php on line 1438
[10-Dec-2024 10:05:50 UTC] PHP Warning:  Cannot modify header information - headers already sent by (output started at /var/www/html/wp-content/themes/rcdevelopers/functions.php:166) in /var/www/html/wp-includes/pluggable.php on line 1435
[10-Dec-2024 10:05:50 UTC] PHP Warning:  Cannot modify header information - headers already sent by (output started at /var/www/html/wp-content/themes/rcdevelopers/functions.php:166) in /var/www/html/wp-includes/pluggable.php on line 1438
[11-Dec-2024 13:19:31 UTC] PHP Warning:  Undefined variable $user_id in /var/www/html/wp-content/themes/rcdevelopers/page-dashboard.php on line 36
[11-Dec-2024 13:19:31 UTC] PHP Warning:  Undefined variable $user_name in /var/www/html/wp-content/themes/rcdevelopers/page-dashboard.php on line 37
[11-Dec-2024 13:19:31 UTC] PHP Warning:  Undefined variable $user_role in /var/www/html/wp-content/themes/rcdevelopers/page-dashboard.php on line 39
[11-Dec-2024 13:19:31 UTC] PHP Warning:  Undefined variable $user_avatar in /var/www/html/wp-content/themes/rcdevelopers/page-dashboard.php on line 40
[11-Dec-2024 13:32:09 UTC] PHP Warning:  Undefined variable $user_id in /var/www/html/wp-content/themes/rcdevelopers/page-dashboard.php on line 44
[11-Dec-2024 13:32:09 UTC] PHP Warning:  Undefined variable $user_name in /var/www/html/wp-content/themes/rcdevelopers/page-dashboard.php on line 45
[11-Dec-2024 13:32:09 UTC] PHP Warning:  Undefined variable $user_role in /var/www/html/wp-content/themes/rcdevelopers/page-dashboard.php on line 47
[11-Dec-2024 13:32:09 UTC] PHP Warning:  Undefined variable $user_avatar in /var/www/html/wp-content/themes/rcdevelopers/page-dashboard.php on line 48
[11-Dec-2024 13:37:43 UTC] PHP Warning:  Array to string conversion in /var/www/html/wp-content/themes/rcdevelopers/page-dashboard.php on line 36
[12-Dec-2024 10:04:51 UTC] PHP Warning:  Trying to access array offset on value of type bool in /var/www/html/wp-content/themes/rcdevelopers/page-sign_up.php on line 40
[12-Dec-2024 10:04:51 UTC] PHP Warning:  Trying to access array offset on value of type bool in /var/www/html/wp-content/themes/rcdevelopers/page-sign_up.php on line 55
[12-Dec-2024 10:04:51 UTC] PHP Warning:  Trying to access array offset on value of type bool in /var/www/html/wp-content/themes/rcdevelopers/page-sign_up.php on line 266
[12-Dec-2024 10:18:27 UTC] PHP Warning:  Undefined variable $meta_data in /var/www/html/wp-content/themes/rcdevelopers/page-sign_up.php on line 25
[12-Dec-2024 10:18:27 UTC] PHP Warning:  Trying to access array offset on value of type null in /var/www/html/wp-content/themes/rcdevelopers/page-sign_up.php on line 25
[12-Dec-2024 10:18:27 UTC] PHP Warning:  Undefined variable $meta_data in /var/www/html/wp-content/themes/rcdevelopers/page-sign_up.php on line 29
[12-Dec-2024 10:18:27 UTC] PHP Warning:  Trying to access array offset on value of type null in /var/www/html/wp-content/themes/rcdevelopers/page-sign_up.php on line 29
[18-Dec-2024 09:28:06 UTC] PHP Warning:  Undefined variable $user_role in /var/www/html/wp-content/themes/rcdevelopers/page-dashboard.php on line 154
[18-Dec-2024 09:30:19 UTC] PHP Warning:  Undefined variable $user_role in /var/www/html/wp-content/themes/rcdevelopers/page-dashboard.php on line 166
[18-Dec-2024 09:32:36 UTC] PHP Warning:  Undefined variable $user_role in /var/www/html/wp-content/themes/rcdevelopers/page-dashboard.php on line 166
[23-Dec-2024 09:59:50 UTC] PHP Warning:  Undefined variable $customer in /var/www/html/wp-content/themes/rcdevelopers/page-dashboard.php on line 139
[23-Dec-2024 09:59:50 UTC] PHP Fatal error:  Uncaught TypeError: count(): Argument #1 ($value) must be of type Countable|array, null given in /var/www/html/wp-content/themes/rcdevelopers/page-dashboard.php:139
Stack trace:
#0 /var/www/html/wp-includes/template-loader.php(106): include()
#1 /var/www/html/wp-blog-header.php(19): require_once('/var/www/html/w...')
#2 /var/www/html/index.php(17): require('/var/www/html/w...')
#3 {main}
  thrown in /var/www/html/wp-content/themes/rcdevelopers/page-dashboard.php on line 139
[23-Dec-2024 10:01:19 UTC] PHP Warning:  Undefined variable $customer in /var/www/html/wp-content/themes/rcdevelopers/page-dashboard.php on line 139
[23-Dec-2024 10:17:43 UTC] PHP Fatal error:  Uncaught Error: Cannot use object of type WP_User_Query as array in /var/www/html/wp-content/themes/rcdevelopers/page-dashboard.php:141
Stack trace:
#0 /var/www/html/wp-includes/template-loader.php(106): include()
#1 /var/www/html/wp-blog-header.php(19): require_once('/var/www/html/w...')
#2 /var/www/html/index.php(17): require('/var/www/html/w...')
#3 {main}
  thrown in /var/www/html/wp-content/themes/rcdevelopers/page-dashboard.php on line 141
[23-Dec-2024 10:21:48 UTC] PHP Fatal error:  Uncaught Error: Cannot use object of type WP_User_Query as array in /var/www/html/wp-content/themes/rcdevelopers/page-dashboard.php:141
Stack trace:
#0 /var/www/html/wp-includes/template-loader.php(106): include()
#1 /var/www/html/wp-blog-header.php(19): require_once('/var/www/html/w...')
#2 /var/www/html/index.php(17): require('/var/www/html/w...')
#3 {main}
  thrown in /var/www/html/wp-content/themes/rcdevelopers/page-dashboard.php on line 141
[23-Dec-2024 10:50:12 UTC] PHP Warning:  require_once(/var/www/html/wp-content/themes/rcdevelopers/vendor/autoload.php): Failed to open stream: No such file or directory in /var/www/html/wp-content/themes/rcdevelopers/functions.php on line 3
[23-Dec-2024 10:50:12 UTC] PHP Fatal error:  Uncaught Error: Failed opening required '/var/www/html/wp-content/themes/rcdevelopers/vendor/autoload.php' (include_path='.:/usr/local/lib/php') in /var/www/html/wp-content/themes/rcdevelopers/functions.php:3
Stack trace:
#0 /var/www/html/wp-settings.php(668): include()
#1 /var/www/html/wp-config.php(141): require_once('/var/www/html/w...')
#2 /var/www/html/wp-load.php(50): require_once('/var/www/html/w...')
#3 /var/www/html/wp-blog-header.php(13): require_once('/var/www/html/w...')
#4 /var/www/html/index.php(17): require('/var/www/html/w...')
#5 {main}
  thrown in /var/www/html/wp-content/themes/rcdevelopers/functions.php on line 3
[23-Dec-2024 10:50:15 UTC] PHP Warning:  require_once(/var/www/html/wp-content/themes/rcdevelopers/vendor/autoload.php): Failed to open stream: No such file or directory in /var/www/html/wp-content/themes/rcdevelopers/functions.php on line 3
[23-Dec-2024 10:50:15 UTC] PHP Fatal error:  Uncaught Error: Failed opening required '/var/www/html/wp-content/themes/rcdevelopers/vendor/autoload.php' (include_path='.:/usr/local/lib/php') in /var/www/html/wp-content/themes/rcdevelopers/functions.php:3
Stack trace:
#0 /var/www/html/wp-settings.php(668): include()
#1 /var/www/html/wp-config.php(141): require_once('/var/www/html/w...')
#2 /var/www/html/wp-load.php(50): require_once('/var/www/html/w...')
#3 /var/www/html/wp-blog-header.php(13): require_once('/var/www/html/w...')
#4 /var/www/html/index.php(17): require('/var/www/html/w...')
#5 {main}
  thrown in /var/www/html/wp-content/themes/rcdevelopers/functions.php on line 3
[23-Dec-2024 10:52:58 UTC] PHP Warning:  require_once(/var/www/html/wp-content/themes/rcdevelopers/../vendor/autoload.php): Failed to open stream: No such file or directory in /var/www/html/wp-content/themes/rcdevelopers/functions.php on line 3
[23-Dec-2024 10:52:58 UTC] PHP Fatal error:  Uncaught Error: Failed opening required '/var/www/html/wp-content/themes/rcdevelopers/../vendor/autoload.php' (include_path='.:/usr/local/lib/php') in /var/www/html/wp-content/themes/rcdevelopers/functions.php:3
Stack trace:
#0 /var/www/html/wp-settings.php(668): include()
#1 /var/www/html/wp-config.php(141): require_once('/var/www/html/w...')
#2 /var/www/html/wp-load.php(50): require_once('/var/www/html/w...')
#3 /var/www/html/wp-blog-header.php(13): require_once('/var/www/html/w...')
#4 /var/www/html/index.php(17): require('/var/www/html/w...')
#5 {main}
  thrown in /var/www/html/wp-content/themes/rcdevelopers/functions.php on line 3
[23-Dec-2024 10:53:01 UTC] PHP Warning:  require_once(/var/www/html/wp-content/themes/rcdevelopers/../vendor/autoload.php): Failed to open stream: No such file or directory in /var/www/html/wp-content/themes/rcdevelopers/functions.php on line 3
[23-Dec-2024 10:53:01 UTC] PHP Fatal error:  Uncaught Error: Failed opening required '/var/www/html/wp-content/themes/rcdevelopers/../vendor/autoload.php' (include_path='.:/usr/local/lib/php') in /var/www/html/wp-content/themes/rcdevelopers/functions.php:3
Stack trace:
#0 /var/www/html/wp-settings.php(668): include()
#1 /var/www/html/wp-config.php(141): require_once('/var/www/html/w...')
#2 /var/www/html/wp-load.php(50): require_once('/var/www/html/w...')
#3 /var/www/html/wp-blog-header.php(13): require_once('/var/www/html/w...')
#4 /var/www/html/index.php(17): require('/var/www/html/w...')
#5 {main}
  thrown in /var/www/html/wp-content/themes/rcdevelopers/functions.php on line 3
[23-Dec-2024 10:55:20 UTC] PHP Fatal error:  Uncaught Mpdf\MpdfException: Temporary files directory "/var/www/html/vendor/mpdf/mpdf/src/Config/../../tmp/mpdf" is not writable in /var/www/html/vendor/mpdf/mpdf/src/Cache.php:21
Stack trace:
#0 /var/www/html/vendor/mpdf/mpdf/src/ServiceFactory.php(67): Mpdf\Cache->__construct('/var/www/html/v...', 3600)
#1 /var/www/html/vendor/mpdf/mpdf/src/Mpdf.php(1075): Mpdf\ServiceFactory->getServices(Object(Mpdf\Mpdf), Object(Psr\Log\NullLogger), Array, Object(Mpdf\Language\LanguageToFont), Object(Mpdf\Language\ScriptToLanguage), NULL, NULL, NULL, NULL)
#2 /var/www/html/wp-content/themes/rcdevelopers/functions.php(238): Mpdf\Mpdf->__construct()
#3 /var/www/html/wp-includes/class-wp-hook.php(324): generate_lead_report('')
#4 /var/www/html/wp-includes/class-wp-hook.php(348): WP_Hook->apply_filters('', Array)
#5 /var/www/html/wp-includes/plugin.php(517): WP_Hook->do_action(Array)
#6 /var/www/html/wp-admin/admin-post.php(85): do_action('admin_post_gene...')
#7 {main}
  thrown in /var/www/html/vendor/mpdf/mpdf/src/Cache.php on line 21
[23-Dec-2024 12:00:47 UTC] PHP Deprecated:  Function print_emoji_styles is <strong>deprecated</strong> since version 6.4.0! Use wp_enqueue_emoji_styles instead. in /var/www/html/wp-includes/functions.php on line 6085
[23-Dec-2024 12:00:47 UTC] PHP Deprecated:  Function wp_admin_bar_header is <strong>deprecated</strong> since version 6.4.0! Use wp_enqueue_admin_bar_header_styles instead. in /var/www/html/wp-includes/functions.php on line 6085
[23-Dec-2024 12:00:57 UTC] PHP Deprecated:  Function print_emoji_styles is <strong>deprecated</strong> since version 6.4.0! Use wp_enqueue_emoji_styles instead. in /var/www/html/wp-includes/functions.php on line 6085
[23-Dec-2024 12:00:57 UTC] PHP Deprecated:  Function wp_admin_bar_header is <strong>deprecated</strong> since version 6.4.0! Use wp_enqueue_admin_bar_header_styles instead. in /var/www/html/wp-includes/functions.php on line 6085
[23-Dec-2024 12:03:22 UTC] PHP Deprecated:  Function print_emoji_styles is <strong>deprecated</strong> since version 6.4.0! Use wp_enqueue_emoji_styles instead. in /var/www/html/wp-includes/functions.php on line 6085
[23-Dec-2024 12:03:22 UTC] PHP Deprecated:  Function wp_admin_bar_header is <strong>deprecated</strong> since version 6.4.0! Use wp_enqueue_admin_bar_header_styles instead. in /var/www/html/wp-includes/functions.php on line 6085
[23-Dec-2024 12:03:59 UTC] PHP Deprecated:  Function print_emoji_styles is <strong>deprecated</strong> since version 6.4.0! Use wp_enqueue_emoji_styles instead. in /var/www/html/wp-includes/functions.php on line 6085
[23-Dec-2024 12:03:59 UTC] PHP Deprecated:  Function wp_admin_bar_header is <strong>deprecated</strong> since version 6.4.0! Use wp_enqueue_admin_bar_header_styles instead. in /var/www/html/wp-includes/functions.php on line 6085
[23-Dec-2024 12:04:15 UTC] PHP Deprecated:  Function print_emoji_styles is <strong>deprecated</strong> since version 6.4.0! Use wp_enqueue_emoji_styles instead. in /var/www/html/wp-includes/functions.php on line 6085
[23-Dec-2024 12:04:15 UTC] PHP Deprecated:  Function wp_admin_bar_header is <strong>deprecated</strong> since version 6.4.0! Use wp_enqueue_admin_bar_header_styles instead. in /var/www/html/wp-includes/functions.php on line 6085
[24-Dec-2024 08:18:27 UTC] PHP Deprecated:  Hook woocommerce_rest_api_option_permissions is <strong>deprecated</strong> since version 6.3.0 with no alternative available. in /var/www/html/wp-includes/functions.php on line 6085
[24-Dec-2024 08:18:27 UTC] PHP Deprecated:  Hook woocommerce_rest_api_option_permissions is <strong>deprecated</strong> since version 6.3.0 with no alternative available. in /var/www/html/wp-includes/functions.php on line 6085
[24-Dec-2024 08:18:32 UTC] PHP Deprecated:  Hook woocommerce_rest_api_option_permissions is <strong>deprecated</strong> since version 6.3.0 with no alternative available. in /var/www/html/wp-includes/functions.php on line 6085
[24-Dec-2024 09:19:45 UTC] PHP Deprecated:  Hook woocommerce_rest_api_option_permissions is <strong>deprecated</strong> since version 6.3.0 with no alternative available. in /var/www/html/wp-includes/functions.php on line 6085
[24-Dec-2024 09:19:58 UTC] PHP Deprecated:  Hook woocommerce_rest_api_option_permissions is <strong>deprecated</strong> since version 6.3.0 with no alternative available. in /var/www/html/wp-includes/functions.php on line 6085
[24-Dec-2024 09:19:59 UTC] PHP Deprecated:  Hook woocommerce_rest_api_option_permissions is <strong>deprecated</strong> since version 6.3.0 with no alternative available. in /var/www/html/wp-includes/functions.php on line 6085
[24-Dec-2024 09:23:28 UTC] PHP Deprecated:  Hook woocommerce_rest_api_option_permissions is <strong>deprecated</strong> since version 6.3.0 with no alternative available. in /var/www/html/wp-includes/functions.php on line 6085
[24-Dec-2024 09:23:28 UTC] PHP Deprecated:  Hook woocommerce_rest_api_option_permissions is <strong>deprecated</strong> since version 6.3.0 with no alternative available. in /var/www/html/wp-includes/functions.php on line 6085
[24-Dec-2024 09:23:44 UTC] PHP Deprecated:  Hook woocommerce_rest_api_option_permissions is <strong>deprecated</strong> since version 6.3.0 with no alternative available. in /var/www/html/wp-includes/functions.php on line 6085
[24-Dec-2024 09:24:36 UTC] PHP Deprecated:  Hook woocommerce_rest_api_option_permissions is <strong>deprecated</strong> since version 6.3.0 with no alternative available. in /var/www/html/wp-includes/functions.php on line 6085
[24-Dec-2024 09:24:47 UTC] PHP Deprecated:  Hook woocommerce_rest_api_option_permissions is <strong>deprecated</strong> since version 6.3.0 with no alternative available. in /var/www/html/wp-includes/functions.php on line 6085
[24-Dec-2024 09:24:48 UTC] PHP Deprecated:  Hook woocommerce_rest_api_option_permissions is <strong>deprecated</strong> since version 6.3.0 with no alternative available. in /var/www/html/wp-includes/functions.php on line 6085
[24-Dec-2024 09:47:55 UTC] PHP Deprecated:  Hook woocommerce_rest_api_option_permissions is <strong>deprecated</strong> since version 6.3.0 with no alternative available. in /var/www/html/wp-includes/functions.php on line 6085
[24-Dec-2024 09:48:08 UTC] PHP Deprecated:  Hook woocommerce_rest_api_option_permissions is <strong>deprecated</strong> since version 6.3.0 with no alternative available. in /var/www/html/wp-includes/functions.php on line 6085
[24-Dec-2024 09:48:09 UTC] PHP Deprecated:  Hook woocommerce_rest_api_option_permissions is <strong>deprecated</strong> since version 6.3.0 with no alternative available. in /var/www/html/wp-includes/functions.php on line 6085
[24-Dec-2024 09:48:20 UTC] PHP Deprecated:  Hook woocommerce_rest_api_option_permissions is <strong>deprecated</strong> since version 6.3.0 with no alternative available. in /var/www/html/wp-includes/functions.php on line 6085
[24-Dec-2024 09:48:26 UTC] PHP Deprecated:  Hook woocommerce_rest_api_option_permissions is <strong>deprecated</strong> since version 6.3.0 with no alternative available. in /var/www/html/wp-includes/functions.php on line 6085
[24-Dec-2024 09:48:26 UTC] PHP Deprecated:  Hook woocommerce_rest_api_option_permissions is <strong>deprecated</strong> since version 6.3.0 with no alternative available. in /var/www/html/wp-includes/functions.php on line 6085
[24-Dec-2024 10:08:40 UTC] PHP Deprecated:  Hook woocommerce_rest_api_option_permissions is <strong>deprecated</strong> since version 6.3.0 with no alternative available. in /var/www/html/wp-includes/functions.php on line 6085
[24-Dec-2024 10:08:49 UTC] PHP Deprecated:  Hook woocommerce_rest_api_option_permissions is <strong>deprecated</strong> since version 6.3.0 with no alternative available. in /var/www/html/wp-includes/functions.php on line 6085
[24-Dec-2024 10:14:18 UTC] PHP Deprecated:  Hook woocommerce_rest_api_option_permissions is <strong>deprecated</strong> since version 6.3.0 with no alternative available. in /var/www/html/wp-includes/functions.php on line 6085
[24-Dec-2024 10:14:25 UTC] PHP Deprecated:  Hook woocommerce_rest_api_option_permissions is <strong>deprecated</strong> since version 6.3.0 with no alternative available. in /var/www/html/wp-includes/functions.php on line 6085
[24-Dec-2024 10:14:25 UTC] PHP Deprecated:  Hook woocommerce_rest_api_option_permissions is <strong>deprecated</strong> since version 6.3.0 with no alternative available. in /var/www/html/wp-includes/functions.php on line 6085
[24-Dec-2024 10:15:56 UTC] PHP Deprecated:  Hook woocommerce_rest_api_option_permissions is <strong>deprecated</strong> since version 6.3.0 with no alternative available. in /var/www/html/wp-includes/functions.php on line 6085
[24-Dec-2024 10:15:56 UTC] The Automattic\WooCommerce\Admin\API\Options::update_options function is deprecated since version 6.3.
[24-Dec-2024 10:15:56 UTC] The Automattic\WooCommerce\Admin\API\Options::update_options function is deprecated since version 6.3.
[24-Dec-2024 10:15:56 UTC] The Automattic\WooCommerce\Admin\API\Options::update_options function is deprecated since version 6.3.
[24-Dec-2024 10:15:56 UTC] The Automattic\WooCommerce\Admin\API\Options::update_options function is deprecated since version 6.3.
[24-Dec-2024 10:16:14 UTC] PHP Deprecated:  Hook woocommerce_rest_api_option_permissions is <strong>deprecated</strong> since version 6.3.0 with no alternative available. in /var/www/html/wp-includes/functions.php on line 6085
[24-Dec-2024 10:16:14 UTC] The Automattic\WooCommerce\Admin\API\Options::update_options function is deprecated since version 6.3.
[24-Dec-2024 10:16:14 UTC] The Automattic\WooCommerce\Admin\API\Options::update_options function is deprecated since version 6.3.
[24-Dec-2024 10:16:14 UTC] The Automattic\WooCommerce\Admin\API\Options::update_options function is deprecated since version 6.3.
[24-Dec-2024 10:16:14 UTC] The Automattic\WooCommerce\Admin\API\Options::update_options function is deprecated since version 6.3.
[24-Dec-2024 10:19:00 UTC] PHP Warning:  plugins_api(): An unexpected error occurred. Something may be wrong with WordPress.org or this server&#8217;s configuration. If you continue to have problems, please try the <a href="https://wordpress.org/support/forums/">support forums</a>. (WordPress could not establish a secure connection to WordPress.org. Please contact your server administrator.) in /var/www/html/wp-includes/functions.php on line 6085
[24-Dec-2024 10:19:00 UTC] PHP Warning:  Cannot modify header information - headers already sent by (output started at /var/www/html/wp-includes/functions.php:6085) in /var/www/html/wp-admin/admin-header.php on line 9
[27-Dec-2024 20:53:36 UTC] PHP Warning:  Undefined variable $state in /var/www/html/wp-content/themes/rcdevelopers/page-dashboard.php on line 259
[27-Dec-2024 20:53:36 UTC] PHP Warning:  Undefined variable $city in /var/www/html/wp-content/themes/rcdevelopers/page-dashboard.php on line 265
[27-Dec-2024 20:53:36 UTC] PHP Warning:  Undefined variable $business_address in /var/www/html/wp-content/themes/rcdevelopers/page-dashboard.php on line 273
[27-Dec-2024 20:53:36 UTC] PHP Warning:  Undefined variable $residential_address in /var/www/html/wp-content/themes/rcdevelopers/page-dashboard.php on line 279
[27-Dec-2024 20:53:36 UTC] PHP Warning:  Undefined variable $aadhar_card in /var/www/html/wp-content/themes/rcdevelopers/page-dashboard.php on line 293
[27-Dec-2024 20:53:36 UTC] PHP Warning:  Undefined variable $pan_card in /var/www/html/wp-content/themes/rcdevelopers/page-dashboard.php on line 299
[27-Dec-2024 20:53:36 UTC] PHP Warning:  Undefined variable $bank_username in /var/www/html/wp-content/themes/rcdevelopers/page-dashboard.php on line 313
[27-Dec-2024 20:53:36 UTC] PHP Warning:  Undefined variable $bank_name in /var/www/html/wp-content/themes/rcdevelopers/page-dashboard.php on line 319
[27-Dec-2024 20:53:36 UTC] PHP Warning:  Undefined variable $branch_name in /var/www/html/wp-content/themes/rcdevelopers/page-dashboard.php on line 327
[27-Dec-2024 20:53:36 UTC] PHP Warning:  Undefined variable $account_number in /var/www/html/wp-content/themes/rcdevelopers/page-dashboard.php on line 333
[27-Dec-2024 20:53:37 UTC] PHP Warning:  Undefined variable $ifsc_code in /var/www/html/wp-content/themes/rcdevelopers/page-dashboard.php on line 341
[27-Dec-2024 20:53:37 UTC] PHP Warning:  Undefined variable $existing_business in /var/www/html/wp-content/themes/rcdevelopers/page-dashboard.php on line 355
[27-Dec-2024 20:53:37 UTC] PHP Warning:  Undefined variable $languages in /var/www/html/wp-content/themes/rcdevelopers/page-dashboard.php on line 361
[27-Dec-2024 20:53:37 UTC] PHP Warning:  Undefined variable $experience in /var/www/html/wp-content/themes/rcdevelopers/page-dashboard.php on line 369
[30-Dec-2024 09:42:30 UTC] PHP Warning:  Undefined array key -1 in /var/www/html/wp-content/themes/rcdevelopers/page-dashboard.php on line 315
[30-Dec-2024 09:42:48 UTC] PHP Warning:  Array to string conversion in /var/www/html/wp-content/themes/rcdevelopers/page-dashboard.php on line 315
[30-Dec-2024 09:43:36 UTC] PHP Notice:  Only variables should be passed by reference in /var/www/html/wp-content/themes/rcdevelopers/page-dashboard.php on line 315
[30-Dec-2024 09:44:53 UTC] PHP Notice:  Only variables should be passed by reference in /var/www/html/wp-content/themes/rcdevelopers/page-dashboard.php on line 38
[30-Dec-2024 09:45:45 UTC] PHP Notice:  Only variables should be passed by reference in /var/www/html/wp-content/themes/rcdevelopers/page-dashboard.php on line 38
[30-Dec-2024 09:45:45 UTC] PHP Notice:  Only variables should be passed by reference in /var/www/html/wp-content/themes/rcdevelopers/page-dashboard.php on line 40
[30-Dec-2024 09:48:43 UTC] PHP Notice:  Only variables should be passed by reference in /var/www/html/wp-content/themes/rcdevelopers/page-dashboard.php on line 38
[30-Dec-2024 09:48:43 UTC] PHP Notice:  Only variables should be passed by reference in /var/www/html/wp-content/themes/rcdevelopers/page-dashboard.php on line 40
[30-Dec-2024 09:49:19 UTC] PHP Notice:  Only variables should be passed by reference in /var/www/html/wp-content/themes/rcdevelopers/page-dashboard.php on line 38
[30-Dec-2024 09:49:19 UTC] PHP Notice:  Only variables should be passed by reference in /var/www/html/wp-content/themes/rcdevelopers/page-dashboard.php on line 40
[30-Dec-2024 10:16:19 UTC] PHP Notice:  Only variables should be passed by reference in /var/www/html/wp-content/themes/rcdevelopers/page-dashboard.php on line 38
[30-Dec-2024 10:16:19 UTC] PHP Notice:  Only variables should be passed by reference in /var/www/html/wp-content/themes/rcdevelopers/page-dashboard.php on line 40
[30-Dec-2024 10:17:08 UTC] PHP Notice:  Only variables should be passed by reference in /var/www/html/wp-content/themes/rcdevelopers/page-dashboard.php on line 38
[30-Dec-2024 10:17:08 UTC] PHP Notice:  Only variables should be passed by reference in /var/www/html/wp-content/themes/rcdevelopers/page-dashboard.php on line 40
[30-Dec-2024 10:18:29 UTC] PHP Notice:  Only variables should be passed by reference in /var/www/html/wp-content/themes/rcdevelopers/page-dashboard.php on line 38
[30-Dec-2024 10:18:29 UTC] PHP Notice:  Only variables should be passed by reference in /var/www/html/wp-content/themes/rcdevelopers/page-dashboard.php on line 40
[30-Dec-2024 10:21:21 UTC] PHP Notice:  Only variables should be passed by reference in /var/www/html/wp-content/themes/rcdevelopers/page-dashboard.php on line 38
[30-Dec-2024 10:21:21 UTC] PHP Notice:  Only variables should be passed by reference in /var/www/html/wp-content/themes/rcdevelopers/page-dashboard.php on line 40
[30-Dec-2024 10:21:53 UTC] PHP Notice:  Only variables should be passed by reference in /var/www/html/wp-content/themes/rcdevelopers/page-dashboard.php on line 38
[30-Dec-2024 10:21:53 UTC] PHP Notice:  Only variables should be passed by reference in /var/www/html/wp-content/themes/rcdevelopers/page-dashboard.php on line 40
[30-Dec-2024 10:24:47 UTC] PHP Notice:  Only variables should be passed by reference in /var/www/html/wp-content/themes/rcdevelopers/page-dashboard.php on line 38
[30-Dec-2024 10:24:47 UTC] PHP Notice:  Only variables should be passed by reference in /var/www/html/wp-content/themes/rcdevelopers/page-dashboard.php on line 40
[30-Dec-2024 10:32:05 UTC] PHP Notice:  Only variables should be passed by reference in /var/www/html/wp-content/themes/rcdevelopers/page-dashboard.php on line 37
[30-Dec-2024 10:32:05 UTC] PHP Notice:  Only variables should be passed by reference in /var/www/html/wp-content/themes/rcdevelopers/page-dashboard.php on line 39
[30-Dec-2024 10:32:05 UTC] PHP Notice:  Only variables should be passed by reference in /var/www/html/wp-content/themes/rcdevelopers/page-dashboard.php on line 41
[30-Dec-2024 10:33:23 UTC] PHP Notice:  Only variables should be passed by reference in /var/www/html/wp-content/themes/rcdevelopers/page-dashboard.php on line 37
[30-Dec-2024 10:33:23 UTC] PHP Notice:  Only variables should be passed by reference in /var/www/html/wp-content/themes/rcdevelopers/page-dashboard.php on line 39
[30-Dec-2024 10:33:23 UTC] PHP Notice:  Only variables should be passed by reference in /var/www/html/wp-content/themes/rcdevelopers/page-dashboard.php on line 41
[30-Dec-2024 10:34:03 UTC] PHP Notice:  Only variables should be passed by reference in /var/www/html/wp-content/themes/rcdevelopers/page-dashboard.php on line 37
[30-Dec-2024 10:34:03 UTC] PHP Notice:  Only variables should be passed by reference in /var/www/html/wp-content/themes/rcdevelopers/page-dashboard.php on line 39
[30-Dec-2024 10:34:03 UTC] PHP Notice:  Only variables should be passed by reference in /var/www/html/wp-content/themes/rcdevelopers/page-dashboard.php on line 41
[30-Dec-2024 10:34:27 UTC] PHP Notice:  Only variables should be passed by reference in /var/www/html/wp-content/themes/rcdevelopers/page-dashboard.php on line 37
[30-Dec-2024 10:34:27 UTC] PHP Notice:  Only variables should be passed by reference in /var/www/html/wp-content/themes/rcdevelopers/page-dashboard.php on line 39
[30-Dec-2024 10:34:27 UTC] PHP Notice:  Only variables should be passed by reference in /var/www/html/wp-content/themes/rcdevelopers/page-dashboard.php on line 41
[30-Dec-2024 10:44:58 UTC] PHP Notice:  Only variables should be passed by reference in /var/www/html/wp-content/themes/rcdevelopers/page-dashboard.php on line 37
[30-Dec-2024 10:44:58 UTC] PHP Notice:  Only variables should be passed by reference in /var/www/html/wp-content/themes/rcdevelopers/page-dashboard.php on line 39
[30-Dec-2024 10:44:58 UTC] PHP Notice:  Only variables should be passed by reference in /var/www/html/wp-content/themes/rcdevelopers/page-dashboard.php on line 41
[30-Dec-2024 10:45:20 UTC] PHP Notice:  Only variables should be passed by reference in /var/www/html/wp-content/themes/rcdevelopers/page-dashboard.php on line 37
[30-Dec-2024 10:45:20 UTC] PHP Notice:  Only variables should be passed by reference in /var/www/html/wp-content/themes/rcdevelopers/page-dashboard.php on line 39
[30-Dec-2024 10:45:20 UTC] PHP Notice:  Only variables should be passed by reference in /var/www/html/wp-content/themes/rcdevelopers/page-dashboard.php on line 41
[30-Dec-2024 10:46:18 UTC] PHP Notice:  Only variables should be passed by reference in /var/www/html/wp-content/themes/rcdevelopers/page-dashboard.php on line 37
[30-Dec-2024 10:46:18 UTC] PHP Notice:  Only variables should be passed by reference in /var/www/html/wp-content/themes/rcdevelopers/page-dashboard.php on line 39
[30-Dec-2024 10:46:18 UTC] PHP Notice:  Only variables should be passed by reference in /var/www/html/wp-content/themes/rcdevelopers/page-dashboard.php on line 41
[30-Dec-2024 11:26:01 UTC] PHP Notice:  Only variables should be passed by reference in /var/www/html/wp-content/themes/rcdevelopers/page-dashboard.php on line 37
[30-Dec-2024 11:26:01 UTC] PHP Notice:  Only variables should be passed by reference in /var/www/html/wp-content/themes/rcdevelopers/page-dashboard.php on line 39
[30-Dec-2024 11:26:01 UTC] PHP Notice:  Only variables should be passed by reference in /var/www/html/wp-content/themes/rcdevelopers/page-dashboard.php on line 41
[30-Dec-2024 11:27:03 UTC] PHP Notice:  Only variables should be passed by reference in /var/www/html/wp-content/themes/rcdevelopers/page-dashboard.php on line 37
[30-Dec-2024 11:27:03 UTC] PHP Notice:  Only variables should be passed by reference in /var/www/html/wp-content/themes/rcdevelopers/page-dashboard.php on line 39
[30-Dec-2024 11:27:03 UTC] PHP Notice:  Only variables should be passed by reference in /var/www/html/wp-content/themes/rcdevelopers/page-dashboard.php on line 41
[30-Dec-2024 11:27:44 UTC] PHP Notice:  Only variables should be passed by reference in /var/www/html/wp-content/themes/rcdevelopers/page-dashboard.php on line 37
[30-Dec-2024 11:27:44 UTC] PHP Notice:  Only variables should be passed by reference in /var/www/html/wp-content/themes/rcdevelopers/page-dashboard.php on line 39
[30-Dec-2024 11:27:44 UTC] PHP Notice:  Only variables should be passed by reference in /var/www/html/wp-content/themes/rcdevelopers/page-dashboard.php on line 41
[30-Dec-2024 11:33:55 UTC] PHP Notice:  Only variables should be passed by reference in /var/www/html/wp-content/themes/rcdevelopers/page-dashboard.php on line 37
[30-Dec-2024 11:33:55 UTC] PHP Notice:  Only variables should be passed by reference in /var/www/html/wp-content/themes/rcdevelopers/page-dashboard.php on line 39
[30-Dec-2024 11:33:55 UTC] PHP Notice:  Only variables should be passed by reference in /var/www/html/wp-content/themes/rcdevelopers/page-dashboard.php on line 41
[30-Dec-2024 11:34:56 UTC] PHP Notice:  Only variables should be passed by reference in /var/www/html/wp-content/themes/rcdevelopers/page-dashboard.php on line 37
[30-Dec-2024 11:34:56 UTC] PHP Notice:  Only variables should be passed by reference in /var/www/html/wp-content/themes/rcdevelopers/page-dashboard.php on line 39
[30-Dec-2024 11:34:56 UTC] PHP Notice:  Only variables should be passed by reference in /var/www/html/wp-content/themes/rcdevelopers/page-dashboard.php on line 41
[30-Dec-2024 11:43:27 UTC] PHP Notice:  Only variables should be passed by reference in /var/www/html/wp-content/themes/rcdevelopers/page-dashboard.php on line 37
[30-Dec-2024 11:43:27 UTC] PHP Notice:  Only variables should be passed by reference in /var/www/html/wp-content/themes/rcdevelopers/page-dashboard.php on line 39
[30-Dec-2024 11:43:27 UTC] PHP Notice:  Only variables should be passed by reference in /var/www/html/wp-content/themes/rcdevelopers/page-dashboard.php on line 41
[30-Dec-2024 11:44:01 UTC] PHP Notice:  Only variables should be passed by reference in /var/www/html/wp-content/themes/rcdevelopers/page-dashboard.php on line 37
[30-Dec-2024 11:44:01 UTC] PHP Notice:  Only variables should be passed by reference in /var/www/html/wp-content/themes/rcdevelopers/page-dashboard.php on line 39
[30-Dec-2024 11:44:01 UTC] PHP Notice:  Only variables should be passed by reference in /var/www/html/wp-content/themes/rcdevelopers/page-dashboard.php on line 41
[30-Dec-2024 11:44:15 UTC] PHP Notice:  Only variables should be passed by reference in /var/www/html/wp-content/themes/rcdevelopers/page-dashboard.php on line 37
[30-Dec-2024 11:44:15 UTC] PHP Notice:  Only variables should be passed by reference in /var/www/html/wp-content/themes/rcdevelopers/page-dashboard.php on line 39
[30-Dec-2024 11:44:15 UTC] PHP Notice:  Only variables should be passed by reference in /var/www/html/wp-content/themes/rcdevelopers/page-dashboard.php on line 41
[30-Dec-2024 11:45:33 UTC] PHP Notice:  Only variables should be passed by reference in /var/www/html/wp-content/themes/rcdevelopers/page-dashboard.php on line 37
[30-Dec-2024 11:45:33 UTC] PHP Notice:  Only variables should be passed by reference in /var/www/html/wp-content/themes/rcdevelopers/page-dashboard.php on line 39
[30-Dec-2024 11:45:33 UTC] PHP Notice:  Only variables should be passed by reference in /var/www/html/wp-content/themes/rcdevelopers/page-dashboard.php on line 41
[30-Dec-2024 11:46:34 UTC] PHP Notice:  Only variables should be passed by reference in /var/www/html/wp-content/themes/rcdevelopers/page-dashboard.php on line 37
[30-Dec-2024 11:46:34 UTC] PHP Notice:  Only variables should be passed by reference in /var/www/html/wp-content/themes/rcdevelopers/page-dashboard.php on line 39
[30-Dec-2024 11:46:34 UTC] PHP Notice:  Only variables should be passed by reference in /var/www/html/wp-content/themes/rcdevelopers/page-dashboard.php on line 41
[30-Dec-2024 11:47:16 UTC] PHP Notice:  Only variables should be passed by reference in /var/www/html/wp-content/themes/rcdevelopers/page-dashboard.php on line 37
[30-Dec-2024 11:47:16 UTC] PHP Notice:  Only variables should be passed by reference in /var/www/html/wp-content/themes/rcdevelopers/page-dashboard.php on line 39
[30-Dec-2024 11:47:16 UTC] PHP Notice:  Only variables should be passed by reference in /var/www/html/wp-content/themes/rcdevelopers/page-dashboard.php on line 41
[30-Dec-2024 11:48:46 UTC] PHP Notice:  Only variables should be passed by reference in /var/www/html/wp-content/themes/rcdevelopers/page-dashboard.php on line 37
[30-Dec-2024 11:48:46 UTC] PHP Notice:  Only variables should be passed by reference in /var/www/html/wp-content/themes/rcdevelopers/page-dashboard.php on line 39
[30-Dec-2024 11:48:46 UTC] PHP Notice:  Only variables should be passed by reference in /var/www/html/wp-content/themes/rcdevelopers/page-dashboard.php on line 41
[30-Dec-2024 11:49:09 UTC] PHP Notice:  Only variables should be passed by reference in /var/www/html/wp-content/themes/rcdevelopers/page-dashboard.php on line 37
[30-Dec-2024 11:49:09 UTC] PHP Notice:  Only variables should be passed by reference in /var/www/html/wp-content/themes/rcdevelopers/page-dashboard.php on line 39
[30-Dec-2024 11:49:09 UTC] PHP Notice:  Only variables should be passed by reference in /var/www/html/wp-content/themes/rcdevelopers/page-dashboard.php on line 41
[30-Dec-2024 11:50:06 UTC] PHP Notice:  Only variables should be passed by reference in /var/www/html/wp-content/themes/rcdevelopers/page-dashboard.php on line 37
[30-Dec-2024 11:50:06 UTC] PHP Notice:  Only variables should be passed by reference in /var/www/html/wp-content/themes/rcdevelopers/page-dashboard.php on line 39
[30-Dec-2024 11:50:06 UTC] PHP Notice:  Only variables should be passed by reference in /var/www/html/wp-content/themes/rcdevelopers/page-dashboard.php on line 41
[30-Dec-2024 11:50:27 UTC] PHP Notice:  Only variables should be passed by reference in /var/www/html/wp-content/themes/rcdevelopers/page-dashboard.php on line 37
[30-Dec-2024 11:50:27 UTC] PHP Notice:  Only variables should be passed by reference in /var/www/html/wp-content/themes/rcdevelopers/page-dashboard.php on line 39
[30-Dec-2024 11:50:27 UTC] PHP Notice:  Only variables should be passed by reference in /var/www/html/wp-content/themes/rcdevelopers/page-dashboard.php on line 41
[30-Dec-2024 11:50:49 UTC] PHP Notice:  Only variables should be passed by reference in /var/www/html/wp-content/themes/rcdevelopers/page-dashboard.php on line 37
[30-Dec-2024 11:50:49 UTC] PHP Notice:  Only variables should be passed by reference in /var/www/html/wp-content/themes/rcdevelopers/page-dashboard.php on line 39
[30-Dec-2024 11:50:49 UTC] PHP Notice:  Only variables should be passed by reference in /var/www/html/wp-content/themes/rcdevelopers/page-dashboard.php on line 41
[30-Dec-2024 11:57:49 UTC] PHP Notice:  Only variables should be passed by reference in /var/www/html/wp-content/themes/rcdevelopers/page-dashboard.php on line 37
[30-Dec-2024 11:57:49 UTC] PHP Notice:  Only variables should be passed by reference in /var/www/html/wp-content/themes/rcdevelopers/page-dashboard.php on line 39
[30-Dec-2024 11:57:49 UTC] PHP Notice:  Only variables should be passed by reference in /var/www/html/wp-content/themes/rcdevelopers/page-dashboard.php on line 41
[30-Dec-2024 11:58:41 UTC] PHP Notice:  Only variables should be passed by reference in /var/www/html/wp-content/themes/rcdevelopers/page-dashboard.php on line 37
[30-Dec-2024 11:58:41 UTC] PHP Notice:  Only variables should be passed by reference in /var/www/html/wp-content/themes/rcdevelopers/page-dashboard.php on line 39
[30-Dec-2024 11:58:41 UTC] PHP Notice:  Only variables should be passed by reference in /var/www/html/wp-content/themes/rcdevelopers/page-dashboard.php on line 41
[30-Dec-2024 11:59:23 UTC] PHP Notice:  Only variables should be passed by reference in /var/www/html/wp-content/themes/rcdevelopers/page-dashboard.php on line 37
[30-Dec-2024 11:59:23 UTC] PHP Notice:  Only variables should be passed by reference in /var/www/html/wp-content/themes/rcdevelopers/page-dashboard.php on line 39
[30-Dec-2024 11:59:23 UTC] PHP Notice:  Only variables should be passed by reference in /var/www/html/wp-content/themes/rcdevelopers/page-dashboard.php on line 41
[30-Dec-2024 11:59:52 UTC] PHP Notice:  Only variables should be passed by reference in /var/www/html/wp-content/themes/rcdevelopers/page-dashboard.php on line 37
[30-Dec-2024 11:59:52 UTC] PHP Notice:  Only variables should be passed by reference in /var/www/html/wp-content/themes/rcdevelopers/page-dashboard.php on line 39
[30-Dec-2024 11:59:52 UTC] PHP Notice:  Only variables should be passed by reference in /var/www/html/wp-content/themes/rcdevelopers/page-dashboard.php on line 41
[30-Dec-2024 12:00:43 UTC] PHP Notice:  Only variables should be passed by reference in /var/www/html/wp-content/themes/rcdevelopers/page-dashboard.php on line 37
[30-Dec-2024 12:00:43 UTC] PHP Notice:  Only variables should be passed by reference in /var/www/html/wp-content/themes/rcdevelopers/page-dashboard.php on line 39
[30-Dec-2024 12:00:43 UTC] PHP Notice:  Only variables should be passed by reference in /var/www/html/wp-content/themes/rcdevelopers/page-dashboard.php on line 41
[30-Dec-2024 12:01:41 UTC] PHP Notice:  Only variables should be passed by reference in /var/www/html/wp-content/themes/rcdevelopers/page-dashboard.php on line 37
[30-Dec-2024 12:01:41 UTC] PHP Notice:  Only variables should be passed by reference in /var/www/html/wp-content/themes/rcdevelopers/page-dashboard.php on line 39
[30-Dec-2024 12:01:41 UTC] PHP Notice:  Only variables should be passed by reference in /var/www/html/wp-content/themes/rcdevelopers/page-dashboard.php on line 41
[30-Dec-2024 12:02:43 UTC] PHP Notice:  Only variables should be passed by reference in /var/www/html/wp-content/themes/rcdevelopers/page-dashboard.php on line 37
[30-Dec-2024 12:02:43 UTC] PHP Notice:  Only variables should be passed by reference in /var/www/html/wp-content/themes/rcdevelopers/page-dashboard.php on line 39
[30-Dec-2024 12:02:43 UTC] PHP Notice:  Only variables should be passed by reference in /var/www/html/wp-content/themes/rcdevelopers/page-dashboard.php on line 41
[30-Dec-2024 12:04:38 UTC] PHP Notice:  Only variables should be passed by reference in /var/www/html/wp-content/themes/rcdevelopers/page-dashboard.php on line 37
[30-Dec-2024 12:04:38 UTC] PHP Notice:  Only variables should be passed by reference in /var/www/html/wp-content/themes/rcdevelopers/page-dashboard.php on line 39
[30-Dec-2024 12:04:38 UTC] PHP Notice:  Only variables should be passed by reference in /var/www/html/wp-content/themes/rcdevelopers/page-dashboard.php on line 41
[01-Jan-2025 08:44:59 UTC] PHP Notice:  Only variables should be passed by reference in /var/www/html/wp-content/themes/rcdevelopers/page-dashboard.php on line 37
[01-Jan-2025 08:44:59 UTC] PHP Notice:  Only variables should be passed by reference in /var/www/html/wp-content/themes/rcdevelopers/page-dashboard.php on line 39
[01-Jan-2025 08:44:59 UTC] PHP Notice:  Only variables should be passed by reference in /var/www/html/wp-content/themes/rcdevelopers/page-dashboard.php on line 41
[01-Jan-2025 11:09:36 UTC] PHP Notice:  Only variables should be passed by reference in /var/www/html/wp-content/themes/rcdevelopers/page-dashboard.php on line 37
[01-Jan-2025 11:09:36 UTC] PHP Notice:  Only variables should be passed by reference in /var/www/html/wp-content/themes/rcdevelopers/page-dashboard.php on line 39
[01-Jan-2025 11:09:36 UTC] PHP Notice:  Only variables should be passed by reference in /var/www/html/wp-content/themes/rcdevelopers/page-dashboard.php on line 41
[01-Jan-2025 11:47:49 UTC] PHP Deprecated:  Constant FILTER_SANITIZE_STRING is deprecated in /var/www/html/wp-content/plugins/tuxedo-big-file-uploads/classes/class-review-notice.php on line 445
[01-Jan-2025 11:49:58 UTC] BFU: Processing "chris-becker-jYYpTndzopI-unsplash.jpg" part 1 of 2 as /var/www/html/wp-content/bfu-temp/1-e9983f15a347f8592311f876049e7acc65a0c332.part. 0 B processed so far.
[01-Jan-2025 11:50:05 UTC] BFU: Processing "chris-becker-jYYpTndzopI-unsplash.jpg" part 2 of 2 as /var/www/html/wp-content/bfu-temp/1-e9983f15a347f8592311f876049e7acc65a0c332.part. 1.600 MB processed so far.
[01-Jan-2025 11:50:05 UTC] BFU: Completing "chris-becker-jYYpTndzopI-unsplash.jpg" upload with a 2.361 MB final size.
[01-Jan-2025 12:10:22 UTC] BFU: Processing "mister-paps-nwd7YaH9g_c-unsplash.jpg" part 1 of 7 as /var/www/html/wp-content/bfu-temp/1-5e36d8cc39003aca014ece89cd3848975b545b0a.part. 0 B processed so far.
[01-Jan-2025 12:10:30 UTC] BFU: Processing "mister-paps-nwd7YaH9g_c-unsplash.jpg" part 2 of 7 as /var/www/html/wp-content/bfu-temp/1-5e36d8cc39003aca014ece89cd3848975b545b0a.part. 1.600 MB processed so far.
[01-Jan-2025 12:10:33 UTC] BFU: Processing "mister-paps-nwd7YaH9g_c-unsplash.jpg" part 3 of 7 as /var/www/html/wp-content/bfu-temp/1-5e36d8cc39003aca014ece89cd3848975b545b0a.part. 3.200 MB processed so far.
[01-Jan-2025 12:10:41 UTC] BFU: Processing "mister-paps-nwd7YaH9g_c-unsplash.jpg" part 4 of 7 as /var/www/html/wp-content/bfu-temp/1-5e36d8cc39003aca014ece89cd3848975b545b0a.part. 4.800 MB processed so far.
[01-Jan-2025 12:10:48 UTC] BFU: Processing "mister-paps-nwd7YaH9g_c-unsplash.jpg" part 5 of 7 as /var/www/html/wp-content/bfu-temp/1-5e36d8cc39003aca014ece89cd3848975b545b0a.part. 6.400 MB processed so far.
[01-Jan-2025 12:10:55 UTC] BFU: Processing "mister-paps-nwd7YaH9g_c-unsplash.jpg" part 6 of 7 as /var/www/html/wp-content/bfu-temp/1-5e36d8cc39003aca014ece89cd3848975b545b0a.part. 8.000 MB processed so far.
[01-Jan-2025 12:11:02 UTC] BFU: Processing "mister-paps-nwd7YaH9g_c-unsplash.jpg" part 7 of 7 as /var/www/html/wp-content/bfu-temp/1-5e36d8cc39003aca014ece89cd3848975b545b0a.part. 9.600 MB processed so far.
[01-Jan-2025 12:11:02 UTC] BFU: Completing "mister-paps-nwd7YaH9g_c-unsplash.jpg" upload with a 11.139 MB final size.
[01-Jan-2025 12:19:31 UTC] BFU: Processing "thomas-brushel-4qy9HPEfN5w-unsplash.jpg" part 1 of 2 as /var/www/html/wp-content/bfu-temp/1-562d2580270451a3680f598b57b3b226454bbdeb.part. 0 B processed so far.
[01-Jan-2025 12:19:37 UTC] BFU: Processing "thomas-brushel-4qy9HPEfN5w-unsplash.jpg" part 2 of 2 as /var/www/html/wp-content/bfu-temp/1-562d2580270451a3680f598b57b3b226454bbdeb.part. 1.600 MB processed so far.
[01-Jan-2025 12:19:37 UTC] BFU: Completing "thomas-brushel-4qy9HPEfN5w-unsplash.jpg" upload with a 2.663 MB final size.
[01-Jan-2025 12:25:01 UTC] BFU: Processing "koto-ruan-bKPqF6xuSaE-unsplash.jpg" part 1 of 2 as /var/www/html/wp-content/bfu-temp/1-927d9c15dd526601421f6a48ce0f7e1b356b5b89.part. 0 B processed so far.
[01-Jan-2025 12:25:04 UTC] BFU: Processing "koto-ruan-bKPqF6xuSaE-unsplash.jpg" part 2 of 2 as /var/www/html/wp-content/bfu-temp/1-927d9c15dd526601421f6a48ce0f7e1b356b5b89.part. 1.600 MB processed so far.
[01-Jan-2025 12:25:04 UTC] BFU: Completing "koto-ruan-bKPqF6xuSaE-unsplash.jpg" upload with a 2.026 MB final size.
[01-Jan-2025 20:17:35 UTC] PHP Notice:  Only variables should be passed by reference in /var/www/html/wp-content/themes/rcdevelopers/page-dashboard.php on line 37
[01-Jan-2025 20:17:35 UTC] PHP Notice:  Only variables should be passed by reference in /var/www/html/wp-content/themes/rcdevelopers/page-dashboard.php on line 39
[01-Jan-2025 20:17:35 UTC] PHP Notice:  Only variables should be passed by reference in /var/www/html/wp-content/themes/rcdevelopers/page-dashboard.php on line 41
[02-Jan-2025 08:23:39 UTC] PHP Notice:  Only variables should be passed by reference in /var/www/html/wp-content/themes/rcdevelopers/page-dashboard.php on line 37
[02-Jan-2025 08:23:39 UTC] PHP Notice:  Only variables should be passed by reference in /var/www/html/wp-content/themes/rcdevelopers/page-dashboard.php on line 39
[02-Jan-2025 08:23:39 UTC] PHP Notice:  Only variables should be passed by reference in /var/www/html/wp-content/themes/rcdevelopers/page-dashboard.php on line 41
[02-Jan-2025 09:28:13 UTC] PHP Notice:  Only variables should be passed by reference in /var/www/html/wp-content/themes/rcdevelopers/page-dashboard.php on line 37
[02-Jan-2025 09:28:13 UTC] PHP Notice:  Only variables should be passed by reference in /var/www/html/wp-content/themes/rcdevelopers/page-dashboard.php on line 39
[02-Jan-2025 09:28:13 UTC] PHP Notice:  Only variables should be passed by reference in /var/www/html/wp-content/themes/rcdevelopers/page-dashboard.php on line 41
[02-Jan-2025 09:29:43 UTC] PHP Notice:  Only variables should be passed by reference in /var/www/html/wp-content/themes/rcdevelopers/page-dashboard.php on line 37
[02-Jan-2025 09:29:43 UTC] PHP Notice:  Only variables should be passed by reference in /var/www/html/wp-content/themes/rcdevelopers/page-dashboard.php on line 39
[02-Jan-2025 09:29:43 UTC] PHP Notice:  Only variables should be passed by reference in /var/www/html/wp-content/themes/rcdevelopers/page-dashboard.php on line 41
[02-Jan-2025 09:32:14 UTC] PHP Notice:  Only variables should be passed by reference in /var/www/html/wp-content/themes/rcdevelopers/page-dashboard.php on line 37
[02-Jan-2025 09:32:14 UTC] PHP Notice:  Only variables should be passed by reference in /var/www/html/wp-content/themes/rcdevelopers/page-dashboard.php on line 39
[02-Jan-2025 09:32:14 UTC] PHP Notice:  Only variables should be passed by reference in /var/www/html/wp-content/themes/rcdevelopers/page-dashboard.php on line 41
[02-Jan-2025 09:32:41 UTC] PHP Notice:  Only variables should be passed by reference in /var/www/html/wp-content/themes/rcdevelopers/page-dashboard.php on line 37
[02-Jan-2025 09:32:41 UTC] PHP Notice:  Only variables should be passed by reference in /var/www/html/wp-content/themes/rcdevelopers/page-dashboard.php on line 39
[02-Jan-2025 09:32:41 UTC] PHP Notice:  Only variables should be passed by reference in /var/www/html/wp-content/themes/rcdevelopers/page-dashboard.php on line 41
[02-Jan-2025 09:32:50 UTC] PHP Notice:  Only variables should be passed by reference in /var/www/html/wp-content/themes/rcdevelopers/page-dashboard.php on line 37
[02-Jan-2025 09:32:50 UTC] PHP Notice:  Only variables should be passed by reference in /var/www/html/wp-content/themes/rcdevelopers/page-dashboard.php on line 39
[02-Jan-2025 09:32:50 UTC] PHP Notice:  Only variables should be passed by reference in /var/www/html/wp-content/themes/rcdevelopers/page-dashboard.php on line 41
[02-Jan-2025 09:35:51 UTC] PHP Notice:  Only variables should be passed by reference in /var/www/html/wp-content/themes/rcdevelopers/page-dashboard.php on line 37
[02-Jan-2025 09:35:51 UTC] PHP Notice:  Only variables should be passed by reference in /var/www/html/wp-content/themes/rcdevelopers/page-dashboard.php on line 39
[02-Jan-2025 09:35:51 UTC] PHP Notice:  Only variables should be passed by reference in /var/www/html/wp-content/themes/rcdevelopers/page-dashboard.php on line 41
[02-Jan-2025 10:52:45 UTC] PHP Notice:  Only variables should be passed by reference in /var/www/html/wp-content/themes/rcdevelopers/page-dashboard.php on line 37
[02-Jan-2025 10:52:45 UTC] PHP Notice:  Only variables should be passed by reference in /var/www/html/wp-content/themes/rcdevelopers/page-dashboard.php on line 39
[02-Jan-2025 10:52:45 UTC] PHP Notice:  Only variables should be passed by reference in /var/www/html/wp-content/themes/rcdevelopers/page-dashboard.php on line 41
[02-Jan-2025 11:02:51 UTC] PHP Notice:  Only variables should be passed by reference in /var/www/html/wp-content/themes/rcdevelopers/page-dashboard.php on line 37
[02-Jan-2025 11:02:51 UTC] PHP Notice:  Only variables should be passed by reference in /var/www/html/wp-content/themes/rcdevelopers/page-dashboard.php on line 39
[02-Jan-2025 11:02:51 UTC] PHP Notice:  Only variables should be passed by reference in /var/www/html/wp-content/themes/rcdevelopers/page-dashboard.php on line 41
[02-Jan-2025 11:03:36 UTC] PHP Notice:  Only variables should be passed by reference in /var/www/html/wp-content/themes/rcdevelopers/page-dashboard.php on line 37
[02-Jan-2025 11:03:36 UTC] PHP Notice:  Only variables should be passed by reference in /var/www/html/wp-content/themes/rcdevelopers/page-dashboard.php on line 39
[02-Jan-2025 11:03:36 UTC] PHP Notice:  Only variables should be passed by reference in /var/www/html/wp-content/themes/rcdevelopers/page-dashboard.php on line 41
[02-Jan-2025 11:06:32 UTC] PHP Notice:  Only variables should be passed by reference in /var/www/html/wp-content/themes/rcdevelopers/page-dashboard.php on line 37
[02-Jan-2025 11:06:32 UTC] PHP Notice:  Only variables should be passed by reference in /var/www/html/wp-content/themes/rcdevelopers/page-dashboard.php on line 39
[02-Jan-2025 11:06:32 UTC] PHP Notice:  Only variables should be passed by reference in /var/www/html/wp-content/themes/rcdevelopers/page-dashboard.php on line 41
[02-Jan-2025 11:15:03 UTC] PHP Notice:  Only variables should be passed by reference in /var/www/html/wp-content/themes/rcdevelopers/page-dashboard.php on line 37
[02-Jan-2025 11:15:03 UTC] PHP Notice:  Only variables should be passed by reference in /var/www/html/wp-content/themes/rcdevelopers/page-dashboard.php on line 39
[02-Jan-2025 11:15:03 UTC] PHP Notice:  Only variables should be passed by reference in /var/www/html/wp-content/themes/rcdevelopers/page-dashboard.php on line 41
[02-Jan-2025 11:15:40 UTC] PHP Notice:  Only variables should be passed by reference in /var/www/html/wp-content/themes/rcdevelopers/page-dashboard.php on line 37
[02-Jan-2025 11:15:40 UTC] PHP Notice:  Only variables should be passed by reference in /var/www/html/wp-content/themes/rcdevelopers/page-dashboard.php on line 39
[02-Jan-2025 11:15:40 UTC] PHP Notice:  Only variables should be passed by reference in /var/www/html/wp-content/themes/rcdevelopers/page-dashboard.php on line 41
[02-Jan-2025 11:16:03 UTC] PHP Notice:  Only variables should be passed by reference in /var/www/html/wp-content/themes/rcdevelopers/page-dashboard.php on line 37
[02-Jan-2025 11:16:03 UTC] PHP Notice:  Only variables should be passed by reference in /var/www/html/wp-content/themes/rcdevelopers/page-dashboard.php on line 39
[02-Jan-2025 11:16:03 UTC] PHP Notice:  Only variables should be passed by reference in /var/www/html/wp-content/themes/rcdevelopers/page-dashboard.php on line 41
[02-Jan-2025 11:16:23 UTC] PHP Notice:  Only variables should be passed by reference in /var/www/html/wp-content/themes/rcdevelopers/page-dashboard.php on line 37
[02-Jan-2025 11:16:23 UTC] PHP Notice:  Only variables should be passed by reference in /var/www/html/wp-content/themes/rcdevelopers/page-dashboard.php on line 39
[02-Jan-2025 11:16:23 UTC] PHP Notice:  Only variables should be passed by reference in /var/www/html/wp-content/themes/rcdevelopers/page-dashboard.php on line 41
[02-Jan-2025 11:17:13 UTC] PHP Notice:  Only variables should be passed by reference in /var/www/html/wp-content/themes/rcdevelopers/page-dashboard.php on line 37
[02-Jan-2025 11:17:13 UTC] PHP Notice:  Only variables should be passed by reference in /var/www/html/wp-content/themes/rcdevelopers/page-dashboard.php on line 39
[02-Jan-2025 11:17:13 UTC] PHP Notice:  Only variables should be passed by reference in /var/www/html/wp-content/themes/rcdevelopers/page-dashboard.php on line 41
[02-Jan-2025 11:17:34 UTC] PHP Notice:  Only variables should be passed by reference in /var/www/html/wp-content/themes/rcdevelopers/page-dashboard.php on line 37
[02-Jan-2025 11:17:34 UTC] PHP Notice:  Only variables should be passed by reference in /var/www/html/wp-content/themes/rcdevelopers/page-dashboard.php on line 39
[02-Jan-2025 11:17:34 UTC] PHP Notice:  Only variables should be passed by reference in /var/www/html/wp-content/themes/rcdevelopers/page-dashboard.php on line 41
[02-Jan-2025 11:17:53 UTC] PHP Notice:  Only variables should be passed by reference in /var/www/html/wp-content/themes/rcdevelopers/page-dashboard.php on line 37
[02-Jan-2025 11:17:53 UTC] PHP Notice:  Only variables should be passed by reference in /var/www/html/wp-content/themes/rcdevelopers/page-dashboard.php on line 39
[02-Jan-2025 11:17:53 UTC] PHP Notice:  Only variables should be passed by reference in /var/www/html/wp-content/themes/rcdevelopers/page-dashboard.php on line 41
[02-Jan-2025 11:18:27 UTC] PHP Notice:  Only variables should be passed by reference in /var/www/html/wp-content/themes/rcdevelopers/page-dashboard.php on line 37
[02-Jan-2025 11:18:27 UTC] PHP Notice:  Only variables should be passed by reference in /var/www/html/wp-content/themes/rcdevelopers/page-dashboard.php on line 39
[02-Jan-2025 11:18:27 UTC] PHP Notice:  Only variables should be passed by reference in /var/www/html/wp-content/themes/rcdevelopers/page-dashboard.php on line 41
[02-Jan-2025 11:19:34 UTC] PHP Notice:  Only variables should be passed by reference in /var/www/html/wp-content/themes/rcdevelopers/page-dashboard.php on line 37
[02-Jan-2025 11:19:34 UTC] PHP Notice:  Only variables should be passed by reference in /var/www/html/wp-content/themes/rcdevelopers/page-dashboard.php on line 39
[02-Jan-2025 11:19:34 UTC] PHP Notice:  Only variables should be passed by reference in /var/www/html/wp-content/themes/rcdevelopers/page-dashboard.php on line 41
[02-Jan-2025 11:22:44 UTC] PHP Notice:  Only variables should be passed by reference in /var/www/html/wp-content/themes/rcdevelopers/page-dashboard.php on line 37
[02-Jan-2025 11:22:44 UTC] PHP Notice:  Only variables should be passed by reference in /var/www/html/wp-content/themes/rcdevelopers/page-dashboard.php on line 39
[02-Jan-2025 11:22:44 UTC] PHP Notice:  Only variables should be passed by reference in /var/www/html/wp-content/themes/rcdevelopers/page-dashboard.php on line 41
[02-Jan-2025 11:23:23 UTC] PHP Notice:  Only variables should be passed by reference in /var/www/html/wp-content/themes/rcdevelopers/page-dashboard.php on line 37
[02-Jan-2025 11:23:23 UTC] PHP Notice:  Only variables should be passed by reference in /var/www/html/wp-content/themes/rcdevelopers/page-dashboard.php on line 39
[02-Jan-2025 11:23:23 UTC] PHP Notice:  Only variables should be passed by reference in /var/www/html/wp-content/themes/rcdevelopers/page-dashboard.php on line 41
[02-Jan-2025 11:25:39 UTC] PHP Notice:  Only variables should be passed by reference in /var/www/html/wp-content/themes/rcdevelopers/page-dashboard.php on line 37
[02-Jan-2025 11:25:39 UTC] PHP Notice:  Only variables should be passed by reference in /var/www/html/wp-content/themes/rcdevelopers/page-dashboard.php on line 39
[02-Jan-2025 11:25:39 UTC] PHP Notice:  Only variables should be passed by reference in /var/www/html/wp-content/themes/rcdevelopers/page-dashboard.php on line 41
[02-Jan-2025 11:25:59 UTC] PHP Notice:  Only variables should be passed by reference in /var/www/html/wp-content/themes/rcdevelopers/page-dashboard.php on line 37
[02-Jan-2025 11:25:59 UTC] PHP Notice:  Only variables should be passed by reference in /var/www/html/wp-content/themes/rcdevelopers/page-dashboard.php on line 39
[02-Jan-2025 11:25:59 UTC] PHP Notice:  Only variables should be passed by reference in /var/www/html/wp-content/themes/rcdevelopers/page-dashboard.php on line 41
[02-Jan-2025 11:26:28 UTC] PHP Notice:  Only variables should be passed by reference in /var/www/html/wp-content/themes/rcdevelopers/page-dashboard.php on line 37
[02-Jan-2025 11:26:28 UTC] PHP Notice:  Only variables should be passed by reference in /var/www/html/wp-content/themes/rcdevelopers/page-dashboard.php on line 39
[02-Jan-2025 11:26:28 UTC] PHP Notice:  Only variables should be passed by reference in /var/www/html/wp-content/themes/rcdevelopers/page-dashboard.php on line 41
[02-Jan-2025 11:27:29 UTC] PHP Notice:  Only variables should be passed by reference in /var/www/html/wp-content/themes/rcdevelopers/page-dashboard.php on line 37
[02-Jan-2025 11:27:29 UTC] PHP Notice:  Only variables should be passed by reference in /var/www/html/wp-content/themes/rcdevelopers/page-dashboard.php on line 39
[02-Jan-2025 11:27:29 UTC] PHP Notice:  Only variables should be passed by reference in /var/www/html/wp-content/themes/rcdevelopers/page-dashboard.php on line 41
[02-Jan-2025 11:28:09 UTC] PHP Notice:  Only variables should be passed by reference in /var/www/html/wp-content/themes/rcdevelopers/page-dashboard.php on line 37
[02-Jan-2025 11:28:09 UTC] PHP Notice:  Only variables should be passed by reference in /var/www/html/wp-content/themes/rcdevelopers/page-dashboard.php on line 39
[02-Jan-2025 11:28:09 UTC] PHP Notice:  Only variables should be passed by reference in /var/www/html/wp-content/themes/rcdevelopers/page-dashboard.php on line 41
[02-Jan-2025 11:28:21 UTC] PHP Notice:  Only variables should be passed by reference in /var/www/html/wp-content/themes/rcdevelopers/page-dashboard.php on line 37
[02-Jan-2025 11:28:21 UTC] PHP Notice:  Only variables should be passed by reference in /var/www/html/wp-content/themes/rcdevelopers/page-dashboard.php on line 39
[02-Jan-2025 11:28:21 UTC] PHP Notice:  Only variables should be passed by reference in /var/www/html/wp-content/themes/rcdevelopers/page-dashboard.php on line 41
[02-Jan-2025 11:29:19 UTC] PHP Notice:  Only variables should be passed by reference in /var/www/html/wp-content/themes/rcdevelopers/page-dashboard.php on line 37
[02-Jan-2025 11:29:19 UTC] PHP Notice:  Only variables should be passed by reference in /var/www/html/wp-content/themes/rcdevelopers/page-dashboard.php on line 39
[02-Jan-2025 11:29:19 UTC] PHP Notice:  Only variables should be passed by reference in /var/www/html/wp-content/themes/rcdevelopers/page-dashboard.php on line 41
[02-Jan-2025 11:30:05 UTC] PHP Notice:  Only variables should be passed by reference in /var/www/html/wp-content/themes/rcdevelopers/page-dashboard.php on line 37
[02-Jan-2025 11:30:05 UTC] PHP Notice:  Only variables should be passed by reference in /var/www/html/wp-content/themes/rcdevelopers/page-dashboard.php on line 39
[02-Jan-2025 11:30:05 UTC] PHP Notice:  Only variables should be passed by reference in /var/www/html/wp-content/themes/rcdevelopers/page-dashboard.php on line 41
[02-Jan-2025 11:30:38 UTC] PHP Notice:  Only variables should be passed by reference in /var/www/html/wp-content/themes/rcdevelopers/page-dashboard.php on line 37
[02-Jan-2025 11:30:38 UTC] PHP Notice:  Only variables should be passed by reference in /var/www/html/wp-content/themes/rcdevelopers/page-dashboard.php on line 39
[02-Jan-2025 11:30:38 UTC] PHP Notice:  Only variables should be passed by reference in /var/www/html/wp-content/themes/rcdevelopers/page-dashboard.php on line 41
[02-Jan-2025 11:31:13 UTC] PHP Notice:  Only variables should be passed by reference in /var/www/html/wp-content/themes/rcdevelopers/page-dashboard.php on line 37
[02-Jan-2025 11:31:13 UTC] PHP Notice:  Only variables should be passed by reference in /var/www/html/wp-content/themes/rcdevelopers/page-dashboard.php on line 39
[02-Jan-2025 11:31:13 UTC] PHP Notice:  Only variables should be passed by reference in /var/www/html/wp-content/themes/rcdevelopers/page-dashboard.php on line 41
[02-Jan-2025 11:31:37 UTC] PHP Notice:  Only variables should be passed by reference in /var/www/html/wp-content/themes/rcdevelopers/page-dashboard.php on line 37
[02-Jan-2025 11:31:37 UTC] PHP Notice:  Only variables should be passed by reference in /var/www/html/wp-content/themes/rcdevelopers/page-dashboard.php on line 39
[02-Jan-2025 11:31:37 UTC] PHP Notice:  Only variables should be passed by reference in /var/www/html/wp-content/themes/rcdevelopers/page-dashboard.php on line 41
[02-Jan-2025 11:32:03 UTC] PHP Notice:  Only variables should be passed by reference in /var/www/html/wp-content/themes/rcdevelopers/page-dashboard.php on line 37
[02-Jan-2025 11:32:03 UTC] PHP Notice:  Only variables should be passed by reference in /var/www/html/wp-content/themes/rcdevelopers/page-dashboard.php on line 39
[02-Jan-2025 11:32:03 UTC] PHP Notice:  Only variables should be passed by reference in /var/www/html/wp-content/themes/rcdevelopers/page-dashboard.php on line 41
[02-Jan-2025 11:32:39 UTC] PHP Notice:  Only variables should be passed by reference in /var/www/html/wp-content/themes/rcdevelopers/page-dashboard.php on line 37
[02-Jan-2025 11:32:39 UTC] PHP Notice:  Only variables should be passed by reference in /var/www/html/wp-content/themes/rcdevelopers/page-dashboard.php on line 39
[02-Jan-2025 11:32:39 UTC] PHP Notice:  Only variables should be passed by reference in /var/www/html/wp-content/themes/rcdevelopers/page-dashboard.php on line 41
[02-Jan-2025 11:32:58 UTC] PHP Notice:  Only variables should be passed by reference in /var/www/html/wp-content/themes/rcdevelopers/page-dashboard.php on line 37
[02-Jan-2025 11:32:58 UTC] PHP Notice:  Only variables should be passed by reference in /var/www/html/wp-content/themes/rcdevelopers/page-dashboard.php on line 39
[02-Jan-2025 11:32:58 UTC] PHP Notice:  Only variables should be passed by reference in /var/www/html/wp-content/themes/rcdevelopers/page-dashboard.php on line 41
[02-Jan-2025 11:38:51 UTC] PHP Notice:  Only variables should be passed by reference in /var/www/html/wp-content/themes/rcdevelopers/page-dashboard.php on line 37
[02-Jan-2025 11:38:51 UTC] PHP Notice:  Only variables should be passed by reference in /var/www/html/wp-content/themes/rcdevelopers/page-dashboard.php on line 39
[02-Jan-2025 11:38:51 UTC] PHP Notice:  Only variables should be passed by reference in /var/www/html/wp-content/themes/rcdevelopers/page-dashboard.php on line 41
[02-Jan-2025 11:42:06 UTC] PHP Notice:  Only variables should be passed by reference in /var/www/html/wp-content/themes/rcdevelopers/page-dashboard.php on line 37
[02-Jan-2025 11:42:06 UTC] PHP Notice:  Only variables should be passed by reference in /var/www/html/wp-content/themes/rcdevelopers/page-dashboard.php on line 39
[02-Jan-2025 11:42:06 UTC] PHP Notice:  Only variables should be passed by reference in /var/www/html/wp-content/themes/rcdevelopers/page-dashboard.php on line 41
[02-Jan-2025 11:42:47 UTC] PHP Notice:  Only variables should be passed by reference in /var/www/html/wp-content/themes/rcdevelopers/page-dashboard.php on line 37
[02-Jan-2025 11:42:47 UTC] PHP Notice:  Only variables should be passed by reference in /var/www/html/wp-content/themes/rcdevelopers/page-dashboard.php on line 39
[02-Jan-2025 11:42:47 UTC] PHP Notice:  Only variables should be passed by reference in /var/www/html/wp-content/themes/rcdevelopers/page-dashboard.php on line 41
[02-Jan-2025 11:43:18 UTC] PHP Notice:  Only variables should be passed by reference in /var/www/html/wp-content/themes/rcdevelopers/page-dashboard.php on line 37
[02-Jan-2025 11:43:18 UTC] PHP Notice:  Only variables should be passed by reference in /var/www/html/wp-content/themes/rcdevelopers/page-dashboard.php on line 39
[02-Jan-2025 11:43:18 UTC] PHP Notice:  Only variables should be passed by reference in /var/www/html/wp-content/themes/rcdevelopers/page-dashboard.php on line 41
[02-Jan-2025 11:44:31 UTC] PHP Notice:  Only variables should be passed by reference in /var/www/html/wp-content/themes/rcdevelopers/page-dashboard.php on line 37
[02-Jan-2025 11:44:31 UTC] PHP Notice:  Only variables should be passed by reference in /var/www/html/wp-content/themes/rcdevelopers/page-dashboard.php on line 39
[02-Jan-2025 11:44:31 UTC] PHP Notice:  Only variables should be passed by reference in /var/www/html/wp-content/themes/rcdevelopers/page-dashboard.php on line 41
[02-Jan-2025 11:48:24 UTC] PHP Notice:  Only variables should be passed by reference in /var/www/html/wp-content/themes/rcdevelopers/page-dashboard.php on line 37
[02-Jan-2025 11:48:24 UTC] PHP Notice:  Only variables should be passed by reference in /var/www/html/wp-content/themes/rcdevelopers/page-dashboard.php on line 39
[02-Jan-2025 11:48:24 UTC] PHP Notice:  Only variables should be passed by reference in /var/www/html/wp-content/themes/rcdevelopers/page-dashboard.php on line 41
[02-Jan-2025 11:49:43 UTC] PHP Notice:  Only variables should be passed by reference in /var/www/html/wp-content/themes/rcdevelopers/page-dashboard.php on line 37
[02-Jan-2025 11:49:44 UTC] PHP Notice:  Only variables should be passed by reference in /var/www/html/wp-content/themes/rcdevelopers/page-dashboard.php on line 39
[02-Jan-2025 11:49:44 UTC] PHP Notice:  Only variables should be passed by reference in /var/www/html/wp-content/themes/rcdevelopers/page-dashboard.php on line 41
[02-Jan-2025 11:50:31 UTC] PHP Notice:  Only variables should be passed by reference in /var/www/html/wp-content/themes/rcdevelopers/page-dashboard.php on line 37
[02-Jan-2025 11:50:31 UTC] PHP Notice:  Only variables should be passed by reference in /var/www/html/wp-content/themes/rcdevelopers/page-dashboard.php on line 39
[02-Jan-2025 11:50:31 UTC] PHP Notice:  Only variables should be passed by reference in /var/www/html/wp-content/themes/rcdevelopers/page-dashboard.php on line 41
[02-Jan-2025 11:51:01 UTC] PHP Notice:  Only variables should be passed by reference in /var/www/html/wp-content/themes/rcdevelopers/page-dashboard.php on line 37
[02-Jan-2025 11:51:01 UTC] PHP Notice:  Only variables should be passed by reference in /var/www/html/wp-content/themes/rcdevelopers/page-dashboard.php on line 39
[02-Jan-2025 11:51:01 UTC] PHP Notice:  Only variables should be passed by reference in /var/www/html/wp-content/themes/rcdevelopers/page-dashboard.php on line 41
[02-Jan-2025 11:51:49 UTC] PHP Notice:  Only variables should be passed by reference in /var/www/html/wp-content/themes/rcdevelopers/page-dashboard.php on line 37
[02-Jan-2025 11:51:49 UTC] PHP Notice:  Only variables should be passed by reference in /var/www/html/wp-content/themes/rcdevelopers/page-dashboard.php on line 39
[02-Jan-2025 11:51:49 UTC] PHP Notice:  Only variables should be passed by reference in /var/www/html/wp-content/themes/rcdevelopers/page-dashboard.php on line 41
[02-Jan-2025 11:52:12 UTC] PHP Notice:  Only variables should be passed by reference in /var/www/html/wp-content/themes/rcdevelopers/page-dashboard.php on line 37
[02-Jan-2025 11:52:12 UTC] PHP Notice:  Only variables should be passed by reference in /var/www/html/wp-content/themes/rcdevelopers/page-dashboard.php on line 39
[02-Jan-2025 11:52:12 UTC] PHP Notice:  Only variables should be passed by reference in /var/www/html/wp-content/themes/rcdevelopers/page-dashboard.php on line 41
[02-Jan-2025 11:52:41 UTC] PHP Notice:  Only variables should be passed by reference in /var/www/html/wp-content/themes/rcdevelopers/page-dashboard.php on line 37
[02-Jan-2025 11:52:41 UTC] PHP Notice:  Only variables should be passed by reference in /var/www/html/wp-content/themes/rcdevelopers/page-dashboard.php on line 39
[02-Jan-2025 11:52:41 UTC] PHP Notice:  Only variables should be passed by reference in /var/www/html/wp-content/themes/rcdevelopers/page-dashboard.php on line 41
[02-Jan-2025 11:55:28 UTC] PHP Notice:  Only variables should be passed by reference in /var/www/html/wp-content/themes/rcdevelopers/page-dashboard.php on line 37
[02-Jan-2025 11:55:28 UTC] PHP Notice:  Only variables should be passed by reference in /var/www/html/wp-content/themes/rcdevelopers/page-dashboard.php on line 39
[02-Jan-2025 11:55:28 UTC] PHP Notice:  Only variables should be passed by reference in /var/www/html/wp-content/themes/rcdevelopers/page-dashboard.php on line 41
[02-Jan-2025 11:56:05 UTC] PHP Notice:  Only variables should be passed by reference in /var/www/html/wp-content/themes/rcdevelopers/page-dashboard.php on line 37
[02-Jan-2025 11:56:05 UTC] PHP Notice:  Only variables should be passed by reference in /var/www/html/wp-content/themes/rcdevelopers/page-dashboard.php on line 39
[02-Jan-2025 11:56:05 UTC] PHP Notice:  Only variables should be passed by reference in /var/www/html/wp-content/themes/rcdevelopers/page-dashboard.php on line 41
[02-Jan-2025 11:57:10 UTC] PHP Notice:  Only variables should be passed by reference in /var/www/html/wp-content/themes/rcdevelopers/page-dashboard.php on line 37
[02-Jan-2025 11:57:10 UTC] PHP Notice:  Only variables should be passed by reference in /var/www/html/wp-content/themes/rcdevelopers/page-dashboard.php on line 39
[02-Jan-2025 11:57:10 UTC] PHP Notice:  Only variables should be passed by reference in /var/www/html/wp-content/themes/rcdevelopers/page-dashboard.php on line 41
[02-Jan-2025 11:58:13 UTC] PHP Notice:  Only variables should be passed by reference in /var/www/html/wp-content/themes/rcdevelopers/page-dashboard.php on line 37
[02-Jan-2025 11:58:13 UTC] PHP Notice:  Only variables should be passed by reference in /var/www/html/wp-content/themes/rcdevelopers/page-dashboard.php on line 39
[02-Jan-2025 11:58:13 UTC] PHP Notice:  Only variables should be passed by reference in /var/www/html/wp-content/themes/rcdevelopers/page-dashboard.php on line 41
[02-Jan-2025 11:58:36 UTC] PHP Notice:  Only variables should be passed by reference in /var/www/html/wp-content/themes/rcdevelopers/page-dashboard.php on line 37
[02-Jan-2025 11:58:36 UTC] PHP Notice:  Only variables should be passed by reference in /var/www/html/wp-content/themes/rcdevelopers/page-dashboard.php on line 39
[02-Jan-2025 11:58:36 UTC] PHP Notice:  Only variables should be passed by reference in /var/www/html/wp-content/themes/rcdevelopers/page-dashboard.php on line 41
[02-Jan-2025 12:05:20 UTC] PHP Notice:  Only variables should be passed by reference in /var/www/html/wp-content/themes/rcdevelopers/page-dashboard.php on line 37
[02-Jan-2025 12:05:20 UTC] PHP Notice:  Only variables should be passed by reference in /var/www/html/wp-content/themes/rcdevelopers/page-dashboard.php on line 39
[02-Jan-2025 12:05:20 UTC] PHP Notice:  Only variables should be passed by reference in /var/www/html/wp-content/themes/rcdevelopers/page-dashboard.php on line 41
[02-Jan-2025 12:05:59 UTC] PHP Notice:  Only variables should be passed by reference in /var/www/html/wp-content/themes/rcdevelopers/page-dashboard.php on line 37
[02-Jan-2025 12:05:59 UTC] PHP Notice:  Only variables should be passed by reference in /var/www/html/wp-content/themes/rcdevelopers/page-dashboard.php on line 39
[02-Jan-2025 12:05:59 UTC] PHP Notice:  Only variables should be passed by reference in /var/www/html/wp-content/themes/rcdevelopers/page-dashboard.php on line 41
[02-Jan-2025 12:06:39 UTC] PHP Notice:  Only variables should be passed by reference in /var/www/html/wp-content/themes/rcdevelopers/page-dashboard.php on line 37
[02-Jan-2025 12:06:39 UTC] PHP Notice:  Only variables should be passed by reference in /var/www/html/wp-content/themes/rcdevelopers/page-dashboard.php on line 39
[02-Jan-2025 12:06:39 UTC] PHP Notice:  Only variables should be passed by reference in /var/www/html/wp-content/themes/rcdevelopers/page-dashboard.php on line 41
[02-Jan-2025 12:06:59 UTC] PHP Notice:  Only variables should be passed by reference in /var/www/html/wp-content/themes/rcdevelopers/page-dashboard.php on line 37
[02-Jan-2025 12:06:59 UTC] PHP Notice:  Only variables should be passed by reference in /var/www/html/wp-content/themes/rcdevelopers/page-dashboard.php on line 39
[02-Jan-2025 12:06:59 UTC] PHP Notice:  Only variables should be passed by reference in /var/www/html/wp-content/themes/rcdevelopers/page-dashboard.php on line 41
[02-Jan-2025 12:07:13 UTC] PHP Notice:  Only variables should be passed by reference in /var/www/html/wp-content/themes/rcdevelopers/page-dashboard.php on line 37
[02-Jan-2025 12:07:13 UTC] PHP Notice:  Only variables should be passed by reference in /var/www/html/wp-content/themes/rcdevelopers/page-dashboard.php on line 39
[02-Jan-2025 12:07:13 UTC] PHP Notice:  Only variables should be passed by reference in /var/www/html/wp-content/themes/rcdevelopers/page-dashboard.php on line 41
[02-Jan-2025 12:07:24 UTC] PHP Notice:  Only variables should be passed by reference in /var/www/html/wp-content/themes/rcdevelopers/page-dashboard.php on line 37
[02-Jan-2025 12:07:24 UTC] PHP Notice:  Only variables should be passed by reference in /var/www/html/wp-content/themes/rcdevelopers/page-dashboard.php on line 39
[02-Jan-2025 12:07:24 UTC] PHP Notice:  Only variables should be passed by reference in /var/www/html/wp-content/themes/rcdevelopers/page-dashboard.php on line 41
[02-Jan-2025 12:08:59 UTC] PHP Notice:  Only variables should be passed by reference in /var/www/html/wp-content/themes/rcdevelopers/page-dashboard.php on line 37
[02-Jan-2025 12:08:59 UTC] PHP Notice:  Only variables should be passed by reference in /var/www/html/wp-content/themes/rcdevelopers/page-dashboard.php on line 39
[02-Jan-2025 12:08:59 UTC] PHP Notice:  Only variables should be passed by reference in /var/www/html/wp-content/themes/rcdevelopers/page-dashboard.php on line 41
[02-Jan-2025 20:35:37 UTC] PHP Notice:  Only variables should be passed by reference in /var/www/html/wp-content/themes/rcdevelopers/page-dashboard.php on line 37
[02-Jan-2025 20:35:37 UTC] PHP Notice:  Only variables should be passed by reference in /var/www/html/wp-content/themes/rcdevelopers/page-dashboard.php on line 39
[02-Jan-2025 20:35:37 UTC] PHP Notice:  Only variables should be passed by reference in /var/www/html/wp-content/themes/rcdevelopers/page-dashboard.php on line 41
[02-Jan-2025 20:40:44 UTC] PHP Notice:  Only variables should be passed by reference in /var/www/html/wp-content/themes/rcdevelopers/page-dashboard.php on line 37
[02-Jan-2025 20:40:44 UTC] PHP Notice:  Only variables should be passed by reference in /var/www/html/wp-content/themes/rcdevelopers/page-dashboard.php on line 39
[02-Jan-2025 20:40:44 UTC] PHP Notice:  Only variables should be passed by reference in /var/www/html/wp-content/themes/rcdevelopers/page-dashboard.php on line 41
[02-Jan-2025 20:41:56 UTC] PHP Notice:  Only variables should be passed by reference in /var/www/html/wp-content/themes/rcdevelopers/page-dashboard.php on line 37
[02-Jan-2025 20:41:56 UTC] PHP Notice:  Only variables should be passed by reference in /var/www/html/wp-content/themes/rcdevelopers/page-dashboard.php on line 39
[02-Jan-2025 20:41:56 UTC] PHP Notice:  Only variables should be passed by reference in /var/www/html/wp-content/themes/rcdevelopers/page-dashboard.php on line 41
[02-Jan-2025 20:42:39 UTC] PHP Notice:  Only variables should be passed by reference in /var/www/html/wp-content/themes/rcdevelopers/page-dashboard.php on line 37
[02-Jan-2025 20:42:39 UTC] PHP Notice:  Only variables should be passed by reference in /var/www/html/wp-content/themes/rcdevelopers/page-dashboard.php on line 39
[02-Jan-2025 20:42:39 UTC] PHP Notice:  Only variables should be passed by reference in /var/www/html/wp-content/themes/rcdevelopers/page-dashboard.php on line 41
[02-Jan-2025 20:44:27 UTC] PHP Notice:  Only variables should be passed by reference in /var/www/html/wp-content/themes/rcdevelopers/page-dashboard.php on line 37
[02-Jan-2025 20:44:27 UTC] PHP Notice:  Only variables should be passed by reference in /var/www/html/wp-content/themes/rcdevelopers/page-dashboard.php on line 39
[02-Jan-2025 20:44:27 UTC] PHP Notice:  Only variables should be passed by reference in /var/www/html/wp-content/themes/rcdevelopers/page-dashboard.php on line 41
[03-Jan-2025 09:19:33 UTC] PHP Warning:  Array to string conversion in /var/www/html/wp-content/themes/rcdevelopers/page-dashboard.php on line 556
[03-Jan-2025 09:31:42 UTC] PHP Warning:  Array to string conversion in /var/www/html/wp-content/themes/rcdevelopers/page-dashboard.php on line 556
[03-Jan-2025 09:32:27 UTC] PHP Warning:  Array to string conversion in /var/www/html/wp-content/themes/rcdevelopers/page-dashboard.php on line 556
[03-Jan-2025 09:33:30 UTC] PHP Warning:  Array to string conversion in /var/www/html/wp-content/themes/rcdevelopers/page-dashboard.php on line 556
[03-Jan-2025 09:33:34 UTC] PHP Warning:  Array to string conversion in /var/www/html/wp-content/themes/rcdevelopers/page-dashboard.php on line 556
[03-Jan-2025 09:35:09 UTC] PHP Warning:  Array to string conversion in /var/www/html/wp-content/themes/rcdevelopers/page-dashboard.php on line 556
[03-Jan-2025 09:35:40 UTC] PHP Warning:  Array to string conversion in /var/www/html/wp-content/themes/rcdevelopers/page-dashboard.php on line 556
[03-Jan-2025 11:24:57 UTC] PHP Notice:  Only variables should be passed by reference in /var/www/html/wp-content/themes/rcdevelopers/page-dashboard.php on line 37
[03-Jan-2025 11:24:57 UTC] PHP Notice:  Only variables should be passed by reference in /var/www/html/wp-content/themes/rcdevelopers/page-dashboard.php on line 39
[03-Jan-2025 11:24:57 UTC] PHP Notice:  Only variables should be passed by reference in /var/www/html/wp-content/themes/rcdevelopers/page-dashboard.php on line 41
[03-Jan-2025 11:29:16 UTC] PHP Notice:  Only variables should be passed by reference in /var/www/html/wp-content/themes/rcdevelopers/page-dashboard.php on line 37
[03-Jan-2025 11:29:17 UTC] PHP Notice:  Only variables should be passed by reference in /var/www/html/wp-content/themes/rcdevelopers/page-dashboard.php on line 39
[03-Jan-2025 11:29:17 UTC] PHP Notice:  Only variables should be passed by reference in /var/www/html/wp-content/themes/rcdevelopers/page-dashboard.php on line 41
[04-Jan-2025 08:44:13 UTC] PHP Deprecated:  Creation of dynamic property TenWebNewLibConfig::$plugin_wd_docs_link is deprecated in /var/www/html/wp-content/plugins/photo-gallery/wd/config.php on line 82
[04-Jan-2025 08:44:14 UTC] PHP Deprecated:  strpos(): Passing null to parameter #1 ($haystack) of type string is deprecated in /var/www/html/wp-includes/functions.php on line 7300
[04-Jan-2025 08:44:14 UTC] PHP Deprecated:  str_replace(): Passing null to parameter #3 ($subject) of type array|string is deprecated in /var/www/html/wp-includes/functions.php on line 2189
[04-Jan-2025 08:44:14 UTC] PHP Deprecated:  strpos(): Passing null to parameter #1 ($haystack) of type string is deprecated in /var/www/html/wp-includes/functions.php on line 7300
[04-Jan-2025 08:44:14 UTC] PHP Deprecated:  str_replace(): Passing null to parameter #3 ($subject) of type array|string is deprecated in /var/www/html/wp-includes/functions.php on line 2189
[04-Jan-2025 08:44:38 UTC] PHP Deprecated:  Creation of dynamic property TenWebNewLibConfig::$plugin_wd_docs_link is deprecated in /var/www/html/wp-content/plugins/photo-gallery/wd/config.php on line 82
[04-Jan-2025 08:44:39 UTC] PHP Deprecated:  strpos(): Passing null to parameter #1 ($haystack) of type string is deprecated in /var/www/html/wp-includes/functions.php on line 7300
[04-Jan-2025 08:44:39 UTC] PHP Deprecated:  str_replace(): Passing null to parameter #3 ($subject) of type array|string is deprecated in /var/www/html/wp-includes/functions.php on line 2189
[04-Jan-2025 08:44:39 UTC] PHP Deprecated:  strpos(): Passing null to parameter #1 ($haystack) of type string is deprecated in /var/www/html/wp-includes/functions.php on line 7300
[04-Jan-2025 08:44:39 UTC] PHP Deprecated:  str_replace(): Passing null to parameter #3 ($subject) of type array|string is deprecated in /var/www/html/wp-includes/functions.php on line 2189
[04-Jan-2025 08:45:16 UTC] PHP Deprecated:  Creation of dynamic property TenWebNewLibConfig::$plugin_wd_docs_link is deprecated in /var/www/html/wp-content/plugins/photo-gallery/wd/config.php on line 82
[04-Jan-2025 08:45:18 UTC] PHP Deprecated:  strpos(): Passing null to parameter #1 ($haystack) of type string is deprecated in /var/www/html/wp-includes/functions.php on line 7300
[04-Jan-2025 08:45:18 UTC] PHP Deprecated:  str_replace(): Passing null to parameter #3 ($subject) of type array|string is deprecated in /var/www/html/wp-includes/functions.php on line 2189
[04-Jan-2025 08:45:18 UTC] PHP Deprecated:  strpos(): Passing null to parameter #1 ($haystack) of type string is deprecated in /var/www/html/wp-includes/functions.php on line 7300
[04-Jan-2025 08:45:18 UTC] PHP Deprecated:  str_replace(): Passing null to parameter #3 ($subject) of type array|string is deprecated in /var/www/html/wp-includes/functions.php on line 2189
[04-Jan-2025 08:45:23 UTC] PHP Deprecated:  Creation of dynamic property TenWebNewLibConfig::$plugin_wd_docs_link is deprecated in /var/www/html/wp-content/plugins/photo-gallery/wd/config.php on line 82
[04-Jan-2025 08:45:24 UTC] PHP Deprecated:  strpos(): Passing null to parameter #1 ($haystack) of type string is deprecated in /var/www/html/wp-includes/functions.php on line 7300
[04-Jan-2025 08:45:24 UTC] PHP Deprecated:  str_replace(): Passing null to parameter #3 ($subject) of type array|string is deprecated in /var/www/html/wp-includes/functions.php on line 2189
[04-Jan-2025 08:45:24 UTC] PHP Deprecated:  strpos(): Passing null to parameter #1 ($haystack) of type string is deprecated in /var/www/html/wp-includes/functions.php on line 7300
[04-Jan-2025 08:45:24 UTC] PHP Deprecated:  str_replace(): Passing null to parameter #3 ($subject) of type array|string is deprecated in /var/www/html/wp-includes/functions.php on line 2189
[04-Jan-2025 08:45:30 UTC] PHP Deprecated:  Creation of dynamic property TenWebNewLibConfig::$plugin_wd_docs_link is deprecated in /var/www/html/wp-content/plugins/photo-gallery/wd/config.php on line 82
[04-Jan-2025 08:45:51 UTC] PHP Deprecated:  Creation of dynamic property TenWebNewLibConfig::$plugin_wd_docs_link is deprecated in /var/www/html/wp-content/plugins/photo-gallery/wd/config.php on line 82
[04-Jan-2025 08:45:53 UTC] PHP Warning:  copy(/var/www/html/wp-content/uploads/photo-gallery/imported_from_media_libray/thumb/koto-ruan-bKPqF6xuSaE-unsplash-scaled.jpg): Failed to open stream: No such file or directory in /var/www/html/wp-content/plugins/photo-gallery/filemanager/UploadHandler.php on line 644
[04-Jan-2025 08:45:57 UTC] PHP Deprecated:  Creation of dynamic property TenWebNewLibConfig::$plugin_wd_docs_link is deprecated in /var/www/html/wp-content/plugins/photo-gallery/wd/config.php on line 82
[04-Jan-2025 08:45:57 UTC] PHP Deprecated:  strpos(): Passing null to parameter #1 ($haystack) of type string is deprecated in /var/www/html/wp-includes/functions.php on line 7300
[04-Jan-2025 08:45:57 UTC] PHP Deprecated:  str_replace(): Passing null to parameter #3 ($subject) of type array|string is deprecated in /var/www/html/wp-includes/functions.php on line 2189
[04-Jan-2025 08:45:57 UTC] PHP Deprecated:  strpos(): Passing null to parameter #1 ($haystack) of type string is deprecated in /var/www/html/wp-includes/functions.php on line 7300
[04-Jan-2025 08:45:57 UTC] PHP Deprecated:  str_replace(): Passing null to parameter #3 ($subject) of type array|string is deprecated in /var/www/html/wp-includes/functions.php on line 2189
[04-Jan-2025 08:46:22 UTC] PHP Deprecated:  Creation of dynamic property TenWebNewLibConfig::$plugin_wd_docs_link is deprecated in /var/www/html/wp-content/plugins/photo-gallery/wd/config.php on line 82
[04-Jan-2025 08:46:22 UTC] PHP Deprecated:  Creation of dynamic property TenWebNewLibConfig::$plugin_wd_docs_link is deprecated in /var/www/html/wp-content/plugins/photo-gallery/wd/config.php on line 82
[04-Jan-2025 08:46:31 UTC] PHP Deprecated:  Creation of dynamic property TenWebNewLibConfig::$plugin_wd_docs_link is deprecated in /var/www/html/wp-content/plugins/photo-gallery/wd/config.php on line 82
[04-Jan-2025 08:46:36 UTC] PHP Deprecated:  Creation of dynamic property TenWebNewLibConfig::$plugin_wd_docs_link is deprecated in /var/www/html/wp-content/plugins/photo-gallery/wd/config.php on line 82
[04-Jan-2025 08:46:37 UTC] PHP Deprecated:  strpos(): Passing null to parameter #1 ($haystack) of type string is deprecated in /var/www/html/wp-includes/functions.php on line 7300
[04-Jan-2025 08:46:37 UTC] PHP Deprecated:  str_replace(): Passing null to parameter #3 ($subject) of type array|string is deprecated in /var/www/html/wp-includes/functions.php on line 2189
[04-Jan-2025 08:46:37 UTC] PHP Deprecated:  strpos(): Passing null to parameter #1 ($haystack) of type string is deprecated in /var/www/html/wp-includes/functions.php on line 7300
[04-Jan-2025 08:46:37 UTC] PHP Deprecated:  str_replace(): Passing null to parameter #3 ($subject) of type array|string is deprecated in /var/www/html/wp-includes/functions.php on line 2189
[04-Jan-2025 08:47:21 UTC] PHP Deprecated:  Creation of dynamic property TenWebNewLibConfig::$plugin_wd_docs_link is deprecated in /var/www/html/wp-content/plugins/photo-gallery/wd/config.php on line 82
[04-Jan-2025 08:47:21 UTC] PHP Deprecated:  Creation of dynamic property TenWebNewLibConfig::$plugin_wd_docs_link is deprecated in /var/www/html/wp-content/plugins/photo-gallery/wd/config.php on line 82
[04-Jan-2025 08:47:22 UTC] PHP Deprecated:  strpos(): Passing null to parameter #1 ($haystack) of type string is deprecated in /var/www/html/wp-includes/functions.php on line 7300
[04-Jan-2025 08:47:22 UTC] PHP Deprecated:  str_replace(): Passing null to parameter #3 ($subject) of type array|string is deprecated in /var/www/html/wp-includes/functions.php on line 2189
[04-Jan-2025 08:47:22 UTC] PHP Deprecated:  strpos(): Passing null to parameter #1 ($haystack) of type string is deprecated in /var/www/html/wp-includes/functions.php on line 7300
[04-Jan-2025 08:47:22 UTC] PHP Deprecated:  str_replace(): Passing null to parameter #3 ($subject) of type array|string is deprecated in /var/www/html/wp-includes/functions.php on line 2189
[04-Jan-2025 08:47:23 UTC] PHP Deprecated:  Automatic conversion of false to array is deprecated in /var/www/html/wp-content/plugins/photo-gallery/framework/WDWLibrary.php on line 3371
[04-Jan-2025 08:48:24 UTC] PHP Deprecated:  Creation of dynamic property TenWebNewLibConfig::$plugin_wd_docs_link is deprecated in /var/www/html/wp-content/plugins/photo-gallery/wd/config.php on line 82
[04-Jan-2025 08:49:24 UTC] PHP Deprecated:  Creation of dynamic property TenWebNewLibConfig::$plugin_wd_docs_link is deprecated in /var/www/html/wp-content/plugins/photo-gallery/wd/config.php on line 82
[04-Jan-2025 08:50:24 UTC] PHP Deprecated:  Creation of dynamic property TenWebNewLibConfig::$plugin_wd_docs_link is deprecated in /var/www/html/wp-content/plugins/photo-gallery/wd/config.php on line 82
[04-Jan-2025 08:51:24 UTC] PHP Deprecated:  Creation of dynamic property TenWebNewLibConfig::$plugin_wd_docs_link is deprecated in /var/www/html/wp-content/plugins/photo-gallery/wd/config.php on line 82
[04-Jan-2025 08:52:26 UTC] PHP Deprecated:  Creation of dynamic property TenWebNewLibConfig::$plugin_wd_docs_link is deprecated in /var/www/html/wp-content/plugins/photo-gallery/wd/config.php on line 82
[04-Jan-2025 08:53:24 UTC] PHP Deprecated:  Creation of dynamic property TenWebNewLibConfig::$plugin_wd_docs_link is deprecated in /var/www/html/wp-content/plugins/photo-gallery/wd/config.php on line 82
[04-Jan-2025 08:54:24 UTC] PHP Deprecated:  Creation of dynamic property TenWebNewLibConfig::$plugin_wd_docs_link is deprecated in /var/www/html/wp-content/plugins/photo-gallery/wd/config.php on line 82
[04-Jan-2025 08:55:24 UTC] PHP Deprecated:  Creation of dynamic property TenWebNewLibConfig::$plugin_wd_docs_link is deprecated in /var/www/html/wp-content/plugins/photo-gallery/wd/config.php on line 82
[04-Jan-2025 08:56:25 UTC] PHP Deprecated:  Creation of dynamic property TenWebNewLibConfig::$plugin_wd_docs_link is deprecated in /var/www/html/wp-content/plugins/photo-gallery/wd/config.php on line 82
[04-Jan-2025 08:57:24 UTC] PHP Deprecated:  Creation of dynamic property TenWebNewLibConfig::$plugin_wd_docs_link is deprecated in /var/www/html/wp-content/plugins/photo-gallery/wd/config.php on line 82
[04-Jan-2025 08:58:24 UTC] PHP Deprecated:  Creation of dynamic property TenWebNewLibConfig::$plugin_wd_docs_link is deprecated in /var/www/html/wp-content/plugins/photo-gallery/wd/config.php on line 82
[04-Jan-2025 08:59:24 UTC] PHP Deprecated:  Creation of dynamic property TenWebNewLibConfig::$plugin_wd_docs_link is deprecated in /var/www/html/wp-content/plugins/photo-gallery/wd/config.php on line 82
[04-Jan-2025 09:00:24 UTC] PHP Deprecated:  Creation of dynamic property TenWebNewLibConfig::$plugin_wd_docs_link is deprecated in /var/www/html/wp-content/plugins/photo-gallery/wd/config.php on line 82
[04-Jan-2025 09:01:24 UTC] PHP Deprecated:  Creation of dynamic property TenWebNewLibConfig::$plugin_wd_docs_link is deprecated in /var/www/html/wp-content/plugins/photo-gallery/wd/config.php on line 82
[04-Jan-2025 09:02:24 UTC] PHP Deprecated:  Creation of dynamic property TenWebNewLibConfig::$plugin_wd_docs_link is deprecated in /var/www/html/wp-content/plugins/photo-gallery/wd/config.php on line 82
[04-Jan-2025 09:03:24 UTC] PHP Deprecated:  Creation of dynamic property TenWebNewLibConfig::$plugin_wd_docs_link is deprecated in /var/www/html/wp-content/plugins/photo-gallery/wd/config.php on line 82
[04-Jan-2025 09:04:24 UTC] PHP Deprecated:  Creation of dynamic property TenWebNewLibConfig::$plugin_wd_docs_link is deprecated in /var/www/html/wp-content/plugins/photo-gallery/wd/config.php on line 82
[04-Jan-2025 09:05:24 UTC] PHP Deprecated:  Creation of dynamic property TenWebNewLibConfig::$plugin_wd_docs_link is deprecated in /var/www/html/wp-content/plugins/photo-gallery/wd/config.php on line 82
[04-Jan-2025 09:06:24 UTC] PHP Deprecated:  Creation of dynamic property TenWebNewLibConfig::$plugin_wd_docs_link is deprecated in /var/www/html/wp-content/plugins/photo-gallery/wd/config.php on line 82
[04-Jan-2025 09:07:24 UTC] PHP Deprecated:  Creation of dynamic property TenWebNewLibConfig::$plugin_wd_docs_link is deprecated in /var/www/html/wp-content/plugins/photo-gallery/wd/config.php on line 82
[04-Jan-2025 09:08:24 UTC] PHP Deprecated:  Creation of dynamic property TenWebNewLibConfig::$plugin_wd_docs_link is deprecated in /var/www/html/wp-content/plugins/photo-gallery/wd/config.php on line 82
[04-Jan-2025 09:09:24 UTC] PHP Deprecated:  Creation of dynamic property TenWebNewLibConfig::$plugin_wd_docs_link is deprecated in /var/www/html/wp-content/plugins/photo-gallery/wd/config.php on line 82
[04-Jan-2025 09:10:24 UTC] PHP Deprecated:  Creation of dynamic property TenWebNewLibConfig::$plugin_wd_docs_link is deprecated in /var/www/html/wp-content/plugins/photo-gallery/wd/config.php on line 82
[04-Jan-2025 09:11:24 UTC] PHP Deprecated:  Creation of dynamic property TenWebNewLibConfig::$plugin_wd_docs_link is deprecated in /var/www/html/wp-content/plugins/photo-gallery/wd/config.php on line 82
[04-Jan-2025 09:12:24 UTC] PHP Deprecated:  Creation of dynamic property TenWebNewLibConfig::$plugin_wd_docs_link is deprecated in /var/www/html/wp-content/plugins/photo-gallery/wd/config.php on line 82
[04-Jan-2025 09:13:24 UTC] PHP Deprecated:  Creation of dynamic property TenWebNewLibConfig::$plugin_wd_docs_link is deprecated in /var/www/html/wp-content/plugins/photo-gallery/wd/config.php on line 82
[04-Jan-2025 09:14:24 UTC] PHP Deprecated:  Creation of dynamic property TenWebNewLibConfig::$plugin_wd_docs_link is deprecated in /var/www/html/wp-content/plugins/photo-gallery/wd/config.php on line 82
[04-Jan-2025 09:15:24 UTC] PHP Deprecated:  Creation of dynamic property TenWebNewLibConfig::$plugin_wd_docs_link is deprecated in /var/www/html/wp-content/plugins/photo-gallery/wd/config.php on line 82
[04-Jan-2025 09:16:24 UTC] PHP Deprecated:  Creation of dynamic property TenWebNewLibConfig::$plugin_wd_docs_link is deprecated in /var/www/html/wp-content/plugins/photo-gallery/wd/config.php on line 82
[04-Jan-2025 09:17:24 UTC] PHP Deprecated:  Creation of dynamic property TenWebNewLibConfig::$plugin_wd_docs_link is deprecated in /var/www/html/wp-content/plugins/photo-gallery/wd/config.php on line 82
[04-Jan-2025 09:17:41 UTC] PHP Deprecated:  Creation of dynamic property TenWebNewLibConfig::$plugin_wd_docs_link is deprecated in /var/www/html/wp-content/plugins/photo-gallery/wd/config.php on line 82
[04-Jan-2025 09:17:42 UTC] PHP Deprecated:  strpos(): Passing null to parameter #1 ($haystack) of type string is deprecated in /var/www/html/wp-includes/functions.php on line 7300
[04-Jan-2025 09:17:42 UTC] PHP Deprecated:  str_replace(): Passing null to parameter #3 ($subject) of type array|string is deprecated in /var/www/html/wp-includes/functions.php on line 2189
[04-Jan-2025 09:17:42 UTC] PHP Deprecated:  strpos(): Passing null to parameter #1 ($haystack) of type string is deprecated in /var/www/html/wp-includes/functions.php on line 7300
[04-Jan-2025 09:17:42 UTC] PHP Deprecated:  str_replace(): Passing null to parameter #3 ($subject) of type array|string is deprecated in /var/www/html/wp-includes/functions.php on line 2189
[04-Jan-2025 09:17:47 UTC] PHP Deprecated:  Creation of dynamic property TenWebNewLibConfig::$plugin_wd_docs_link is deprecated in /var/www/html/wp-content/plugins/photo-gallery/wd/config.php on line 82
[04-Jan-2025 09:17:48 UTC] PHP Deprecated:  strpos(): Passing null to parameter #1 ($haystack) of type string is deprecated in /var/www/html/wp-includes/functions.php on line 7300
[04-Jan-2025 09:17:48 UTC] PHP Deprecated:  str_replace(): Passing null to parameter #3 ($subject) of type array|string is deprecated in /var/www/html/wp-includes/functions.php on line 2189
[04-Jan-2025 09:17:48 UTC] PHP Deprecated:  strpos(): Passing null to parameter #1 ($haystack) of type string is deprecated in /var/www/html/wp-includes/functions.php on line 7300
[04-Jan-2025 09:17:48 UTC] PHP Deprecated:  str_replace(): Passing null to parameter #3 ($subject) of type array|string is deprecated in /var/www/html/wp-includes/functions.php on line 2189
[04-Jan-2025 09:18:48 UTC] PHP Deprecated:  Creation of dynamic property TenWebNewLibConfig::$plugin_wd_docs_link is deprecated in /var/www/html/wp-content/plugins/photo-gallery/wd/config.php on line 82
[04-Jan-2025 09:19:32 UTC] PHP Deprecated:  Creation of dynamic property TenWebNewLibConfig::$plugin_wd_docs_link is deprecated in /var/www/html/wp-content/plugins/photo-gallery/wd/config.php on line 82
[04-Jan-2025 09:19:32 UTC] PHP Deprecated:  Creation of dynamic property TenWebNewLibConfig::$plugin_wd_docs_link is deprecated in /var/www/html/wp-content/plugins/photo-gallery/wd/config.php on line 82
[04-Jan-2025 09:19:33 UTC] PHP Deprecated:  strpos(): Passing null to parameter #1 ($haystack) of type string is deprecated in /var/www/html/wp-includes/functions.php on line 7300
[04-Jan-2025 09:19:33 UTC] PHP Deprecated:  strpos(): Passing null to parameter #1 ($haystack) of type string is deprecated in /var/www/html/wp-includes/functions.php on line 7300
[04-Jan-2025 09:19:33 UTC] PHP Deprecated:  str_replace(): Passing null to parameter #3 ($subject) of type array|string is deprecated in /var/www/html/wp-includes/functions.php on line 2189
[04-Jan-2025 09:19:33 UTC] PHP Deprecated:  str_replace(): Passing null to parameter #3 ($subject) of type array|string is deprecated in /var/www/html/wp-includes/functions.php on line 2189
[04-Jan-2025 09:19:33 UTC] PHP Deprecated:  strpos(): Passing null to parameter #1 ($haystack) of type string is deprecated in /var/www/html/wp-includes/functions.php on line 7300
[04-Jan-2025 09:19:33 UTC] PHP Deprecated:  strpos(): Passing null to parameter #1 ($haystack) of type string is deprecated in /var/www/html/wp-includes/functions.php on line 7300
[04-Jan-2025 09:19:33 UTC] PHP Deprecated:  str_replace(): Passing null to parameter #3 ($subject) of type array|string is deprecated in /var/www/html/wp-includes/functions.php on line 2189
[04-Jan-2025 09:19:33 UTC] PHP Deprecated:  str_replace(): Passing null to parameter #3 ($subject) of type array|string is deprecated in /var/www/html/wp-includes/functions.php on line 2189
[04-Jan-2025 09:20:38 UTC] PHP Deprecated:  Creation of dynamic property TenWebNewLibConfig::$plugin_wd_docs_link is deprecated in /var/www/html/wp-content/plugins/photo-gallery/wd/config.php on line 82
[04-Jan-2025 09:21:38 UTC] PHP Deprecated:  Creation of dynamic property TenWebNewLibConfig::$plugin_wd_docs_link is deprecated in /var/www/html/wp-content/plugins/photo-gallery/wd/config.php on line 82
[04-Jan-2025 09:22:40 UTC] PHP Deprecated:  Creation of dynamic property TenWebNewLibConfig::$plugin_wd_docs_link is deprecated in /var/www/html/wp-content/plugins/photo-gallery/wd/config.php on line 82
[04-Jan-2025 09:23:39 UTC] PHP Deprecated:  Creation of dynamic property TenWebNewLibConfig::$plugin_wd_docs_link is deprecated in /var/www/html/wp-content/plugins/photo-gallery/wd/config.php on line 82
[04-Jan-2025 09:24:36 UTC] PHP Deprecated:  Creation of dynamic property TenWebNewLibConfig::$plugin_wd_docs_link is deprecated in /var/www/html/wp-content/plugins/photo-gallery/wd/config.php on line 82
[04-Jan-2025 09:24:36 UTC] PHP Deprecated:  Creation of dynamic property TenWebNewLibConfig::$plugin_wd_docs_link is deprecated in /var/www/html/wp-content/plugins/photo-gallery/wd/config.php on line 82
[04-Jan-2025 09:24:37 UTC] PHP Deprecated:  strpos(): Passing null to parameter #1 ($haystack) of type string is deprecated in /var/www/html/wp-includes/functions.php on line 7300
[04-Jan-2025 09:24:37 UTC] PHP Deprecated:  str_replace(): Passing null to parameter #3 ($subject) of type array|string is deprecated in /var/www/html/wp-includes/functions.php on line 2189
[04-Jan-2025 09:24:37 UTC] PHP Deprecated:  strpos(): Passing null to parameter #1 ($haystack) of type string is deprecated in /var/www/html/wp-includes/functions.php on line 7300
[04-Jan-2025 09:24:37 UTC] PHP Deprecated:  str_replace(): Passing null to parameter #3 ($subject) of type array|string is deprecated in /var/www/html/wp-includes/functions.php on line 2189
[08-Jan-2025 07:44:40 UTC] PHP Fatal error:  Uncaught TypeError: Unsupported operand types: string + string in /var/www/html/wp-content/themes/rcdevelopers/page-dashboard.php:119
Stack trace:
#0 /var/www/html/wp-includes/template-loader.php(106): include()
#1 /var/www/html/wp-blog-header.php(19): require_once('/var/www/html/w...')
#2 /var/www/html/index.php(17): require('/var/www/html/w...')
#3 {main}
  thrown in /var/www/html/wp-content/themes/rcdevelopers/page-dashboard.php on line 119
[08-Jan-2025 07:46:25 UTC] PHP Fatal error:  Uncaught DivisionByZeroError: Division by zero in /var/www/html/wp-content/themes/rcdevelopers/page-dashboard.php:461
Stack trace:
#0 /var/www/html/wp-includes/template-loader.php(106): include()
#1 /var/www/html/wp-blog-header.php(19): require_once('/var/www/html/w...')
#2 /var/www/html/index.php(17): require('/var/www/html/w...')
#3 {main}
  thrown in /var/www/html/wp-content/themes/rcdevelopers/page-dashboard.php on line 461
[08-Jan-2025 07:46:47 UTC] PHP Fatal error:  Uncaught DivisionByZeroError: Division by zero in /var/www/html/wp-content/themes/rcdevelopers/page-dashboard.php:461
Stack trace:
#0 /var/www/html/wp-includes/template-loader.php(106): include()
#1 /var/www/html/wp-blog-header.php(19): require_once('/var/www/html/w...')
#2 /var/www/html/index.php(17): require('/var/www/html/w...')
#3 {main}
  thrown in /var/www/html/wp-content/themes/rcdevelopers/page-dashboard.php on line 461
[08-Jan-2025 07:49:00 UTC] PHP Fatal error:  Uncaught DivisionByZeroError: Division by zero in /var/www/html/wp-content/themes/rcdevelopers/page-dashboard.php:461
Stack trace:
#0 /var/www/html/wp-includes/template-loader.php(106): include()
#1 /var/www/html/wp-blog-header.php(19): require_once('/var/www/html/w...')
#2 /var/www/html/index.php(17): require('/var/www/html/w...')
#3 {main}
  thrown in /var/www/html/wp-content/themes/rcdevelopers/page-dashboard.php on line 461
[08-Jan-2025 07:52:38 UTC] PHP Fatal error:  Uncaught DivisionByZeroError: Division by zero in /var/www/html/wp-content/themes/rcdevelopers/page-dashboard.php:499
Stack trace:
#0 /var/www/html/wp-includes/template-loader.php(106): include()
#1 /var/www/html/wp-blog-header.php(19): require_once('/var/www/html/w...')
#2 /var/www/html/index.php(17): require('/var/www/html/w...')
#3 {main}
  thrown in /var/www/html/wp-content/themes/rcdevelopers/page-dashboard.php on line 499
[08-Jan-2025 07:53:18 UTC] PHP Fatal error:  Uncaught DivisionByZeroError: Division by zero in /var/www/html/wp-content/themes/rcdevelopers/page-dashboard.php:499
Stack trace:
#0 /var/www/html/wp-includes/template-loader.php(106): include()
#1 /var/www/html/wp-blog-header.php(19): require_once('/var/www/html/w...')
#2 /var/www/html/index.php(17): require('/var/www/html/w...')
#3 {main}
  thrown in /var/www/html/wp-content/themes/rcdevelopers/page-dashboard.php on line 499
[08-Jan-2025 08:01:50 UTC] PHP Fatal error:  Uncaught DivisionByZeroError: Division by zero in /var/www/html/wp-content/themes/rcdevelopers/page-dashboard.php:500
Stack trace:
#0 /var/www/html/wp-includes/template-loader.php(106): include()
#1 /var/www/html/wp-blog-header.php(19): require_once('/var/www/html/w...')
#2 /var/www/html/index.php(17): require('/var/www/html/w...')
#3 {main}
  thrown in /var/www/html/wp-content/themes/rcdevelopers/page-dashboard.php on line 500
[10-Jan-2025 10:40:46 UTC] PHP Notice:  Only variables should be passed by reference in /var/www/html/wp-content/themes/rcdevelopers/page-dashboard.php on line 38
[10-Jan-2025 10:40:46 UTC] PHP Notice:  Only variables should be passed by reference in /var/www/html/wp-content/themes/rcdevelopers/page-dashboard.php on line 44
[10-Jan-2025 10:40:46 UTC] PHP Notice:  Only variables should be passed by reference in /var/www/html/wp-content/themes/rcdevelopers/page-dashboard.php on line 50
[14-Jan-2025 10:52:42 UTC] PHP Parse error:  syntax error, unexpected token "<" in /var/www/html/wp-content/plugins/document-generator/document-generator.php on line 81
[14-Jan-2025 11:00:58 UTC] PHP Warning:  require_once(/var/www/html/wp-content/plugins/document-generator/vendor/autoload.php): Failed to open stream: No such file or directory in /var/www/html/wp-content/plugins/document-generator/document-generator.php on line 10
[14-Jan-2025 11:00:58 UTC] PHP Fatal error:  Uncaught Error: Failed opening required '/var/www/html/wp-content/plugins/document-generator/vendor/autoload.php' (include_path='.:/usr/local/lib/php') in /var/www/html/wp-content/plugins/document-generator/document-generator.php:10
Stack trace:
#0 /var/www/html/wp-admin/includes/plugin.php(2387): include_once()
#1 /var/www/html/wp-admin/includes/plugin.php(673): plugin_sandbox_scrape('document-genera...')
#2 /var/www/html/wp-admin/plugins.php(60): activate_plugin('document-genera...', 'http://localhos...', false)
#3 {main}
  thrown in /var/www/html/wp-content/plugins/document-generator/document-generator.php on line 10
[14-Jan-2025 11:04:41 UTC] PHP Warning:  require_once(/var/www/html/wp-content/plugins/document-generator/vendor/autoload.php): Failed to open stream: No such file or directory in /var/www/html/wp-content/plugins/document-generator/document-generator.php on line 10
[14-Jan-2025 11:04:41 UTC] PHP Fatal error:  Uncaught Error: Failed opening required '/var/www/html/wp-content/plugins/document-generator/vendor/autoload.php' (include_path='.:/usr/local/lib/php') in /var/www/html/wp-content/plugins/document-generator/document-generator.php:10
Stack trace:
#0 /var/www/html/wp-admin/includes/plugin.php(2387): include_once()
#1 /var/www/html/wp-admin/includes/plugin.php(673): plugin_sandbox_scrape('document-genera...')
#2 /var/www/html/wp-admin/plugins.php(60): activate_plugin('document-genera...', 'http://localhos...', false)
#3 {main}
  thrown in /var/www/html/wp-content/plugins/document-generator/document-generator.php on line 10
[14-Jan-2025 11:05:55 UTC] PHP Warning:  require_once(/var/www/html/wp-content/plugins/document-generator/../../vendor/autoload.php): Failed to open stream: No such file or directory in /var/www/html/wp-content/plugins/document-generator/document-generator.php on line 10
[14-Jan-2025 11:05:55 UTC] PHP Fatal error:  Uncaught Error: Failed opening required '/var/www/html/wp-content/plugins/document-generator/../../vendor/autoload.php' (include_path='.:/usr/local/lib/php') in /var/www/html/wp-content/plugins/document-generator/document-generator.php:10
Stack trace:
#0 /var/www/html/wp-admin/includes/plugin.php(2387): include_once()
#1 /var/www/html/wp-admin/includes/plugin.php(673): plugin_sandbox_scrape('document-genera...')
#2 /var/www/html/wp-admin/plugins.php(60): activate_plugin('document-genera...', 'http://localhos...', false)
#3 {main}
  thrown in /var/www/html/wp-content/plugins/document-generator/document-generator.php on line 10
[14-Jan-2025 11:08:51 UTC] /var/www/html/wp-content/plugins/document-generator/../../vendor/autoload.php
[14-Jan-2025 11:08:51 UTC] PHP Warning:  require_once(/var/www/html/wp-content/plugins/document-generator/../../vendor/autoload.php): Failed to open stream: No such file or directory in /var/www/html/wp-content/plugins/document-generator/document-generator.php on line 14
[14-Jan-2025 11:08:51 UTC] PHP Fatal error:  Uncaught Error: Failed opening required '/var/www/html/wp-content/plugins/document-generator/../../vendor/autoload.php' (include_path='.:/usr/local/lib/php') in /var/www/html/wp-content/plugins/document-generator/document-generator.php:14
Stack trace:
#0 /var/www/html/wp-admin/includes/plugin.php(2387): include_once()
#1 /var/www/html/wp-admin/includes/plugin.php(673): plugin_sandbox_scrape('document-genera...')
#2 /var/www/html/wp-admin/plugins.php(60): activate_plugin('document-genera...', 'http://localhos...', false)
#3 {main}
  thrown in /var/www/html/wp-content/plugins/document-generator/document-generator.php on line 14
[14-Jan-2025 11:09:21 UTC] PHP Warning:  scandir(/var/www/html/wp-content/plugins/document-generator/../../vendor/autoload.php): Failed to open directory: No such file or directory in /var/www/html/wp-content/plugins/document-generator/document-generator.php on line 12
[14-Jan-2025 11:09:21 UTC] PHP Warning:  scandir(): (errno 2): No such file or directory in /var/www/html/wp-content/plugins/document-generator/document-generator.php on line 12
[14-Jan-2025 11:09:21 UTC] 
[14-Jan-2025 11:09:21 UTC] PHP Warning:  require_once(/var/www/html/wp-content/plugins/document-generator/../../vendor/autoload.php): Failed to open stream: No such file or directory in /var/www/html/wp-content/plugins/document-generator/document-generator.php on line 14
[14-Jan-2025 11:09:21 UTC] PHP Fatal error:  Uncaught Error: Failed opening required '/var/www/html/wp-content/plugins/document-generator/../../vendor/autoload.php' (include_path='.:/usr/local/lib/php') in /var/www/html/wp-content/plugins/document-generator/document-generator.php:14
Stack trace:
#0 /var/www/html/wp-admin/includes/plugin.php(2387): include_once()
#1 /var/www/html/wp-admin/includes/plugin.php(673): plugin_sandbox_scrape('document-genera...')
#2 /var/www/html/wp-admin/plugins.php(60): activate_plugin('document-genera...', 'http://localhos...', false)
#3 {main}
  thrown in /var/www/html/wp-content/plugins/document-generator/document-generator.php on line 14
[14-Jan-2025 11:10:21 UTC] PHP Fatal error:  Uncaught TypeError: error_log(): Argument #1 ($message) must be of type string, array given in /var/www/html/wp-content/plugins/document-generator/document-generator.php:12
Stack trace:
#0 /var/www/html/wp-content/plugins/document-generator/document-generator.php(12): error_log(Array)
#1 /var/www/html/wp-admin/includes/plugin.php(2387): include_once('/var/www/html/w...')
#2 /var/www/html/wp-admin/includes/plugin.php(673): plugin_sandbox_scrape('document-genera...')
#3 /var/www/html/wp-admin/plugins.php(60): activate_plugin('document-genera...', 'http://localhos...', false)
#4 {main}
  thrown in /var/www/html/wp-content/plugins/document-generator/document-generator.php on line 12
[14-Jan-2025 11:11:40 UTC] Array
(
    [0] => .
    [1] => ..
    [2] => advanced-import
    [3] => akismet
    [4] => block-visibility
    [5] => blocks-animation
    [6] => conditional-menus
    [7] => document-generator
    [8] => duplicate-page
    [9] => forminator
    [10] => google-site-kit
    [11] => index.php
    [12] => insert-headers-and-footers
    [13] => otter-blocks
    [14] => photo-gallery
    [15] => rcd-crm-plugin
    [16] => rcdevelopers-plugin
    [17] => stackable-ultimate-gutenberg-blocks
    [18] => tablepress
    [19] => tuxedo-big-file-uploads
    [20] => woocommerce
    [21] => woocommerce-payments
    [22] => wordpress-importer
    [23] => wp-mail-smtp
    [24] => wpforms-lite
)

[14-Jan-2025 11:11:40 UTC] PHP Warning:  require_once(/var/www/html/wp-content/plugins/document-generator/../../vendor/autoload.php): Failed to open stream: No such file or directory in /var/www/html/wp-content/plugins/document-generator/document-generator.php on line 14
[14-Jan-2025 11:11:40 UTC] PHP Fatal error:  Uncaught Error: Failed opening required '/var/www/html/wp-content/plugins/document-generator/../../vendor/autoload.php' (include_path='.:/usr/local/lib/php') in /var/www/html/wp-content/plugins/document-generator/document-generator.php:14
Stack trace:
#0 /var/www/html/wp-admin/includes/plugin.php(2387): include_once()
#1 /var/www/html/wp-admin/includes/plugin.php(673): plugin_sandbox_scrape('document-genera...')
#2 /var/www/html/wp-admin/plugins.php(60): activate_plugin('document-genera...', 'http://localhos...', false)
#3 {main}
  thrown in /var/www/html/wp-content/plugins/document-generator/document-generator.php on line 14
[14-Jan-2025 11:12:14 UTC] Array
(
    [0] => .
    [1] => ..
    [2] => bfu-temp
    [3] => debug.log
    [4] => index.php
    [5] => languages
    [6] => plugins
    [7] => themes
    [8] => upgrade
    [9] => upgrade-temp-backup
    [10] => uploads
)

[14-Jan-2025 11:12:14 UTC] PHP Warning:  require_once(/var/www/html/wp-content/plugins/document-generator/../../vendor/autoload.php): Failed to open stream: No such file or directory in /var/www/html/wp-content/plugins/document-generator/document-generator.php on line 14
[14-Jan-2025 11:12:14 UTC] PHP Fatal error:  Uncaught Error: Failed opening required '/var/www/html/wp-content/plugins/document-generator/../../vendor/autoload.php' (include_path='.:/usr/local/lib/php') in /var/www/html/wp-content/plugins/document-generator/document-generator.php:14
Stack trace:
#0 /var/www/html/wp-admin/includes/plugin.php(2387): include_once()
#1 /var/www/html/wp-admin/includes/plugin.php(673): plugin_sandbox_scrape('document-genera...')
#2 /var/www/html/wp-admin/plugins.php(60): activate_plugin('document-genera...', 'http://localhos...', false)
#3 {main}
  thrown in /var/www/html/wp-content/plugins/document-generator/document-generator.php on line 14
[14-Jan-2025 11:13:42 UTC] WordPress database error You have an error in your SQL syntax; check the manual that corresponds to your MariaDB server version for the right syntax to use near 'BOOL NOT NULL,
        additional_details_x INT(255),
        additional_de...' at line 10 for query CREATE TABLE wp_document_generator_templates (
        id BIGINT(20) UNSIGNED NOT NULL AUTO_INCREMENT,
        template_name VARCHAR(255) NOT NULL,
        template_type VARCHAR(255) NOT NULL,
        width INT(255) NOT NULL,
        height INT(255) NOT NULL,
        template_doc_address TEXT NOT NULL,
        personal_details_x INT(255) NOT NULL,
        personal_details_y INT(255) NOT NULL
        additional_details BOOL NOT NULL,
        additional_details_x INT(255),
        additional_details_y INT(255),
        PRIMARY KEY (id)
    ) DEFAULT CHARACTER SET utf8mb4 COLLATE utf8mb4_unicode_520_ci made by activate_plugin, do_action('activate_document-generator/document-generator.php'), WP_Hook->do_action, WP_Hook->apply_filters, document_generator_create_table, dbDelta
[14-Jan-2025 11:18:21 UTC] PHP Warning:  Trying to access array offset on value of type null in /var/www/html/wp-admin/includes/file.php on line 929
[14-Jan-2025 11:18:21 UTC] PHP Deprecated:  is_uploaded_file(): Passing null to parameter #1 ($filename) of type string is deprecated in /var/www/html/wp-admin/includes/file.php on line 929
[14-Jan-2025 11:18:21 UTC] WordPress database error Table 'wordpress.wp_mpdf_templates' doesn't exist for query SELECT * FROM wp_mpdf_templates made by do_action('toplevel_page_document-generator-templates'), WP_Hook->do_action, WP_Hook->apply_filters, document_generator_templates_page_callback
[14-Jan-2025 11:20:13 UTC] PHP Warning:  Trying to access array offset on value of type null in /var/www/html/wp-admin/includes/file.php on line 929
[14-Jan-2025 11:20:13 UTC] PHP Deprecated:  is_uploaded_file(): Passing null to parameter #1 ($filename) of type string is deprecated in /var/www/html/wp-admin/includes/file.php on line 929
[14-Jan-2025 11:20:13 UTC] WordPress database error Table 'wordpress.wp_mpdf_templates' doesn't exist for query SELECT * FROM wp_mpdf_templates made by do_action('toplevel_page_document-generator-templates'), WP_Hook->do_action, WP_Hook->apply_filters, document_generator_templates_page_callback
[14-Jan-2025 11:20:19 UTC] PHP Warning:  Trying to access array offset on value of type null in /var/www/html/wp-admin/includes/file.php on line 929
[14-Jan-2025 11:20:19 UTC] PHP Deprecated:  is_uploaded_file(): Passing null to parameter #1 ($filename) of type string is deprecated in /var/www/html/wp-admin/includes/file.php on line 929
[14-Jan-2025 11:20:19 UTC] WordPress database error Table 'wordpress.wp_mpdf_templates' doesn't exist for query SELECT * FROM wp_mpdf_templates made by do_action('toplevel_page_document-generator-templates'), WP_Hook->do_action, WP_Hook->apply_filters, document_generator_templates_page_callback
[14-Jan-2025 11:21:14 UTC] PHP Warning:  Trying to access array offset on value of type null in /var/www/html/wp-admin/includes/file.php on line 929
[14-Jan-2025 11:21:14 UTC] PHP Deprecated:  is_uploaded_file(): Passing null to parameter #1 ($filename) of type string is deprecated in /var/www/html/wp-admin/includes/file.php on line 929
[14-Jan-2025 11:21:14 UTC] WordPress database error Table 'wordpress.wp_mpdf_templates' doesn't exist for query SELECT * FROM wp_mpdf_templates made by do_action('toplevel_page_document-generator-templates'), WP_Hook->do_action, WP_Hook->apply_filters, document_generator_templates_page_callback
[14-Jan-2025 11:22:21 UTC] PHP Warning:  Trying to access array offset on value of type null in /var/www/html/wp-admin/includes/file.php on line 929
[14-Jan-2025 11:22:21 UTC] PHP Deprecated:  is_uploaded_file(): Passing null to parameter #1 ($filename) of type string is deprecated in /var/www/html/wp-admin/includes/file.php on line 929
[14-Jan-2025 11:22:21 UTC] WordPress database error Table 'wordpress.wp_mpdf_templates' doesn't exist for query SELECT * FROM wp_mpdf_templates made by do_action('toplevel_page_document-generator-templates'), WP_Hook->do_action, WP_Hook->apply_filters, document_generator_templates_page_callback
[14-Jan-2025 11:24:40 UTC] PHP Warning:  Trying to access array offset on value of type null in /var/www/html/wp-admin/includes/file.php on line 929
[14-Jan-2025 11:24:40 UTC] PHP Deprecated:  is_uploaded_file(): Passing null to parameter #1 ($filename) of type string is deprecated in /var/www/html/wp-admin/includes/file.php on line 929
[14-Jan-2025 11:24:40 UTC] WordPress database error Table 'wordpress.wp_mpdf_templates' doesn't exist for query SELECT * FROM wp_mpdf_templates made by do_action('toplevel_page_document-generator-templates'), WP_Hook->do_action, WP_Hook->apply_filters, document_generator_templates_page_callback
[14-Jan-2025 11:25:14 UTC] PHP Warning:  Trying to access array offset on value of type null in /var/www/html/wp-admin/includes/file.php on line 929
[14-Jan-2025 11:25:14 UTC] PHP Deprecated:  is_uploaded_file(): Passing null to parameter #1 ($filename) of type string is deprecated in /var/www/html/wp-admin/includes/file.php on line 929
[14-Jan-2025 11:25:14 UTC] WordPress database error Table 'wordpress.wp_mpdf_templates' doesn't exist for query SELECT * FROM wp_mpdf_templates made by do_action('toplevel_page_document-generator-templates'), WP_Hook->do_action, WP_Hook->apply_filters, document_generator_templates_page_callback
[14-Jan-2025 11:26:27 UTC] PHP Warning:  Trying to access array offset on value of type null in /var/www/html/wp-admin/includes/file.php on line 929
[14-Jan-2025 11:26:27 UTC] PHP Deprecated:  is_uploaded_file(): Passing null to parameter #1 ($filename) of type string is deprecated in /var/www/html/wp-admin/includes/file.php on line 929
[14-Jan-2025 11:26:27 UTC] PHP Warning:  Undefined array key "template_title" in /var/www/html/wp-content/plugins/document-generator/document-generator.php on line 62
[14-Jan-2025 11:26:27 UTC] PHP Warning:  Undefined array key "template_author" in /var/www/html/wp-content/plugins/document-generator/document-generator.php on line 63
[14-Jan-2025 11:26:27 UTC] PHP Warning:  Undefined array key "template_content" in /var/www/html/wp-content/plugins/document-generator/document-generator.php on line 64
[14-Jan-2025 11:26:27 UTC] PHP Warning:  Undefined array key "url" in /var/www/html/wp-content/plugins/document-generator/document-generator.php on line 65
[14-Jan-2025 11:26:27 UTC] WordPress database error Table 'wordpress.wp_mpdf_templates' doesn't exist for query SHOW FULL COLUMNS FROM `wp_mpdf_templates` made by do_action('toplevel_page_document-generator-templates'), WP_Hook->do_action, WP_Hook->apply_filters, document_generator_templates_page_callback
[14-Jan-2025 11:26:27 UTC] WordPress database error Table 'wordpress.wp_mpdf_templates' doesn't exist for query SELECT * FROM wp_mpdf_templates made by do_action('toplevel_page_document-generator-templates'), WP_Hook->do_action, WP_Hook->apply_filters, document_generator_templates_page_callback
[14-Jan-2025 11:27:39 UTC] PHP Warning:  Trying to access array offset on value of type null in /var/www/html/wp-admin/includes/file.php on line 929
[14-Jan-2025 11:27:39 UTC] PHP Deprecated:  is_uploaded_file(): Passing null to parameter #1 ($filename) of type string is deprecated in /var/www/html/wp-admin/includes/file.php on line 929
[14-Jan-2025 11:28:08 UTC] PHP Warning:  Trying to access array offset on value of type null in /var/www/html/wp-admin/includes/file.php on line 929
[14-Jan-2025 11:28:08 UTC] PHP Deprecated:  is_uploaded_file(): Passing null to parameter #1 ($filename) of type string is deprecated in /var/www/html/wp-admin/includes/file.php on line 929
[14-Jan-2025 11:28:08 UTC] PHP Warning:  Undefined array key "template_title" in /var/www/html/wp-content/plugins/document-generator/document-generator.php on line 62
[14-Jan-2025 11:28:08 UTC] PHP Warning:  Undefined array key "template_author" in /var/www/html/wp-content/plugins/document-generator/document-generator.php on line 63
[14-Jan-2025 11:28:08 UTC] PHP Warning:  Undefined array key "template_content" in /var/www/html/wp-content/plugins/document-generator/document-generator.php on line 64
[14-Jan-2025 11:28:08 UTC] PHP Warning:  Undefined array key "url" in /var/www/html/wp-content/plugins/document-generator/document-generator.php on line 65
[14-Jan-2025 11:28:08 UTC] WordPress database error Unknown column 'font_color' in 'field list' for query INSERT INTO `wp_document_generator_templates` (`template_name`, `template_type`, `width`, `height`, `template_doc_address`, `personal_details_x`, `personal_details_y`, `additional_details`, `additional_details_x`, `additional_details_y`, `font_color`) VALUES ('Test', '', '', '', NULL, '30', '30', '', '0', '0', '#FFFFFF') made by do_action('toplevel_page_document-generator-templates'), WP_Hook->do_action, WP_Hook->apply_filters, document_generator_templates_page_callback
[14-Jan-2025 11:28:44 UTC] PHP Warning:  Trying to access array offset on value of type null in /var/www/html/wp-admin/includes/file.php on line 929
[14-Jan-2025 11:28:44 UTC] PHP Deprecated:  is_uploaded_file(): Passing null to parameter #1 ($filename) of type string is deprecated in /var/www/html/wp-admin/includes/file.php on line 929
[14-Jan-2025 11:29:15 UTC] PHP Warning:  Trying to access array offset on value of type null in /var/www/html/wp-admin/includes/file.php on line 929
[14-Jan-2025 11:29:15 UTC] PHP Deprecated:  is_uploaded_file(): Passing null to parameter #1 ($filename) of type string is deprecated in /var/www/html/wp-admin/includes/file.php on line 929
[14-Jan-2025 11:29:15 UTC] PHP Warning:  Undefined array key "template_title" in /var/www/html/wp-content/plugins/document-generator/document-generator.php on line 63
[14-Jan-2025 11:29:15 UTC] PHP Warning:  Undefined array key "template_author" in /var/www/html/wp-content/plugins/document-generator/document-generator.php on line 64
[14-Jan-2025 11:29:15 UTC] PHP Warning:  Undefined array key "template_content" in /var/www/html/wp-content/plugins/document-generator/document-generator.php on line 65
[14-Jan-2025 11:29:15 UTC] PHP Warning:  Undefined array key "url" in /var/www/html/wp-content/plugins/document-generator/document-generator.php on line 66
[14-Jan-2025 11:29:15 UTC] WordPress database error Unknown column 'font_color' in 'field list' for query INSERT INTO `wp_document_generator_templates` (`template_name`, `template_type`, `width`, `height`, `template_doc_address`, `personal_details_x`, `personal_details_y`, `additional_details`, `additional_details_x`, `additional_details_y`, `font_color`) VALUES ('Test', '', '', '', NULL, '30', '30', '', '0', '0', '#FFFFFF') made by do_action('toplevel_page_document-generator-templates'), WP_Hook->do_action, WP_Hook->apply_filters, document_generator_templates_page_callback
[14-Jan-2025 11:30:22 UTC] PHP Warning:  Trying to access array offset on value of type null in /var/www/html/wp-admin/includes/file.php on line 929
[14-Jan-2025 11:30:22 UTC] PHP Deprecated:  is_uploaded_file(): Passing null to parameter #1 ($filename) of type string is deprecated in /var/www/html/wp-admin/includes/file.php on line 929
[14-Jan-2025 11:30:51 UTC] PHP Warning:  Trying to access array offset on value of type null in /var/www/html/wp-admin/includes/file.php on line 929
[14-Jan-2025 11:30:51 UTC] PHP Deprecated:  is_uploaded_file(): Passing null to parameter #1 ($filename) of type string is deprecated in /var/www/html/wp-admin/includes/file.php on line 929
[14-Jan-2025 11:30:51 UTC] PHP Warning:  Undefined array key "template_title" in /var/www/html/wp-content/plugins/document-generator/document-generator.php on line 63
[14-Jan-2025 11:30:51 UTC] PHP Warning:  Undefined array key "template_author" in /var/www/html/wp-content/plugins/document-generator/document-generator.php on line 64
[14-Jan-2025 11:30:51 UTC] PHP Warning:  Undefined array key "template_content" in /var/www/html/wp-content/plugins/document-generator/document-generator.php on line 65
[14-Jan-2025 11:30:51 UTC] PHP Warning:  Undefined array key "url" in /var/www/html/wp-content/plugins/document-generator/document-generator.php on line 66
[14-Jan-2025 11:30:51 UTC] WordPress database error Column 'template_doc_address' cannot be null for query INSERT INTO `wp_document_generator_templates` (`template_name`, `template_type`, `width`, `height`, `template_doc_address`, `personal_details_x`, `personal_details_y`, `additional_details`, `additional_details_x`, `additional_details_y`, `font_color`) VALUES ('Test', '', '', '', NULL, '20', '20', '', '0', '0', '#FFFFFF') made by do_action('toplevel_page_document-generator-templates'), WP_Hook->do_action, WP_Hook->apply_filters, document_generator_templates_page_callback
[14-Jan-2025 11:54:00 UTC] PHP Warning:  Trying to access array offset on value of type null in /var/www/html/wp-admin/includes/file.php on line 929
[14-Jan-2025 11:54:00 UTC] PHP Deprecated:  is_uploaded_file(): Passing null to parameter #1 ($filename) of type string is deprecated in /var/www/html/wp-admin/includes/file.php on line 929
[14-Jan-2025 11:54:59 UTC] PHP Warning:  Trying to access array offset on value of type null in /var/www/html/wp-admin/includes/file.php on line 929
[14-Jan-2025 11:54:59 UTC] PHP Deprecated:  is_uploaded_file(): Passing null to parameter #1 ($filename) of type string is deprecated in /var/www/html/wp-admin/includes/file.php on line 929
[14-Jan-2025 11:54:59 UTC] PHP Warning:  Undefined array key "url" in /var/www/html/wp-content/plugins/document-generator/document-generator.php on line 66
[14-Jan-2025 11:54:59 UTC] WordPress database error Column 'template_doc_address' cannot be null for query INSERT INTO `wp_document_generator_templates` (`template_name`, `template_type`, `width`, `height`, `template_doc_address`, `personal_details_x`, `personal_details_y`, `additional_details`, `additional_details_x`, `additional_details_y`, `font_color`) VALUES ('Test', 'card', '540', '320', NULL, '20', '20', '', '0', '0', '#000000') made by do_action('toplevel_page_document-generator-templates'), WP_Hook->do_action, WP_Hook->apply_filters, document_generator_templates_page_callback
[14-Jan-2025 11:57:42 UTC] PHP Warning:  Trying to access array offset on value of type null in /var/www/html/wp-admin/includes/file.php on line 929
[14-Jan-2025 11:57:42 UTC] PHP Deprecated:  is_uploaded_file(): Passing null to parameter #1 ($filename) of type string is deprecated in /var/www/html/wp-admin/includes/file.php on line 929
[14-Jan-2025 11:59:19 UTC] PHP Warning:  Trying to access array offset on value of type null in /var/www/html/wp-admin/includes/file.php on line 929
[14-Jan-2025 11:59:19 UTC] PHP Deprecated:  is_uploaded_file(): Passing null to parameter #1 ($filename) of type string is deprecated in /var/www/html/wp-admin/includes/file.php on line 929
[14-Jan-2025 11:59:19 UTC] PHP Warning:  Undefined array key "url" in /var/www/html/wp-content/plugins/document-generator/document-generator.php on line 71
[14-Jan-2025 11:59:19 UTC] WordPress database error Column 'template_doc_address' cannot be null for query INSERT INTO `wp_document_generator_templates` (`template_name`, `template_type`, `width`, `height`, `template_doc_address`, `personal_details_x`, `personal_details_y`, `additional_details`, `additional_details_x`, `additional_details_y`, `font_color`) VALUES ('Tes', 'card', '540', '320', NULL, '20', '20', '', '0', '0', '#000000') made by do_action('toplevel_page_document-generator-templates'), WP_Hook->do_action, WP_Hook->apply_filters, document_generator_templates_page_callback
[14-Jan-2025 12:02:00 UTC] Array
(
)

[14-Jan-2025 12:02:00 UTC] PHP Warning:  Trying to access array offset on value of type null in /var/www/html/wp-admin/includes/file.php on line 929
[14-Jan-2025 12:02:00 UTC] PHP Deprecated:  is_uploaded_file(): Passing null to parameter #1 ($filename) of type string is deprecated in /var/www/html/wp-admin/includes/file.php on line 929
[14-Jan-2025 12:04:02 UTC] PHP Warning:  Trying to access array offset on value of type null in /var/www/html/wp-admin/includes/file.php on line 929
[14-Jan-2025 12:04:02 UTC] PHP Deprecated:  is_uploaded_file(): Passing null to parameter #1 ($filename) of type string is deprecated in /var/www/html/wp-admin/includes/file.php on line 929
[14-Jan-2025 12:04:02 UTC] PHP Warning:  Undefined array key "url" in /var/www/html/wp-content/plugins/document-generator/document-generator.php on line 69
[14-Jan-2025 12:04:02 UTC] WordPress database error Column 'template_doc_address' cannot be null for query INSERT INTO `wp_document_generator_templates` (`template_name`, `template_type`, `width`, `height`, `template_doc_address`, `personal_details_x`, `personal_details_y`, `additional_details`, `additional_details_x`, `additional_details_y`, `font_color`) VALUES ('Tes', 'card', '540', '320', NULL, '20', '20', '', '0', '0', '#000000') made by do_action('toplevel_page_document-generator-templates'), WP_Hook->do_action, WP_Hook->apply_filters, document_generator_templates_page_callback
[14-Jan-2025 12:05:38 UTC] Array
(
)

[14-Jan-2025 12:05:38 UTC] PHP Warning:  Trying to access array offset on value of type null in /var/www/html/wp-admin/includes/file.php on line 929
[14-Jan-2025 12:05:38 UTC] PHP Deprecated:  is_uploaded_file(): Passing null to parameter #1 ($filename) of type string is deprecated in /var/www/html/wp-admin/includes/file.php on line 929
[14-Jan-2025 12:05:38 UTC] PHP Warning:  Undefined array key "url" in /var/www/html/wp-content/plugins/document-generator/document-generator.php on line 70
[14-Jan-2025 12:05:38 UTC] WordPress database error Column 'template_doc_address' cannot be null for query INSERT INTO `wp_document_generator_templates` (`template_name`, `template_type`, `width`, `height`, `template_doc_address`, `personal_details_x`, `personal_details_y`, `additional_details`, `additional_details_x`, `additional_details_y`, `font_color`) VALUES ('Test', 'card', '540', '320', NULL, '20', '10', '', '0', '0', '#000000') made by do_action('toplevel_page_document-generator-templates'), WP_Hook->do_action, WP_Hook->apply_filters, document_generator_templates_page_callback
[14-Jan-2025 12:20:15 UTC] Array
(
)

[14-Jan-2025 12:20:15 UTC] PHP Warning:  Trying to access array offset on value of type null in /var/www/html/wp-admin/includes/file.php on line 929
[14-Jan-2025 12:20:15 UTC] PHP Deprecated:  is_uploaded_file(): Passing null to parameter #1 ($filename) of type string is deprecated in /var/www/html/wp-admin/includes/file.php on line 929
[14-Jan-2025 12:20:15 UTC] Array
(
    [error] => Specified file failed upload test.
)

[14-Jan-2025 12:20:15 UTC] PHP Warning:  Undefined array key "url" in /var/www/html/wp-content/plugins/document-generator/document-generator.php on line 71
[14-Jan-2025 12:20:15 UTC] WordPress database error Column 'template_doc_address' cannot be null for query INSERT INTO `wp_document_generator_templates` (`template_name`, `template_type`, `width`, `height`, `template_doc_address`, `personal_details_x`, `personal_details_y`, `additional_details`, `additional_details_x`, `additional_details_y`, `font_color`) VALUES ('Test', 'card', '540', '320', NULL, '20', '20', '', '0', '0', '#000000') made by do_action('toplevel_page_document-generator-templates'), WP_Hook->do_action, WP_Hook->apply_filters, document_generator_templates_page_callback
[14-Jan-2025 12:23:53 UTC] Array
(
)

[14-Jan-2025 12:23:53 UTC] PHP Warning:  Trying to access array offset on value of type null in /var/www/html/wp-admin/includes/file.php on line 929
[14-Jan-2025 12:23:53 UTC] PHP Deprecated:  is_uploaded_file(): Passing null to parameter #1 ($filename) of type string is deprecated in /var/www/html/wp-admin/includes/file.php on line 929
[14-Jan-2025 12:23:53 UTC] Array
(
    [error] => Specified file failed upload test.
)

[14-Jan-2025 12:23:53 UTC] PHP Warning:  Undefined array key "url" in /var/www/html/wp-content/plugins/document-generator/document-generator.php on line 71
[14-Jan-2025 12:23:53 UTC] WordPress database error Column 'template_doc_address' cannot be null for query INSERT INTO `wp_document_generator_templates` (`template_name`, `template_type`, `width`, `height`, `template_doc_address`, `personal_details_x`, `personal_details_y`, `additional_details`, `additional_details_x`, `additional_details_y`, `font_color`) VALUES ('Test', 'card', '540', '320', NULL, '10', '10', '', '0', '0', '#000000') made by do_action('toplevel_page_document-generator-templates'), WP_Hook->do_action, WP_Hook->apply_filters, document_generator_templates_page_callback
[15-Jan-2025 08:52:49 UTC] Array
(
)

[15-Jan-2025 08:52:49 UTC] PHP Warning:  Trying to access array offset on value of type null in /var/www/html/wp-admin/includes/file.php on line 929
[15-Jan-2025 08:52:49 UTC] PHP Deprecated:  is_uploaded_file(): Passing null to parameter #1 ($filename) of type string is deprecated in /var/www/html/wp-admin/includes/file.php on line 929
[15-Jan-2025 08:52:49 UTC] Array
(
    [error] => Specified file failed upload test.
)

[15-Jan-2025 08:52:49 UTC] PHP Warning:  Undefined array key "url" in /var/www/html/wp-content/plugins/document-generator/document-generator.php on line 71
[15-Jan-2025 08:52:49 UTC] WordPress database error Column 'template_doc_address' cannot be null for query INSERT INTO `wp_document_generator_templates` (`template_name`, `template_type`, `width`, `height`, `template_doc_address`, `personal_details_x`, `personal_details_y`, `additional_details`, `additional_details_x`, `additional_details_y`, `font_color`) VALUES ('Test', 'card', '540', '320', NULL, '10', '10', '', '0', '0', '#000000') made by do_action('toplevel_page_document-generator-templates'), WP_Hook->do_action, WP_Hook->apply_filters, document_generator_templates_page_callback
[15-Jan-2025 08:59:30 UTC] Array
(
    [template_doc] => Array
        (
            [name] => Frame 141.png
            [full_path] => Frame 141.png
            [type] => image/png
            [tmp_name] => /tmp/phpuIFLM9
            [error] => 0
            [size] => 275718
        )

)

[15-Jan-2025 08:59:30 UTC] Array
(
    [file] => /var/www/html/wp-content/uploads/2025/01/Frame-141.png
    [url] => http://localhost:8085/wp-content/uploads/2025/01/Frame-141.png
    [type] => image/png
)

[15-Jan-2025 08:59:30 UTC] PHP Warning:  Undefined property: stdClass::$name in /var/www/html/wp-content/plugins/document-generator/document-generator.php on line 169
[15-Jan-2025 08:59:31 UTC] PHP Warning:  Undefined property: stdClass::$type in /var/www/html/wp-content/plugins/document-generator/document-generator.php on line 170
[15-Jan-2025 09:04:34 UTC] Array
(
    [template_doc] => Array
        (
            [name] => Circle Card.jpg
            [full_path] => Circle Card.jpg
            [type] => image/jpeg
            [tmp_name] => /tmp/phpaMCXZf
            [error] => 0
            [size] => 223026
        )

)

[15-Jan-2025 09:04:34 UTC] Array
(
    [file] => /var/www/html/wp-content/uploads/2025/01/Circle-Card.jpg
    [url] => http://localhost:8085/wp-content/uploads/2025/01/Circle-Card.jpg
    [type] => image/jpeg
)

[15-Jan-2025 11:29:47 UTC] PHP Warning:  Undefined property: stdClass::$template_document_url in /var/www/html/wp-content/themes/rcdevelopers/page-dashboard.php on line 877
[15-Jan-2025 11:29:47 UTC] PHP Warning:  Undefined variable $template_name in /var/www/html/wp-content/themes/rcdevelopers/page-dashboard.php on line 878
[15-Jan-2025 11:29:47 UTC] PHP Warning:  Undefined property: stdClass::$ in /var/www/html/wp-content/themes/rcdevelopers/page-dashboard.php on line 878
[15-Jan-2025 11:29:47 UTC] PHP Warning:  Undefined property: stdClass::$template_document_url in /var/www/html/wp-content/themes/rcdevelopers/page-dashboard.php on line 877
[15-Jan-2025 11:29:47 UTC] PHP Warning:  Undefined variable $template_name in /var/www/html/wp-content/themes/rcdevelopers/page-dashboard.php on line 878
[15-Jan-2025 11:29:47 UTC] PHP Warning:  Undefined property: stdClass::$ in /var/www/html/wp-content/themes/rcdevelopers/page-dashboard.php on line 878
[15-Jan-2025 11:31:20 UTC] PHP Warning:  Undefined property: stdClass::$template_document_url in /var/www/html/wp-content/themes/rcdevelopers/page-dashboard.php on line 877
[15-Jan-2025 11:31:20 UTC] PHP Warning:  Undefined variable $template_name in /var/www/html/wp-content/themes/rcdevelopers/page-dashboard.php on line 878
[15-Jan-2025 11:31:20 UTC] PHP Warning:  Undefined property: stdClass::$ in /var/www/html/wp-content/themes/rcdevelopers/page-dashboard.php on line 878
[15-Jan-2025 11:31:20 UTC] PHP Warning:  Undefined property: stdClass::$template_document_url in /var/www/html/wp-content/themes/rcdevelopers/page-dashboard.php on line 877
[15-Jan-2025 11:31:20 UTC] PHP Warning:  Undefined variable $template_name in /var/www/html/wp-content/themes/rcdevelopers/page-dashboard.php on line 878
[15-Jan-2025 11:31:20 UTC] PHP Warning:  Undefined property: stdClass::$ in /var/www/html/wp-content/themes/rcdevelopers/page-dashboard.php on line 878
[15-Jan-2025 11:31:32 UTC] PHP Warning:  Undefined property: stdClass::$template_document_url in /var/www/html/wp-content/themes/rcdevelopers/page-dashboard.php on line 877
[15-Jan-2025 11:32:26 UTC] PHP Warning:  Undefined property: stdClass::$template_document_url in /var/www/html/wp-content/themes/rcdevelopers/page-dashboard.php on line 877
[15-Jan-2025 11:32:41 UTC] PHP Warning:  Undefined property: stdClass::$template_document_url in /var/www/html/wp-content/themes/rcdevelopers/page-dashboard.php on line 877
[16-Jan-2025 08:32:59 UTC] PHP Warning:  Undefined property: stdClass::$template_style in /var/www/html/wp-content/themes/rcdevelopers/page-dashboard.php on line 880
[16-Jan-2025 08:38:29 UTC] PHP Warning:  Undefined property: stdClass::$template_style in /var/www/html/wp-content/themes/rcdevelopers/page-dashboard.php on line 880
[16-Jan-2025 08:44:04 UTC] PHP Warning:  Undefined property: stdClass::$template_style in /var/www/html/wp-content/themes/rcdevelopers/page-dashboard.php on line 880
[16-Jan-2025 09:04:57 UTC] PHP Fatal error:  Uncaught TypeError: call_user_func_array(): Argument #1 ($callback) must be a valid callback, function "generate_pdf" not found or invalid function name in /var/www/html/wp-includes/class-wp-hook.php:324
Stack trace:
#0 /var/www/html/wp-includes/class-wp-hook.php(348): WP_Hook->apply_filters('', Array)
#1 /var/www/html/wp-includes/plugin.php(517): WP_Hook->do_action(Array)
#2 /var/www/html/wp-admin/admin-post.php(85): do_action('admin_post_gene...')
#3 {main}
  thrown in /var/www/html/wp-includes/class-wp-hook.php on line 324
[16-Jan-2025 09:07:39 UTC] PHP Notice:  Function wpdb::prepare was called <strong>incorrectly</strong>. The query argument of wpdb::prepare() must have a placeholder. Please see <a href="https://developer.wordpress.org/advanced-administration/debug/debug-wordpress/">Debugging in WordPress</a> for more information. (This message was added in version 3.9.0.) in /var/www/html/wp-includes/functions.php on line 6085
[16-Jan-2025 09:07:39 UTC] stdClass Object
(
    [id] => 1
    [template_name] => Test
    [template_type] => card
    [width] => 540
    [height] => 320
    [template_doc_address] => http://localhost:8085/wp-content/uploads/2025/01/Frame-141.png
    [personal_details_x] => 10
    [personal_details_y] => 10
    [additional_details] => 0
    [additional_details_x] => 0
    [additional_details_y] => 0
    [font_color] => #000000
)

[16-Jan-2025 09:07:42 UTC] PHP Warning:  Undefined property: stdClass::$image_address in /var/www/html/wp-content/plugins/document-generator/document-generator.php on line 244
[16-Jan-2025 09:07:42 UTC] <!DOCTYPE html>
            <html>
            <body>
            
    <style>
        .card img {
            position: relative;
            object-fit: fill;
            width: <?php echo 540 ?>;
            height: <?php echo 320 ?>
        }
        .card-details {
            position: absolute;
            top: <?php echo 10 ?>;
            left: <?php echo 10 ?>;
        }
    </style>
    
                <div class='card'>
                    <img src='<?php echo  ?>' alt='Template not found'>
                    <div class='card-details'>
                        <div class='heading'><?php echo   ?></div>
                        <div class='subheading'><?php echo  ?></div>
                        <div class='body'><?php echo  ?></div>
                        <div class='body'><?php echo parasptl678@gmail.com ?></div>
                    </div>
                </div>
            </body>
            </html>
[16-Jan-2025 09:07:43 UTC] PHP Fatal error:  Uncaught Mpdf\MpdfException: Data has already been sent to output (/var/www/html/wp-includes/functions.php at line 6085), unable to output PDF file in /var/www/html/vendor/mpdf/mpdf/src/Mpdf.php:9572
Stack trace:
#0 /var/www/html/wp-content/plugins/document-generator/document-generator.php(263): Mpdf\Mpdf->Output('generated_promo...', 'I')
#1 /var/www/html/wp-includes/class-wp-hook.php(324): generate_pdf('')
#2 /var/www/html/wp-includes/class-wp-hook.php(348): WP_Hook->apply_filters('', Array)
#3 /var/www/html/wp-includes/plugin.php(517): WP_Hook->do_action(Array)
#4 /var/www/html/wp-admin/admin-post.php(85): do_action('admin_post_gene...')
#5 {main}
  thrown in /var/www/html/vendor/mpdf/mpdf/src/Mpdf.php on line 9572
[16-Jan-2025 09:13:39 UTC] WordPress database error You have an error in your SQL syntax; check the manual that corresponds to your MariaDB server version for the right syntax to use near ''wp_document_generator_templates' WHERE id = '1'' at line 1 for query SELECT * FROM 'wp_document_generator_templates' WHERE id = '1' made by do_action('admin_post_generate_pdf'), WP_Hook->do_action, WP_Hook->apply_filters, generate_pdf
[16-Jan-2025 09:13:39 UTC] 
[16-Jan-2025 09:13:39 UTC] PHP Warning:  Attempt to read property "width" on null in /var/www/html/wp-content/plugins/document-generator/document-generator.php on line 220
[16-Jan-2025 09:13:39 UTC] PHP Warning:  Attempt to read property "height" on null in /var/www/html/wp-content/plugins/document-generator/document-generator.php on line 220
[16-Jan-2025 09:13:40 UTC] PHP Fatal error:  Uncaught Mpdf\MpdfException: Invalid page format:   in /var/www/html/vendor/mpdf/mpdf/src/Mpdf.php:1655
Stack trace:
#0 /var/www/html/vendor/mpdf/mpdf/src/Mpdf.php(1300): Mpdf\Mpdf->_setPageSize(Array, 'P')
#1 /var/www/html/wp-content/plugins/document-generator/document-generator.php(217): Mpdf\Mpdf->__construct(Array)
#2 /var/www/html/wp-includes/class-wp-hook.php(324): generate_pdf('')
#3 /var/www/html/wp-includes/class-wp-hook.php(348): WP_Hook->apply_filters('', Array)
#4 /var/www/html/wp-includes/plugin.php(517): WP_Hook->do_action(Array)
#5 /var/www/html/wp-admin/admin-post.php(85): do_action('admin_post_gene...')
#6 {main}
  thrown in /var/www/html/vendor/mpdf/mpdf/src/Mpdf.php on line 1655
[16-Jan-2025 09:16:03 UTC] WordPress database error You have an error in your SQL syntax; check the manual that corresponds to your MariaDB server version for the right syntax to use near ''wp_document_generator_templates' WHERE id = 1' at line 1 for query SELECT * FROM 'wp_document_generator_templates' WHERE id = 1 made by do_action('admin_post_generate_pdf'), WP_Hook->do_action, WP_Hook->apply_filters, generate_pdf
[16-Jan-2025 09:16:03 UTC] 
[16-Jan-2025 09:16:03 UTC] PHP Warning:  Attempt to read property "width" on null in /var/www/html/wp-content/plugins/document-generator/document-generator.php on line 220
[16-Jan-2025 09:16:03 UTC] PHP Warning:  Attempt to read property "height" on null in /var/www/html/wp-content/plugins/document-generator/document-generator.php on line 220
[16-Jan-2025 09:16:04 UTC] PHP Fatal error:  Uncaught Mpdf\MpdfException: Invalid page format:   in /var/www/html/vendor/mpdf/mpdf/src/Mpdf.php:1655
Stack trace:
#0 /var/www/html/vendor/mpdf/mpdf/src/Mpdf.php(1300): Mpdf\Mpdf->_setPageSize(Array, 'P')
#1 /var/www/html/wp-content/plugins/document-generator/document-generator.php(217): Mpdf\Mpdf->__construct(Array)
#2 /var/www/html/wp-includes/class-wp-hook.php(324): generate_pdf('')
#3 /var/www/html/wp-includes/class-wp-hook.php(348): WP_Hook->apply_filters('', Array)
#4 /var/www/html/wp-includes/plugin.php(517): WP_Hook->do_action(Array)
#5 /var/www/html/wp-admin/admin-post.php(85): do_action('admin_post_gene...')
#6 {main}
  thrown in /var/www/html/vendor/mpdf/mpdf/src/Mpdf.php on line 1655
[16-Jan-2025 09:17:36 UTC] PHP Warning:  Undefined property: stdClass::$image_address in /var/www/html/wp-content/plugins/document-generator/document-generator.php on line 245
[16-Jan-2025 09:17:37 UTC] PHP Fatal error:  Uncaught Mpdf\MpdfException: Data has already been sent to output (/var/www/html/wp-content/plugins/document-generator/document-generator.php at line 245), unable to output PDF file in /var/www/html/vendor/mpdf/mpdf/src/Mpdf.php:9572
Stack trace:
#0 /var/www/html/wp-content/plugins/document-generator/document-generator.php(263): Mpdf\Mpdf->Output('generated_promo...', 'I')
#1 /var/www/html/wp-includes/class-wp-hook.php(324): generate_pdf('')
#2 /var/www/html/wp-includes/class-wp-hook.php(348): WP_Hook->apply_filters('', Array)
#3 /var/www/html/wp-includes/plugin.php(517): WP_Hook->do_action(Array)
#4 /var/www/html/wp-admin/admin-post.php(85): do_action('admin_post_gene...')
#5 {main}
  thrown in /var/www/html/vendor/mpdf/mpdf/src/Mpdf.php on line 9572
[16-Jan-2025 09:24:11 UTC] PHP Fatal error:  Uncaught Mpdf\MpdfException: cURL error: "Failed to connect to localhost port 8085 after 0 ms: Couldn't connect to server" in /var/www/html/vendor/mpdf/mpdf/src/Http/CurlHttpClient.php:92
Stack trace:
#0 /var/www/html/vendor/mpdf/mpdf/src/AssetFetcher.php(87): Mpdf\Http\CurlHttpClient->sendRequest(Object(Mpdf\PsrHttpMessageShim\Request))
#1 /var/www/html/vendor/mpdf/mpdf/src/AssetFetcher.php(53): Mpdf\AssetFetcher->fetchRemoteContent('http://localhos...')
#2 /var/www/html/vendor/mpdf/mpdf/src/Image/ImageProcessor.php(190): Mpdf\AssetFetcher->fetchDataFromPath('http://localhos...', '<?php echo http...')
#3 /var/www/html/vendor/mpdf/mpdf/src/Tag/Img.php(276): Mpdf\Image\ImageProcessor->getImage('http://localhos...', true, true, '<?php echo http...', false)
#4 /var/www/html/vendor/mpdf/mpdf/src/Tag.php(240): Mpdf\Tag\Img->open(Array, Array, 3)
#5 /var/www/html/vendor/mpdf/mpdf/src/Mpdf.php(13921): Mpdf\Tag->OpenTag('IMG', Array, Array, 3)
#6 /var/www/html/wp-content/plugins/document-generator/document-generator.php(259): Mpdf\Mpdf->WriteHTML(' <div class='ca...')
#7 /var/www/html/wp-includes/class-wp-hook.php(324): generate_pdf('')
#8 /var/www/html/wp-includes/class-wp-hook.php(348): WP_Hook->apply_filters('', Array)
#9 /var/www/html/wp-includes/plugin.php(517): WP_Hook->do_action(Array)
#10 /var/www/html/wp-admin/admin-post.php(85): do_action('admin_post_gene...')
#11 {main}
  thrown in /var/www/html/vendor/mpdf/mpdf/src/Http/CurlHttpClient.php on line 92
[16-Jan-2025 09:25:28 UTC] PHP Fatal error:  Uncaught Mpdf\MpdfException: cURL error: "Failed to connect to localhost port 8085 after 0 ms: Couldn't connect to server" in /var/www/html/vendor/mpdf/mpdf/src/Http/CurlHttpClient.php:92
Stack trace:
#0 /var/www/html/vendor/mpdf/mpdf/src/AssetFetcher.php(87): Mpdf\Http\CurlHttpClient->sendRequest(Object(Mpdf\PsrHttpMessageShim\Request))
#1 /var/www/html/vendor/mpdf/mpdf/src/AssetFetcher.php(53): Mpdf\AssetFetcher->fetchRemoteContent('http://localhos...')
#2 /var/www/html/vendor/mpdf/mpdf/src/Image/ImageProcessor.php(190): Mpdf\AssetFetcher->fetchDataFromPath('http://localhos...', '<?php echo http...')
#3 /var/www/html/vendor/mpdf/mpdf/src/Tag/Img.php(276): Mpdf\Image\ImageProcessor->getImage('http://localhos...', true, true, '<?php echo http...', false)
#4 /var/www/html/vendor/mpdf/mpdf/src/Tag.php(240): Mpdf\Tag\Img->open(Array, Array, 3)
#5 /var/www/html/vendor/mpdf/mpdf/src/Mpdf.php(13921): Mpdf\Tag->OpenTag('IMG', Array, Array, 3)
#6 /var/www/html/wp-content/plugins/document-generator/document-generator.php(259): Mpdf\Mpdf->WriteHTML(' <div class='ca...')
#7 /var/www/html/wp-includes/class-wp-hook.php(324): generate_pdf('')
#8 /var/www/html/wp-includes/class-wp-hook.php(348): WP_Hook->apply_filters('', Array)
#9 /var/www/html/wp-includes/plugin.php(517): WP_Hook->do_action(Array)
#10 /var/www/html/wp-admin/admin-post.php(85): do_action('admin_post_gene...')
#11 {main}
  thrown in /var/www/html/vendor/mpdf/mpdf/src/Http/CurlHttpClient.php on line 92
[16-Jan-2025 09:30:13 UTC] PHP Fatal error:  Uncaught Mpdf\MpdfImageException: Could not find image file (http://localhost:8085/wp-admin/<?php%20echo%20http://localhost:8085/wp-content/uploads/2025/01/Frame-141.png%20?) in /var/www/html/vendor/mpdf/mpdf/src/Image/ImageProcessor.php:575
Stack trace:
#0 /var/www/html/vendor/mpdf/mpdf/src/Image/ImageProcessor.php(197): Mpdf\Image\ImageProcessor->imageError('http://localhos...', true, 'Could not find ...')
#1 /var/www/html/vendor/mpdf/mpdf/src/Tag/Img.php(276): Mpdf\Image\ImageProcessor->getImage('http://localhos...', true, true, '<?php echo http...', false)
#2 /var/www/html/vendor/mpdf/mpdf/src/Tag.php(240): Mpdf\Tag\Img->open(Array, Array, 3)
#3 /var/www/html/vendor/mpdf/mpdf/src/Mpdf.php(13921): Mpdf\Tag->OpenTag('IMG', Array, Array, 3)
#4 /var/www/html/wp-content/plugins/document-generator/document-generator.php(260): Mpdf\Mpdf->WriteHTML(' <div class='ca...')
#5 /var/www/html/wp-includes/class-wp-hook.php(324): generate_pdf('')
#6 /var/www/html/wp-includes/class-wp-hook.php(348): WP_Hook->apply_filters('', Array)
#7 /var/www/html/wp-includes/plugin.php(517): WP_Hook->do_action(Array)
#8 /var/www/html/wp-admin/admin-post.php(85): do_action('admin_post_gene...')
#9 {main}
  thrown in /var/www/html/vendor/mpdf/mpdf/src/Image/ImageProcessor.php on line 575
[16-Jan-2025 09:34:20 UTC] PHP Fatal error:  Uncaught Mpdf\MpdfException: cURL error: "Failed to connect to localhost port 8085 after 0 ms: Couldn't connect to server" in /var/www/html/vendor/mpdf/mpdf/src/Http/CurlHttpClient.php:92
Stack trace:
#0 /var/www/html/vendor/mpdf/mpdf/src/AssetFetcher.php(87): Mpdf\Http\CurlHttpClient->sendRequest(Object(Mpdf\PsrHttpMessageShim\Request))
#1 /var/www/html/vendor/mpdf/mpdf/src/AssetFetcher.php(53): Mpdf\AssetFetcher->fetchRemoteContent('http://localhos...')
#2 /var/www/html/vendor/mpdf/mpdf/src/Image/ImageProcessor.php(190): Mpdf\AssetFetcher->fetchDataFromPath('http://localhos...', '<?php echo http...')
#3 /var/www/html/vendor/mpdf/mpdf/src/Tag/Img.php(276): Mpdf\Image\ImageProcessor->getImage('http://localhos...', true, true, '<?php echo http...', false)
#4 /var/www/html/vendor/mpdf/mpdf/src/Tag.php(240): Mpdf\Tag\Img->open(Array, Array, 3)
#5 /var/www/html/vendor/mpdf/mpdf/src/Mpdf.php(13921): Mpdf\Tag->OpenTag('IMG', Array, Array, 3)
#6 /var/www/html/wp-content/plugins/document-generator/document-generator.php(262): Mpdf\Mpdf->WriteHTML(' <div class='ca...')
#7 /var/www/html/wp-includes/class-wp-hook.php(324): generate_pdf('')
#8 /var/www/html/wp-includes/class-wp-hook.php(348): WP_Hook->apply_filters('', Array)
#9 /var/www/html/wp-includes/plugin.php(517): WP_Hook->do_action(Array)
#10 /var/www/html/wp-admin/admin-post.php(85): do_action('admin_post_gene...')
#11 {main}
  thrown in /var/www/html/vendor/mpdf/mpdf/src/Http/CurlHttpClient.php on line 92
[16-Jan-2025 09:39:32 UTC] PHP Fatal error:  Uncaught Mpdf\MpdfException: cURL error: "Failed to connect to localhost port 8085 after 0 ms: Couldn't connect to server" in /var/www/html/vendor/mpdf/mpdf/src/Http/CurlHttpClient.php:92
Stack trace:
#0 /var/www/html/vendor/mpdf/mpdf/src/AssetFetcher.php(87): Mpdf\Http\CurlHttpClient->sendRequest(Object(Mpdf\PsrHttpMessageShim\Request))
#1 /var/www/html/vendor/mpdf/mpdf/src/AssetFetcher.php(53): Mpdf\AssetFetcher->fetchRemoteContent('http://localhos...')
#2 /var/www/html/vendor/mpdf/mpdf/src/Image/ImageProcessor.php(190): Mpdf\AssetFetcher->fetchDataFromPath('http://localhos...', 'http://localhos...')
#3 /var/www/html/vendor/mpdf/mpdf/src/Tag/Img.php(276): Mpdf\Image\ImageProcessor->getImage('http://localhos...', true, true, 'http://localhos...', false)
#4 /var/www/html/vendor/mpdf/mpdf/src/Tag.php(240): Mpdf\Tag\Img->open(Array, Array, 3)
#5 /var/www/html/vendor/mpdf/mpdf/src/Mpdf.php(13921): Mpdf\Tag->OpenTag('IMG', Array, Array, 3)
#6 /var/www/html/wp-content/plugins/document-generator/document-generator.php(262): Mpdf\Mpdf->WriteHTML(' <div class='ca...')
#7 /var/www/html/wp-includes/class-wp-hook.php(324): generate_pdf('')
#8 /var/www/html/wp-includes/class-wp-hook.php(348): WP_Hook->apply_filters('', Array)
#9 /var/www/html/wp-includes/plugin.php(517): WP_Hook->do_action(Array)
#10 /var/www/html/wp-admin/admin-post.php(85): do_action('admin_post_gene...')
#11 {main}
  thrown in /var/www/html/vendor/mpdf/mpdf/src/Http/CurlHttpClient.php on line 92
[16-Jan-2025 09:42:36 UTC] PHP Warning:  file_get_contents(http://localhost:8085/wp-content/uploads/2025/01/Frame-141.png): Failed to open stream: Cannot assign requested address in /var/www/html/wp-content/plugins/document-generator/document-generator.php on line 226
[16-Jan-2025 09:42:37 UTC] PHP Fatal error:  Uncaught Mpdf\MpdfImageException: Could not find image file (d41d8cd98f00b204e9800998ecf8427e) in /var/www/html/vendor/mpdf/mpdf/src/Image/ImageProcessor.php:575
Stack trace:
#0 /var/www/html/vendor/mpdf/mpdf/src/Image/ImageProcessor.php(197): Mpdf\Image\ImageProcessor->imageError('d41d8cd98f00b20...', true, 'Could not find ...')
#1 /var/www/html/vendor/mpdf/mpdf/src/Tag/Img.php(276): Mpdf\Image\ImageProcessor->getImage('d41d8cd98f00b20...', true, true, '', false)
#2 /var/www/html/vendor/mpdf/mpdf/src/Tag.php(240): Mpdf\Tag\Img->open(Array, Array, 3)
#3 /var/www/html/vendor/mpdf/mpdf/src/Mpdf.php(13921): Mpdf\Tag->OpenTag('IMG', Array, Array, 3)
#4 /var/www/html/wp-content/plugins/document-generator/document-generator.php(263): Mpdf\Mpdf->WriteHTML(' <div class='ca...')
#5 /var/www/html/wp-includes/class-wp-hook.php(324): generate_pdf('')
#6 /var/www/html/wp-includes/class-wp-hook.php(348): WP_Hook->apply_filters('', Array)
#7 /var/www/html/wp-includes/plugin.php(517): WP_Hook->do_action(Array)
#8 /var/www/html/wp-admin/admin-post.php(85): do_action('admin_post_gene...')
#9 {main}
  thrown in /var/www/html/vendor/mpdf/mpdf/src/Image/ImageProcessor.php on line 575
[16-Jan-2025 10:07:31 UTC] PHP Warning:  file_get_contents(http://localhost:8085/wp-content/uploads/2025/01/Frame-141.png): Failed to open stream: Cannot assign requested address in /var/www/html/wp-content/plugins/document-generator/document-generator.php on line 226
[16-Jan-2025 10:07:31 UTC] PHP Fatal error:  Uncaught Mpdf\MpdfImageException: Unknown image variable (var:template-image) in /var/www/html/vendor/mpdf/mpdf/src/Image/ImageProcessor.php:575
Stack trace:
#0 /var/www/html/vendor/mpdf/mpdf/src/Image/ImageProcessor.php(138): Mpdf\Image\ImageProcessor->imageError('var:template-im...', true, 'Unknown image v...')
#1 /var/www/html/vendor/mpdf/mpdf/src/Tag/Img.php(276): Mpdf\Image\ImageProcessor->getImage('var:template-im...', true, true, '', false)
#2 /var/www/html/vendor/mpdf/mpdf/src/Tag.php(240): Mpdf\Tag\Img->open(Array, Array, 3)
#3 /var/www/html/vendor/mpdf/mpdf/src/Mpdf.php(13921): Mpdf\Tag->OpenTag('IMG', Array, Array, 3)
#4 /var/www/html/wp-content/plugins/document-generator/document-generator.php(270): Mpdf\Mpdf->WriteHTML(' <div class='ca...')
#5 /var/www/html/wp-includes/class-wp-hook.php(324): generate_pdf('')
#6 /var/www/html/wp-includes/class-wp-hook.php(348): WP_Hook->apply_filters('', Array)
#7 /var/www/html/wp-includes/plugin.php(517): WP_Hook->do_action(Array)
#8 /var/www/html/wp-admin/admin-post.php(85): do_action('admin_post_gene...')
#9 {main}
  thrown in /var/www/html/vendor/mpdf/mpdf/src/Image/ImageProcessor.php on line 575
[16-Jan-2025 11:26:02 UTC] PHP Warning:  scandir(./wp-content/uploads/): Failed to open directory: No such file or directory in /var/www/html/wp-content/plugins/document-generator/document-generator.php on line 228
[16-Jan-2025 11:26:02 UTC] PHP Warning:  scandir(): (errno 2): No such file or directory in /var/www/html/wp-content/plugins/document-generator/document-generator.php on line 228
[16-Jan-2025 11:26:02 UTC] 
[16-Jan-2025 11:26:02 UTC] PHP Fatal error:  Uncaught Mpdf\MpdfException: cURL error: "Failed to connect to localhost port 8085 after 0 ms: Couldn't connect to server" in /var/www/html/vendor/mpdf/mpdf/src/Http/CurlHttpClient.php:92
Stack trace:
#0 /var/www/html/vendor/mpdf/mpdf/src/AssetFetcher.php(87): Mpdf\Http\CurlHttpClient->sendRequest(Object(Mpdf\PsrHttpMessageShim\Request))
#1 /var/www/html/vendor/mpdf/mpdf/src/AssetFetcher.php(53): Mpdf\AssetFetcher->fetchRemoteContent('http://localhos...')
#2 /var/www/html/vendor/mpdf/mpdf/src/Image/ImageProcessor.php(190): Mpdf\AssetFetcher->fetchDataFromPath('http://localhos...', 'http://localhos...')
#3 /var/www/html/vendor/mpdf/mpdf/src/Tag/Img.php(276): Mpdf\Image\ImageProcessor->getImage('http://localhos...', true, true, 'http://localhos...', false)
#4 /var/www/html/vendor/mpdf/mpdf/src/Tag.php(240): Mpdf\Tag\Img->open(Array, Array, 3)
#5 /var/www/html/vendor/mpdf/mpdf/src/Mpdf.php(13921): Mpdf\Tag->OpenTag('IMG', Array, Array, 3)
#6 /var/www/html/wp-content/plugins/document-generator/document-generator.php(266): Mpdf\Mpdf->WriteHTML(' <div class='ca...')
#7 /var/www/html/wp-includes/class-wp-hook.php(324): generate_pdf('')
#8 /var/www/html/wp-includes/class-wp-hook.php(348): WP_Hook->apply_filters('', Array)
#9 /var/www/html/wp-includes/plugin.php(517): WP_Hook->do_action(Array)
#10 /var/www/html/wp-admin/admin-post.php(85): do_action('admin_post_gene...')
#11 {main}
  thrown in /var/www/html/vendor/mpdf/mpdf/src/Http/CurlHttpClient.php on line 92
[16-Jan-2025 11:27:10 UTC] Array
(
    [0] => .
    [1] => ..
    [2] => 2024
    [3] => 2025
    [4] => elementor
    [5] => essential-addons-elementor
    [6] => fonts
    [7] => forminator
    [8] => kubio-google-fonts-cache
    [9] => kubio-site-backups
    [10] => photo-gallery
    [11] => pum
    [12] => pum-debug-3478028601671693773e9111.81004040.log
    [13] => ultimatemember
    [14] => woocommerce-placeholder-1024x1024.png
    [15] => woocommerce-placeholder-1080x1080.png
    [16] => woocommerce-placeholder-150x150.png
    [17] => woocommerce-placeholder-300x300.png
    [18] => woocommerce-placeholder-768x768.png
    [19] => woocommerce-placeholder.png
    [20] => woocommerce_uploads
    [21] => wpcode
    [22] => wpforms
)

[16-Jan-2025 11:27:10 UTC] PHP Fatal error:  Uncaught Mpdf\MpdfException: cURL error: "Failed to connect to localhost port 8085 after 0 ms: Couldn't connect to server" in /var/www/html/vendor/mpdf/mpdf/src/Http/CurlHttpClient.php:92
Stack trace:
#0 /var/www/html/vendor/mpdf/mpdf/src/AssetFetcher.php(87): Mpdf\Http\CurlHttpClient->sendRequest(Object(Mpdf\PsrHttpMessageShim\Request))
#1 /var/www/html/vendor/mpdf/mpdf/src/AssetFetcher.php(53): Mpdf\AssetFetcher->fetchRemoteContent('http://localhos...')
#2 /var/www/html/vendor/mpdf/mpdf/src/Image/ImageProcessor.php(190): Mpdf\AssetFetcher->fetchDataFromPath('http://localhos...', 'http://localhos...')
#3 /var/www/html/vendor/mpdf/mpdf/src/Tag/Img.php(276): Mpdf\Image\ImageProcessor->getImage('http://localhos...', true, true, 'http://localhos...', false)
#4 /var/www/html/vendor/mpdf/mpdf/src/Tag.php(240): Mpdf\Tag\Img->open(Array, Array, 3)
#5 /var/www/html/vendor/mpdf/mpdf/src/Mpdf.php(13921): Mpdf\Tag->OpenTag('IMG', Array, Array, 3)
#6 /var/www/html/wp-content/plugins/document-generator/document-generator.php(266): Mpdf\Mpdf->WriteHTML(' <div class='ca...')
#7 /var/www/html/wp-includes/class-wp-hook.php(324): generate_pdf('')
#8 /var/www/html/wp-includes/class-wp-hook.php(348): WP_Hook->apply_filters('', Array)
#9 /var/www/html/wp-includes/plugin.php(517): WP_Hook->do_action(Array)
#10 /var/www/html/wp-admin/admin-post.php(85): do_action('admin_post_gene...')
#11 {main}
  thrown in /var/www/html/vendor/mpdf/mpdf/src/Http/CurlHttpClient.php on line 92
[17-Jan-2025 12:23:14 UTC] PHP Warning:  filesize(): stat failed for http://localhost:8085/wp-content/uploads/2025/01/Circle-Card.jpg in /var/www/html/wp-content/themes/rcdevelopers/page-dashboard.php on line 899
[18-Jan-2025 10:24:08 UTC] Admin logged in
[18-Jan-2025 10:24:08 UTC] PHP Warning:  Undefined variable $business_address in /var/www/html/wp-content/themes/rcdevelopers/page-client-dashboard.php on line 352
[18-Jan-2025 10:24:08 UTC] PHP Warning:  Undefined variable $residential_address in /var/www/html/wp-content/themes/rcdevelopers/page-client-dashboard.php on line 358
[18-Jan-2025 10:24:08 UTC] PHP Warning:  Undefined variable $aadhar_card in /var/www/html/wp-content/themes/rcdevelopers/page-client-dashboard.php on line 372
[18-Jan-2025 10:24:08 UTC] PHP Warning:  Undefined variable $aadhar_card_file_name in /var/www/html/wp-content/themes/rcdevelopers/page-client-dashboard.php on line 372
[18-Jan-2025 10:24:08 UTC] PHP Warning:  Undefined variable $pan_card in /var/www/html/wp-content/themes/rcdevelopers/page-client-dashboard.php on line 382
[18-Jan-2025 10:24:08 UTC] PHP Warning:  Undefined variable $pan_card_file_name in /var/www/html/wp-content/themes/rcdevelopers/page-client-dashboard.php on line 382
[18-Jan-2025 10:24:08 UTC] PHP Warning:  Undefined variable $bank_username in /var/www/html/wp-content/themes/rcdevelopers/page-client-dashboard.php on line 412
[18-Jan-2025 10:24:08 UTC] PHP Warning:  Undefined variable $bank_name in /var/www/html/wp-content/themes/rcdevelopers/page-client-dashboard.php on line 418
[18-Jan-2025 10:24:08 UTC] PHP Warning:  Undefined variable $branch_name in /var/www/html/wp-content/themes/rcdevelopers/page-client-dashboard.php on line 426
[18-Jan-2025 10:24:08 UTC] PHP Warning:  Undefined variable $account_number in /var/www/html/wp-content/themes/rcdevelopers/page-client-dashboard.php on line 432
[18-Jan-2025 10:24:08 UTC] PHP Warning:  Undefined variable $ifsc_code in /var/www/html/wp-content/themes/rcdevelopers/page-client-dashboard.php on line 440
[18-Jan-2025 10:24:08 UTC] PHP Warning:  Undefined variable $existing_business in /var/www/html/wp-content/themes/rcdevelopers/page-client-dashboard.php on line 454
[18-Jan-2025 10:24:08 UTC] PHP Warning:  Undefined variable $languages in /var/www/html/wp-content/themes/rcdevelopers/page-client-dashboard.php on line 460
[18-Jan-2025 10:24:08 UTC] PHP Warning:  Undefined variable $experience in /var/www/html/wp-content/themes/rcdevelopers/page-client-dashboard.php on line 468
[21-Jan-2025 07:40:03 UTC] PHP Notice:  Only variables should be passed by reference in /var/www/html/wp-content/themes/rcdevelopers/page-dashboard.php on line 44
[21-Jan-2025 07:40:03 UTC] PHP Notice:  Only variables should be passed by reference in /var/www/html/wp-content/themes/rcdevelopers/page-dashboard.php on line 50
[21-Jan-2025 07:40:03 UTC] PHP Notice:  Only variables should be passed by reference in /var/www/html/wp-content/themes/rcdevelopers/page-dashboard.php on line 56
[21-Jan-2025 07:43:43 UTC] PHP Notice:  Only variables should be passed by reference in /var/www/html/wp-content/themes/rcdevelopers/page-dashboard.php on line 44
[21-Jan-2025 07:43:43 UTC] PHP Notice:  Only variables should be passed by reference in /var/www/html/wp-content/themes/rcdevelopers/page-dashboard.php on line 50
[21-Jan-2025 07:43:43 UTC] PHP Notice:  Only variables should be passed by reference in /var/www/html/wp-content/themes/rcdevelopers/page-dashboard.php on line 56
[21-Jan-2025 07:48:23 UTC] PHP Warning:  Cannot modify header information - headers already sent by (output started at /var/www/html/wp-content/themes/rcdevelopers/page-dashboard.php:1) in /var/www/html/wp-includes/pluggable.php on line 1435
[21-Jan-2025 07:48:23 UTC] PHP Warning:  Cannot modify header information - headers already sent by (output started at /var/www/html/wp-content/themes/rcdevelopers/page-dashboard.php:1) in /var/www/html/wp-includes/pluggable.php on line 1438
[21-Jan-2025 07:52:57 UTC] PHP Notice:  Only variables should be passed by reference in /var/www/html/wp-content/themes/rcdevelopers/page-dashboard.php on line 44
[21-Jan-2025 07:52:57 UTC] PHP Notice:  Only variables should be passed by reference in /var/www/html/wp-content/themes/rcdevelopers/page-dashboard.php on line 50
[21-Jan-2025 07:52:57 UTC] PHP Notice:  Only variables should be passed by reference in /var/www/html/wp-content/themes/rcdevelopers/page-dashboard.php on line 56
[21-Jan-2025 07:55:02 UTC] PHP Notice:  Only variables should be passed by reference in /var/www/html/wp-content/themes/rcdevelopers/page-dashboard.php on line 44
[21-Jan-2025 07:55:02 UTC] PHP Notice:  Only variables should be passed by reference in /var/www/html/wp-content/themes/rcdevelopers/page-dashboard.php on line 50
[21-Jan-2025 07:55:02 UTC] PHP Notice:  Only variables should be passed by reference in /var/www/html/wp-content/themes/rcdevelopers/page-dashboard.php on line 56
[21-Jan-2025 08:02:49 UTC] PHP Notice:  Only variables should be passed by reference in /var/www/html/wp-content/themes/rcdevelopers/page-dashboard.php on line 44
[21-Jan-2025 08:02:49 UTC] PHP Notice:  Only variables should be passed by reference in /var/www/html/wp-content/themes/rcdevelopers/page-dashboard.php on line 50
[21-Jan-2025 08:02:49 UTC] PHP Notice:  Only variables should be passed by reference in /var/www/html/wp-content/themes/rcdevelopers/page-dashboard.php on line 56
[21-Jan-2025 08:02:53 UTC] PHP Notice:  Only variables should be passed by reference in /var/www/html/wp-content/themes/rcdevelopers/page-dashboard.php on line 44
[21-Jan-2025 08:02:53 UTC] PHP Notice:  Only variables should be passed by reference in /var/www/html/wp-content/themes/rcdevelopers/page-dashboard.php on line 50
[21-Jan-2025 08:02:53 UTC] PHP Notice:  Only variables should be passed by reference in /var/www/html/wp-content/themes/rcdevelopers/page-dashboard.php on line 56
[21-Jan-2025 08:26:19 UTC] PHP Notice:  Only variables should be passed by reference in /var/www/html/wp-content/themes/rcdevelopers/page-dashboard.php on line 44
[21-Jan-2025 08:29:11 UTC] PHP Notice:  Only variables should be passed by reference in /var/www/html/wp-content/themes/rcdevelopers/page-client_dashboard.php on line 50
[21-Jan-2025 08:30:35 UTC] PHP Notice:  Only variables should be passed by reference in /var/www/html/wp-content/themes/rcdevelopers/page-client_dashboard.php on line 50
[21-Jan-2025 08:31:38 UTC] PHP Warning:  Cannot modify header information - headers already sent by (output started at /var/www/html/wp-content/themes/rcdevelopers/page-dashboard.php:1) in /var/www/html/wp-includes/pluggable.php on line 1435
[21-Jan-2025 08:31:38 UTC] PHP Warning:  Cannot modify header information - headers already sent by (output started at /var/www/html/wp-content/themes/rcdevelopers/page-dashboard.php:1) in /var/www/html/wp-includes/pluggable.php on line 1438
[21-Jan-2025 08:31:53 UTC] PHP Warning:  Cannot modify header information - headers already sent by (output started at /var/www/html/wp-content/themes/rcdevelopers/page-dashboard.php:1) in /var/www/html/wp-includes/pluggable.php on line 1435
[21-Jan-2025 08:31:53 UTC] PHP Warning:  Cannot modify header information - headers already sent by (output started at /var/www/html/wp-content/themes/rcdevelopers/page-dashboard.php:1) in /var/www/html/wp-includes/pluggable.php on line 1438
[21-Jan-2025 08:33:50 UTC] PHP Warning:  Cannot modify header information - headers already sent by (output started at /var/www/html/wp-content/themes/rcdevelopers/page-client_dashboard.php:1) in /var/www/html/wp-includes/pluggable.php on line 1435
[21-Jan-2025 08:33:50 UTC] PHP Warning:  Cannot modify header information - headers already sent by (output started at /var/www/html/wp-content/themes/rcdevelopers/page-client_dashboard.php:1) in /var/www/html/wp-includes/pluggable.php on line 1438
[21-Jan-2025 08:37:59 UTC] PHP Notice:  Only variables should be passed by reference in /var/www/html/wp-content/themes/rcdevelopers/page-dashboard.php on line 44
[21-Jan-2025 08:37:59 UTC] PHP Notice:  Only variables should be passed by reference in /var/www/html/wp-content/themes/rcdevelopers/page-dashboard.php on line 50
[21-Jan-2025 08:37:59 UTC] PHP Notice:  Only variables should be passed by reference in /var/www/html/wp-content/themes/rcdevelopers/page-dashboard.php on line 56
[21-Jan-2025 08:40:36 UTC] PHP Notice:  Only variables should be passed by reference in /var/www/html/wp-content/themes/rcdevelopers/page-client_dashboard.php on line 50
[21-Jan-2025 08:43:03 UTC] PHP Notice:  Only variables should be passed by reference in /var/www/html/wp-content/themes/rcdevelopers/page-client_dashboard.php on line 50
[21-Jan-2025 08:47:40 UTC] PHP Notice:  Only variables should be passed by reference in /var/www/html/wp-content/themes/rcdevelopers/page-client_dashboard.php on line 50
[21-Jan-2025 22:19:24 UTC] PHP Notice:  Only variables should be passed by reference in /var/www/html/wp-content/themes/rcdevelopers/page-dashboard.php on line 44
[21-Jan-2025 22:19:24 UTC] PHP Notice:  Only variables should be passed by reference in /var/www/html/wp-content/themes/rcdevelopers/page-dashboard.php on line 50
[21-Jan-2025 22:19:24 UTC] PHP Notice:  Only variables should be passed by reference in /var/www/html/wp-content/themes/rcdevelopers/page-dashboard.php on line 56
[21-Jan-2025 22:21:56 UTC] PHP Notice:  Only variables should be passed by reference in /var/www/html/wp-content/themes/rcdevelopers/page-client_dashboard.php on line 50
[21-Jan-2025 22:25:21 UTC] PHP Notice:  Only variables should be passed by reference in /var/www/html/wp-content/themes/rcdevelopers/page-client_dashboard.php on line 50
[21-Jan-2025 22:25:55 UTC] PHP Notice:  Only variables should be passed by reference in /var/www/html/wp-content/themes/rcdevelopers/page-client_dashboard.php on line 50
[21-Jan-2025 22:31:01 UTC] PHP Notice:  Only variables should be passed by reference in /var/www/html/wp-content/themes/rcdevelopers/page-client_dashboard.php on line 50
[21-Jan-2025 22:38:23 UTC] PHP Notice:  Only variables should be passed by reference in /var/www/html/wp-content/themes/rcdevelopers/page-client_dashboard.php on line 50
[21-Jan-2025 22:39:22 UTC] PHP Notice:  Only variables should be passed by reference in /var/www/html/wp-content/themes/rcdevelopers/page-client_dashboard.php on line 50
[21-Jan-2025 22:40:32 UTC] PHP Notice:  Only variables should be passed by reference in /var/www/html/wp-content/themes/rcdevelopers/page-client_dashboard.php on line 50
[21-Jan-2025 22:43:10 UTC] PHP Notice:  Only variables should be passed by reference in /var/www/html/wp-content/themes/rcdevelopers/page-client_dashboard.php on line 50
[22-Jan-2025 08:21:05 UTC] PHP Notice:  Only variables should be passed by reference in /var/www/html/wp-content/themes/rcdevelopers/page-dashboard.php on line 44
[22-Jan-2025 08:22:05 UTC] PHP Notice:  Only variables should be passed by reference in /var/www/html/wp-content/themes/rcdevelopers/page-dashboard.php on line 44
[22-Jan-2025 08:25:14 UTC] PHP Notice:  Only variables should be passed by reference in /var/www/html/wp-content/themes/rcdevelopers/page-client_dashboard.php on line 50
[22-Jan-2025 09:55:47 UTC] PHP Notice:  Only variables should be passed by reference in /var/www/html/wp-content/themes/rcdevelopers/page-client_dashboard.php on line 50
[22-Jan-2025 09:56:12 UTC] PHP Notice:  Only variables should be passed by reference in /var/www/html/wp-content/themes/rcdevelopers/page-client_dashboard.php on line 50
[22-Jan-2025 10:21:20 UTC] PHP Notice:  Only variables should be passed by reference in /var/www/html/wp-content/themes/rcdevelopers/page-client_dashboard.php on line 50
[22-Jan-2025 10:25:51 UTC] PHP Notice:  Only variables should be passed by reference in /var/www/html/wp-content/themes/rcdevelopers/page-client_dashboard.php on line 50
[22-Jan-2025 10:26:23 UTC] PHP Notice:  Only variables should be passed by reference in /var/www/html/wp-content/themes/rcdevelopers/page-client_dashboard.php on line 50
[22-Jan-2025 10:28:18 UTC] PHP Notice:  Only variables should be passed by reference in /var/www/html/wp-content/themes/rcdevelopers/page-client_dashboard.php on line 50
[22-Jan-2025 10:28:38 UTC] PHP Notice:  Only variables should be passed by reference in /var/www/html/wp-content/themes/rcdevelopers/page-client_dashboard.php on line 50
[22-Jan-2025 10:29:00 UTC] PHP Notice:  Only variables should be passed by reference in /var/www/html/wp-content/themes/rcdevelopers/page-client_dashboard.php on line 50
[22-Jan-2025 10:29:28 UTC] PHP Notice:  Only variables should be passed by reference in /var/www/html/wp-content/themes/rcdevelopers/page-client_dashboard.php on line 50
[22-Jan-2025 10:30:27 UTC] PHP Notice:  Only variables should be passed by reference in /var/www/html/wp-content/themes/rcdevelopers/page-client_dashboard.php on line 50
[22-Jan-2025 10:56:21 UTC] PHP Notice:  Only variables should be passed by reference in /var/www/html/wp-content/themes/rcdevelopers/page-client_dashboard.php on line 50
[22-Jan-2025 10:56:41 UTC] PHP Notice:  Only variables should be passed by reference in /var/www/html/wp-content/themes/rcdevelopers/page-client_dashboard.php on line 50
[22-Jan-2025 10:57:03 UTC] PHP Notice:  Only variables should be passed by reference in /var/www/html/wp-content/themes/rcdevelopers/page-client_dashboard.php on line 50
[22-Jan-2025 10:57:45 UTC] PHP Notice:  Only variables should be passed by reference in /var/www/html/wp-content/themes/rcdevelopers/page-client_dashboard.php on line 50
[22-Jan-2025 11:01:12 UTC] PHP Notice:  Only variables should be passed by reference in /var/www/html/wp-content/themes/rcdevelopers/page-client_dashboard.php on line 50
[22-Jan-2025 11:03:28 UTC] PHP Notice:  Only variables should be passed by reference in /var/www/html/wp-content/themes/rcdevelopers/page-client_dashboard.php on line 50
[22-Jan-2025 11:10:29 UTC] PHP Notice:  Only variables should be passed by reference in /var/www/html/wp-content/themes/rcdevelopers/page-client_dashboard.php on line 50
[22-Jan-2025 11:10:54 UTC] PHP Notice:  Only variables should be passed by reference in /var/www/html/wp-content/themes/rcdevelopers/page-client_dashboard.php on line 50
[22-Jan-2025 11:11:25 UTC] PHP Notice:  Only variables should be passed by reference in /var/www/html/wp-content/themes/rcdevelopers/page-client_dashboard.php on line 50
[22-Jan-2025 11:11:50 UTC] PHP Notice:  Only variables should be passed by reference in /var/www/html/wp-content/themes/rcdevelopers/page-client_dashboard.php on line 50
[22-Jan-2025 11:12:54 UTC] PHP Notice:  Only variables should be passed by reference in /var/www/html/wp-content/themes/rcdevelopers/page-client_dashboard.php on line 50
[22-Jan-2025 11:15:06 UTC] PHP Notice:  Only variables should be passed by reference in /var/www/html/wp-content/themes/rcdevelopers/page-client_dashboard.php on line 50
[22-Jan-2025 11:15:42 UTC] PHP Notice:  Only variables should be passed by reference in /var/www/html/wp-content/themes/rcdevelopers/page-client_dashboard.php on line 50
[22-Jan-2025 11:15:58 UTC] PHP Notice:  Only variables should be passed by reference in /var/www/html/wp-content/themes/rcdevelopers/page-client_dashboard.php on line 50
[22-Jan-2025 11:17:14 UTC] PHP Notice:  Only variables should be passed by reference in /var/www/html/wp-content/themes/rcdevelopers/page-client_dashboard.php on line 50
[22-Jan-2025 11:17:36 UTC] PHP Notice:  Only variables should be passed by reference in /var/www/html/wp-content/themes/rcdevelopers/page-client_dashboard.php on line 50
[22-Jan-2025 11:18:23 UTC] PHP Notice:  Only variables should be passed by reference in /var/www/html/wp-content/themes/rcdevelopers/page-client_dashboard.php on line 50
[22-Jan-2025 11:19:13 UTC] PHP Notice:  Only variables should be passed by reference in /var/www/html/wp-content/themes/rcdevelopers/page-client_dashboard.php on line 50
[22-Jan-2025 11:19:45 UTC] PHP Notice:  Only variables should be passed by reference in /var/www/html/wp-content/themes/rcdevelopers/page-client_dashboard.php on line 50
[22-Jan-2025 11:20:36 UTC] PHP Notice:  Only variables should be passed by reference in /var/www/html/wp-content/themes/rcdevelopers/page-client_dashboard.php on line 50
[22-Jan-2025 11:21:01 UTC] PHP Notice:  Only variables should be passed by reference in /var/www/html/wp-content/themes/rcdevelopers/page-client_dashboard.php on line 50
[22-Jan-2025 11:21:38 UTC] PHP Notice:  Only variables should be passed by reference in /var/www/html/wp-content/themes/rcdevelopers/page-client_dashboard.php on line 50
[22-Jan-2025 11:28:57 UTC] PHP Notice:  Only variables should be passed by reference in /var/www/html/wp-content/themes/rcdevelopers/page-client_dashboard.php on line 50
[22-Jan-2025 11:29:52 UTC] PHP Notice:  Only variables should be passed by reference in /var/www/html/wp-content/themes/rcdevelopers/page-client_dashboard.php on line 50
[22-Jan-2025 11:32:22 UTC] PHP Notice:  Only variables should be passed by reference in /var/www/html/wp-content/themes/rcdevelopers/page-client_dashboard.php on line 50
[22-Jan-2025 11:34:25 UTC] PHP Notice:  Only variables should be passed by reference in /var/www/html/wp-content/themes/rcdevelopers/page-client_dashboard.php on line 50
[22-Jan-2025 11:34:51 UTC] PHP Notice:  Only variables should be passed by reference in /var/www/html/wp-content/themes/rcdevelopers/page-client_dashboard.php on line 50
[22-Jan-2025 19:42:02 UTC] PHP Notice:  Only variables should be passed by reference in /var/www/html/wp-content/themes/rcdevelopers/page-client_dashboard.php on line 50
[22-Jan-2025 21:11:01 UTC] PHP Notice:  Only variables should be passed by reference in /var/www/html/wp-content/themes/rcdevelopers/page-client_dashboard.php on line 50
[22-Jan-2025 21:16:49 UTC] PHP Notice:  Only variables should be passed by reference in /var/www/html/wp-content/themes/rcdevelopers/page-client_dashboard.php on line 50
[22-Jan-2025 21:40:40 UTC] PHP Notice:  Only variables should be passed by reference in /var/www/html/wp-content/themes/rcdevelopers/page-client_dashboard.php on line 50
[22-Jan-2025 21:45:35 UTC] PHP Notice:  Only variables should be passed by reference in /var/www/html/wp-content/themes/rcdevelopers/page-client_dashboard.php on line 50
[22-Jan-2025 21:46:17 UTC] PHP Notice:  Only variables should be passed by reference in /var/www/html/wp-content/themes/rcdevelopers/page-client_dashboard.php on line 50
[22-Jan-2025 21:47:38 UTC] PHP Notice:  Only variables should be passed by reference in /var/www/html/wp-content/themes/rcdevelopers/page-client_dashboard.php on line 50
[22-Jan-2025 21:48:40 UTC] PHP Notice:  Only variables should be passed by reference in /var/www/html/wp-content/themes/rcdevelopers/page-client_dashboard.php on line 50
[22-Jan-2025 21:50:03 UTC] PHP Notice:  Only variables should be passed by reference in /var/www/html/wp-content/themes/rcdevelopers/page-client_dashboard.php on line 50
[22-Jan-2025 21:50:53 UTC] PHP Warning:  Cannot modify header information - headers already sent by (output started at /var/www/html/wp-content/themes/rcdevelopers/page-client_dashboard.php:1) in /var/www/html/wp-includes/pluggable.php on line 1435
[22-Jan-2025 21:50:53 UTC] PHP Warning:  Cannot modify header information - headers already sent by (output started at /var/www/html/wp-content/themes/rcdevelopers/page-client_dashboard.php:1) in /var/www/html/wp-includes/pluggable.php on line 1438
[22-Jan-2025 21:52:17 UTC] PHP Notice:  Only variables should be passed by reference in /var/www/html/wp-content/themes/rcdevelopers/page-client_dashboard.php on line 50
[22-Jan-2025 21:52:42 UTC] PHP Notice:  Only variables should be passed by reference in /var/www/html/wp-content/themes/rcdevelopers/page-client_dashboard.php on line 50
[22-Jan-2025 21:52:59 UTC] PHP Notice:  Only variables should be passed by reference in /var/www/html/wp-content/themes/rcdevelopers/page-client_dashboard.php on line 50
[22-Jan-2025 21:53:18 UTC] PHP Warning:  Cannot modify header information - headers already sent by (output started at /var/www/html/wp-content/themes/rcdevelopers/page-client_dashboard.php:1) in /var/www/html/wp-includes/pluggable.php on line 1435
[22-Jan-2025 21:53:18 UTC] PHP Warning:  Cannot modify header information - headers already sent by (output started at /var/www/html/wp-content/themes/rcdevelopers/page-client_dashboard.php:1) in /var/www/html/wp-includes/pluggable.php on line 1438
[22-Jan-2025 21:54:04 UTC] PHP Notice:  Only variables should be passed by reference in /var/www/html/wp-content/themes/rcdevelopers/page-client_dashboard.php on line 50
[22-Jan-2025 21:54:46 UTC] PHP Notice:  Only variables should be passed by reference in /var/www/html/wp-content/themes/rcdevelopers/page-client_dashboard.php on line 50
[22-Jan-2025 21:55:24 UTC] PHP Notice:  Only variables should be passed by reference in /var/www/html/wp-content/themes/rcdevelopers/page-client_dashboard.php on line 50
[22-Jan-2025 22:00:37 UTC] PHP Notice:  Only variables should be passed by reference in /var/www/html/wp-content/themes/rcdevelopers/page-client_dashboard.php on line 50
[23-Jan-2025 07:03:29 UTC] PHP Notice:  Only variables should be passed by reference in /var/www/html/wp-content/themes/rcdevelopers/page-client_dashboard.php on line 50
[23-Jan-2025 07:08:36 UTC] PHP Notice:  Only variables should be passed by reference in /var/www/html/wp-content/themes/rcdevelopers/page-client_dashboard.php on line 50
[23-Jan-2025 07:09:02 UTC] PHP Notice:  Only variables should be passed by reference in /var/www/html/wp-content/themes/rcdevelopers/page-client_dashboard.php on line 50
[23-Jan-2025 07:11:55 UTC] PHP Notice:  Only variables should be passed by reference in /var/www/html/wp-content/themes/rcdevelopers/page-client_dashboard.php on line 50
[23-Jan-2025 07:12:40 UTC] PHP Notice:  Only variables should be passed by reference in /var/www/html/wp-content/themes/rcdevelopers/page-client_dashboard.php on line 50
[23-Jan-2025 07:15:14 UTC] PHP Notice:  Only variables should be passed by reference in /var/www/html/wp-content/themes/rcdevelopers/page-client_dashboard.php on line 50
[23-Jan-2025 07:16:18 UTC] PHP Notice:  Only variables should be passed by reference in /var/www/html/wp-content/themes/rcdevelopers/page-client_dashboard.php on line 50
[23-Jan-2025 07:17:32 UTC] PHP Notice:  Only variables should be passed by reference in /var/www/html/wp-content/themes/rcdevelopers/page-client_dashboard.php on line 50
[23-Jan-2025 07:17:54 UTC] PHP Notice:  Only variables should be passed by reference in /var/www/html/wp-content/themes/rcdevelopers/page-client_dashboard.php on line 50
[23-Jan-2025 07:19:58 UTC] PHP Notice:  Only variables should be passed by reference in /var/www/html/wp-content/themes/rcdevelopers/page-client_dashboard.php on line 50
[23-Jan-2025 07:20:11 UTC] PHP Notice:  Only variables should be passed by reference in /var/www/html/wp-content/themes/rcdevelopers/page-client_dashboard.php on line 50
[23-Jan-2025 07:20:22 UTC] PHP Notice:  Only variables should be passed by reference in /var/www/html/wp-content/themes/rcdevelopers/page-client_dashboard.php on line 50
[23-Jan-2025 07:21:02 UTC] PHP Notice:  Only variables should be passed by reference in /var/www/html/wp-content/themes/rcdevelopers/page-client_dashboard.php on line 50
[23-Jan-2025 07:21:22 UTC] PHP Notice:  Only variables should be passed by reference in /var/www/html/wp-content/themes/rcdevelopers/page-client_dashboard.php on line 50
[23-Jan-2025 07:21:44 UTC] PHP Notice:  Only variables should be passed by reference in /var/www/html/wp-content/themes/rcdevelopers/page-client_dashboard.php on line 50
[23-Jan-2025 07:24:59 UTC] PHP Notice:  Only variables should be passed by reference in /var/www/html/wp-content/themes/rcdevelopers/page-client_dashboard.php on line 50
[23-Jan-2025 07:29:24 UTC] PHP Notice:  Only variables should be passed by reference in /var/www/html/wp-content/themes/rcdevelopers/page-client_dashboard.php on line 50
[23-Jan-2025 07:29:53 UTC] PHP Notice:  Only variables should be passed by reference in /var/www/html/wp-content/themes/rcdevelopers/page-client_dashboard.php on line 50
[23-Jan-2025 07:34:08 UTC] PHP Notice:  Only variables should be passed by reference in /var/www/html/wp-content/themes/rcdevelopers/page-client_dashboard.php on line 50
[23-Jan-2025 08:10:55 UTC] PHP Warning:  Cannot modify header information - headers already sent by (output started at /var/www/html/wp-content/plugins/rcdevelopers-plugin/rcdevelopers-plugin.php:1) in /var/www/html/wp-admin/includes/misc.php on line 1438
[23-Jan-2025 08:10:55 UTC] PHP Warning:  Cannot modify header information - headers already sent by (output started at /var/www/html/wp-content/plugins/rcdevelopers-plugin/rcdevelopers-plugin.php:1) in /var/www/html/wp-includes/functions.php on line 7108
[23-Jan-2025 08:10:56 UTC] PHP Warning:  Cannot modify header information - headers already sent by (output started at /var/www/html/wp-content/plugins/rcdevelopers-plugin/rcdevelopers-plugin.php:1) in /var/www/html/wp-admin/admin-header.php on line 9
[23-Jan-2025 08:12:05 UTC] PHP Warning:  Cannot modify header information - headers already sent by (output started at /var/www/html/wp-content/plugins/rcdevelopers-plugin/rcdevelopers-plugin.php:1) in /var/www/html/wp-admin/admin-ajax.php on line 27
[23-Jan-2025 08:12:05 UTC] PHP Warning:  Cannot modify header information - headers already sent by (output started at /var/www/html/wp-content/plugins/rcdevelopers-plugin/rcdevelopers-plugin.php:1) in /var/www/html/wp-admin/admin-ajax.php on line 28
[23-Jan-2025 08:12:05 UTC] PHP Warning:  Cannot modify header information - headers already sent by (output started at /var/www/html/wp-content/plugins/rcdevelopers-plugin/rcdevelopers-plugin.php:1) in /var/www/html/wp-includes/functions.php on line 6995
[23-Jan-2025 08:12:05 UTC] PHP Warning:  Cannot modify header information - headers already sent by (output started at /var/www/html/wp-content/plugins/rcdevelopers-plugin/rcdevelopers-plugin.php:1) in /var/www/html/wp-admin/includes/misc.php on line 1438
[23-Jan-2025 08:12:05 UTC] PHP Warning:  Cannot modify header information - headers already sent by (output started at /var/www/html/wp-content/plugins/rcdevelopers-plugin/rcdevelopers-plugin.php:1) in /var/www/html/wp-includes/functions.php on line 7108
[23-Jan-2025 08:14:03 UTC] PHP Warning:  Cannot modify header information - headers already sent by (output started at /var/www/html/wp-content/plugins/rcdevelopers-plugin/rcdevelopers-plugin.php:1) in /var/www/html/wp-admin/admin-ajax.php on line 27
[23-Jan-2025 08:14:03 UTC] PHP Warning:  Cannot modify header information - headers already sent by (output started at /var/www/html/wp-content/plugins/rcdevelopers-plugin/rcdevelopers-plugin.php:1) in /var/www/html/wp-admin/admin-ajax.php on line 28
[23-Jan-2025 08:14:03 UTC] PHP Warning:  Cannot modify header information - headers already sent by (output started at /var/www/html/wp-content/plugins/rcdevelopers-plugin/rcdevelopers-plugin.php:1) in /var/www/html/wp-includes/functions.php on line 6995
[23-Jan-2025 08:14:04 UTC] PHP Warning:  Cannot modify header information - headers already sent by (output started at /var/www/html/wp-content/plugins/rcdevelopers-plugin/rcdevelopers-plugin.php:1) in /var/www/html/wp-admin/includes/misc.php on line 1438
[23-Jan-2025 08:14:04 UTC] PHP Warning:  Cannot modify header information - headers already sent by (output started at /var/www/html/wp-content/plugins/rcdevelopers-plugin/rcdevelopers-plugin.php:1) in /var/www/html/wp-includes/functions.php on line 7108
[23-Jan-2025 11:09:06 UTC] PHP Notice:  Only variables should be passed by reference in /var/www/html/wp-content/themes/rcdevelopers/page-client_dashboard.php on line 50
[23-Jan-2025 11:09:06 UTC] WordPress database error Table 'wordpress.wp_payments_table' doesn't exist for query SELECT * FROM wp_payments_table WHERE client_id = 7 made by require('wp-blog-header.php'), require_once('wp-includes/template-loader.php'), include('/themes/rcdevelopers/page-client_dashboard.php'), get_payment_details_by_client_id
[23-Jan-2025 11:12:12 UTC] PHP Notice:  Only variables should be passed by reference in /var/www/html/wp-content/themes/rcdevelopers/page-client_dashboard.php on line 50
[23-Jan-2025 11:12:12 UTC] WordPress database error Table 'wordpress.wp_payments_table' doesn't exist for query SELECT * FROM wp_payments_table WHERE client_id = 7 made by require('wp-blog-header.php'), require_once('wp-includes/template-loader.php'), include('/themes/rcdevelopers/page-client_dashboard.php'), get_payment_details_by_client_id
[23-Jan-2025 11:20:38 UTC] PHP Fatal error:  Uncaught TypeError: call_user_func_array(): Argument #1 ($callback) must be a valid callback, function "create_status_table" not found or invalid function name in /var/www/html/wp-includes/class-wp-hook.php:324
Stack trace:
#0 /var/www/html/wp-includes/class-wp-hook.php(348): WP_Hook->apply_filters(NULL, Array)
#1 /var/www/html/wp-includes/plugin.php(517): WP_Hook->do_action(Array)
#2 /var/www/html/wp-admin/includes/plugin.php(703): do_action('activate_rcdeve...', false)
#3 /var/www/html/wp-admin/plugins.php(60): activate_plugin('rcdevelopers-pl...', 'http://localhos...', false)
#4 {main}
  thrown in /var/www/html/wp-includes/class-wp-hook.php on line 324
[23-Jan-2025 11:20:54 UTC] PHP Notice:  Only variables should be passed by reference in /var/www/html/wp-content/themes/rcdevelopers/page-client_dashboard.php on line 50
[23-Jan-2025 11:20:54 UTC] PHP Fatal error:  Uncaught Error: Call to undefined function get_payment_details_by_client_id() in /var/www/html/wp-content/themes/rcdevelopers/page-client_dashboard.php:427
Stack trace:
#0 /var/www/html/wp-includes/template-loader.php(106): include()
#1 /var/www/html/wp-blog-header.php(19): require_once('/var/www/html/w...')
#2 /var/www/html/index.php(17): require('/var/www/html/w...')
#3 {main}
  thrown in /var/www/html/wp-content/themes/rcdevelopers/page-client_dashboard.php on line 427
[23-Jan-2025 11:25:14 UTC] PHP Notice:  Only variables should be passed by reference in /var/www/html/wp-content/themes/rcdevelopers/page-client_dashboard.php on line 50
[24-Jan-2025 07:32:45 UTC] PHP Deprecated:  Creation of dynamic property RZP_Setting::$title is deprecated in /var/www/html/wp-content/plugins/razorpay-payment-button/includes/rzp-btn-settings.php on line 13
[24-Jan-2025 07:32:45 UTC] PHP Deprecated:  Creation of dynamic property RZP_Setting::$description is deprecated in /var/www/html/wp-content/plugins/razorpay-payment-button/includes/rzp-btn-settings.php on line 15
[24-Jan-2025 07:32:45 UTC] PHP Deprecated:  Creation of dynamic property RZP_Setting::$keyID is deprecated in /var/www/html/wp-content/plugins/razorpay-payment-button/includes/rzp-btn-settings.php on line 17
[24-Jan-2025 07:32:45 UTC] PHP Deprecated:  Creation of dynamic property RZP_Setting::$keySecret is deprecated in /var/www/html/wp-content/plugins/razorpay-payment-button/includes/rzp-btn-settings.php on line 19
[24-Jan-2025 07:32:45 UTC] PHP Deprecated:  Creation of dynamic property RZP_Setting::$paymentAction is deprecated in /var/www/html/wp-content/plugins/razorpay-payment-button/includes/rzp-btn-settings.php on line 21
[24-Jan-2025 07:32:45 UTC] PHP Deprecated:  Creation of dynamic property RZP_Setting::$template is deprecated in /var/www/html/wp-content/plugins/razorpay-payment-button/includes/rzp-btn-settings.php on line 23
[24-Jan-2025 07:32:45 UTC] PHP Deprecated:  Creation of dynamic property RZP_Payment_Button_Loader::$settings is deprecated in /var/www/html/wp-content/plugins/razorpay-payment-button/razorpay-payment-buttons.php on line 73
[24-Jan-2025 07:32:48 UTC] PHP Deprecated:  Creation of dynamic property RZP_Setting::$title is deprecated in /var/www/html/wp-content/plugins/razorpay-payment-button/includes/rzp-btn-settings.php on line 13
[24-Jan-2025 07:32:48 UTC] PHP Deprecated:  Creation of dynamic property RZP_Setting::$description is deprecated in /var/www/html/wp-content/plugins/razorpay-payment-button/includes/rzp-btn-settings.php on line 15
[24-Jan-2025 07:32:48 UTC] PHP Deprecated:  Creation of dynamic property RZP_Setting::$keyID is deprecated in /var/www/html/wp-content/plugins/razorpay-payment-button/includes/rzp-btn-settings.php on line 17
[24-Jan-2025 07:32:48 UTC] PHP Deprecated:  Creation of dynamic property RZP_Setting::$keySecret is deprecated in /var/www/html/wp-content/plugins/razorpay-payment-button/includes/rzp-btn-settings.php on line 19
[24-Jan-2025 07:32:48 UTC] PHP Deprecated:  Creation of dynamic property RZP_Setting::$paymentAction is deprecated in /var/www/html/wp-content/plugins/razorpay-payment-button/includes/rzp-btn-settings.php on line 21
[24-Jan-2025 07:32:48 UTC] PHP Deprecated:  Creation of dynamic property RZP_Setting::$template is deprecated in /var/www/html/wp-content/plugins/razorpay-payment-button/includes/rzp-btn-settings.php on line 23
[24-Jan-2025 07:32:48 UTC] PHP Deprecated:  Creation of dynamic property RZP_Payment_Button_Loader::$settings is deprecated in /var/www/html/wp-content/plugins/razorpay-payment-button/razorpay-payment-buttons.php on line 73
[24-Jan-2025 07:32:55 UTC] PHP Warning:  Cannot modify header information - headers already sent by (output started at /var/www/html/wp-content/plugins/razorpay-payment-button/includes/rzp-btn-settings.php:13) in /var/www/html/wp-admin/includes/misc.php on line 1438
[24-Jan-2025 07:32:55 UTC] PHP Warning:  Cannot modify header information - headers already sent by (output started at /var/www/html/wp-content/plugins/razorpay-payment-button/includes/rzp-btn-settings.php:13) in /var/www/html/wp-includes/functions.php on line 7108
[24-Jan-2025 07:32:56 UTC] PHP Warning:  Cannot modify header information - headers already sent by (output started at /var/www/html/wp-content/plugins/razorpay-payment-button/includes/rzp-btn-settings.php:13) in /var/www/html/wp-admin/admin-header.php on line 9
[24-Jan-2025 07:33:02 UTC] PHP Deprecated:  Creation of dynamic property RZP_Setting::$title is deprecated in /var/www/html/wp-content/plugins/razorpay-payment-button/includes/rzp-btn-settings.php on line 13
[24-Jan-2025 07:33:02 UTC] PHP Deprecated:  Creation of dynamic property RZP_Setting::$description is deprecated in /var/www/html/wp-content/plugins/razorpay-payment-button/includes/rzp-btn-settings.php on line 15
[24-Jan-2025 07:33:02 UTC] PHP Deprecated:  Creation of dynamic property RZP_Setting::$keyID is deprecated in /var/www/html/wp-content/plugins/razorpay-payment-button/includes/rzp-btn-settings.php on line 17
[24-Jan-2025 07:33:02 UTC] PHP Deprecated:  Creation of dynamic property RZP_Setting::$keySecret is deprecated in /var/www/html/wp-content/plugins/razorpay-payment-button/includes/rzp-btn-settings.php on line 19
[24-Jan-2025 07:33:02 UTC] PHP Deprecated:  Creation of dynamic property RZP_Setting::$paymentAction is deprecated in /var/www/html/wp-content/plugins/razorpay-payment-button/includes/rzp-btn-settings.php on line 21
[24-Jan-2025 07:33:02 UTC] PHP Deprecated:  Creation of dynamic property RZP_Setting::$template is deprecated in /var/www/html/wp-content/plugins/razorpay-payment-button/includes/rzp-btn-settings.php on line 23
[24-Jan-2025 07:33:02 UTC] PHP Deprecated:  Creation of dynamic property RZP_Payment_Button_Loader::$settings is deprecated in /var/www/html/wp-content/plugins/razorpay-payment-button/razorpay-payment-buttons.php on line 73
[24-Jan-2025 07:33:04 UTC] PHP Deprecated:  Creation of dynamic property RZP_Setting::$title is deprecated in /var/www/html/wp-content/plugins/razorpay-payment-button/includes/rzp-btn-settings.php on line 13
[24-Jan-2025 07:33:04 UTC] PHP Deprecated:  Creation of dynamic property RZP_Setting::$description is deprecated in /var/www/html/wp-content/plugins/razorpay-payment-button/includes/rzp-btn-settings.php on line 15
[24-Jan-2025 07:33:04 UTC] PHP Deprecated:  Creation of dynamic property RZP_Setting::$keyID is deprecated in /var/www/html/wp-content/plugins/razorpay-payment-button/includes/rzp-btn-settings.php on line 17
[24-Jan-2025 07:33:04 UTC] PHP Deprecated:  Creation of dynamic property RZP_Setting::$keySecret is deprecated in /var/www/html/wp-content/plugins/razorpay-payment-button/includes/rzp-btn-settings.php on line 19
[24-Jan-2025 07:33:04 UTC] PHP Deprecated:  Creation of dynamic property RZP_Setting::$paymentAction is deprecated in /var/www/html/wp-content/plugins/razorpay-payment-button/includes/rzp-btn-settings.php on line 21
[24-Jan-2025 07:33:04 UTC] PHP Deprecated:  Creation of dynamic property RZP_Setting::$template is deprecated in /var/www/html/wp-content/plugins/razorpay-payment-button/includes/rzp-btn-settings.php on line 23
[24-Jan-2025 07:33:04 UTC] PHP Deprecated:  Creation of dynamic property RZP_Payment_Button_Loader::$settings is deprecated in /var/www/html/wp-content/plugins/razorpay-payment-button/razorpay-payment-buttons.php on line 73
[24-Jan-2025 07:33:13 UTC] PHP Warning:  Cannot modify header information - headers already sent by (output started at /var/www/html/wp-content/plugins/razorpay-payment-button/includes/rzp-btn-settings.php:13) in /var/www/html/wp-includes/pluggable.php on line 1435
[24-Jan-2025 07:33:13 UTC] PHP Warning:  Cannot modify header information - headers already sent by (output started at /var/www/html/wp-content/plugins/razorpay-payment-button/includes/rzp-btn-settings.php:13) in /var/www/html/wp-includes/pluggable.php on line 1438
[24-Jan-2025 07:33:46 UTC] PHP Deprecated:  Creation of dynamic property RZP_Setting::$title is deprecated in /var/www/html/wp-content/plugins/razorpay-payment-button/includes/rzp-btn-settings.php on line 13
[24-Jan-2025 07:33:46 UTC] PHP Deprecated:  Creation of dynamic property RZP_Setting::$description is deprecated in /var/www/html/wp-content/plugins/razorpay-payment-button/includes/rzp-btn-settings.php on line 15
[24-Jan-2025 07:33:46 UTC] PHP Deprecated:  Creation of dynamic property RZP_Setting::$keyID is deprecated in /var/www/html/wp-content/plugins/razorpay-payment-button/includes/rzp-btn-settings.php on line 17
[24-Jan-2025 07:33:46 UTC] PHP Deprecated:  Creation of dynamic property RZP_Setting::$keySecret is deprecated in /var/www/html/wp-content/plugins/razorpay-payment-button/includes/rzp-btn-settings.php on line 19
[24-Jan-2025 07:33:46 UTC] PHP Deprecated:  Creation of dynamic property RZP_Setting::$paymentAction is deprecated in /var/www/html/wp-content/plugins/razorpay-payment-button/includes/rzp-btn-settings.php on line 21
[24-Jan-2025 07:33:46 UTC] PHP Deprecated:  Creation of dynamic property RZP_Setting::$template is deprecated in /var/www/html/wp-content/plugins/razorpay-payment-button/includes/rzp-btn-settings.php on line 23
[24-Jan-2025 07:33:46 UTC] PHP Deprecated:  Creation of dynamic property RZP_Payment_Button_Loader::$settings is deprecated in /var/www/html/wp-content/plugins/razorpay-payment-button/razorpay-payment-buttons.php on line 73
[24-Jan-2025 07:33:49 UTC] PHP Warning:  Cannot modify header information - headers already sent by (output started at /var/www/html/wp-content/plugins/razorpay-payment-button/includes/rzp-btn-settings.php:13) in /var/www/html/wp-admin/includes/misc.php on line 1438
[24-Jan-2025 07:33:49 UTC] PHP Warning:  Cannot modify header information - headers already sent by (output started at /var/www/html/wp-content/plugins/razorpay-payment-button/includes/rzp-btn-settings.php:13) in /var/www/html/wp-includes/functions.php on line 7108
[24-Jan-2025 07:33:49 UTC] PHP Warning:  Cannot modify header information - headers already sent by (output started at /var/www/html/wp-content/plugins/razorpay-payment-button/includes/rzp-btn-settings.php:13) in /var/www/html/wp-admin/admin-header.php on line 9
[24-Jan-2025 07:33:49 UTC] PHP Deprecated:  Creation of dynamic property RZP_Setting::$title is deprecated in /var/www/html/wp-content/plugins/razorpay-payment-button/includes/rzp-btn-settings.php on line 13
[24-Jan-2025 07:33:49 UTC] PHP Deprecated:  Creation of dynamic property RZP_Setting::$description is deprecated in /var/www/html/wp-content/plugins/razorpay-payment-button/includes/rzp-btn-settings.php on line 15
[24-Jan-2025 07:33:49 UTC] PHP Deprecated:  Creation of dynamic property RZP_Setting::$keyID is deprecated in /var/www/html/wp-content/plugins/razorpay-payment-button/includes/rzp-btn-settings.php on line 17
[24-Jan-2025 07:33:49 UTC] PHP Deprecated:  Creation of dynamic property RZP_Setting::$keySecret is deprecated in /var/www/html/wp-content/plugins/razorpay-payment-button/includes/rzp-btn-settings.php on line 19
[24-Jan-2025 07:33:49 UTC] PHP Deprecated:  Creation of dynamic property RZP_Setting::$paymentAction is deprecated in /var/www/html/wp-content/plugins/razorpay-payment-button/includes/rzp-btn-settings.php on line 21
[24-Jan-2025 07:33:49 UTC] PHP Deprecated:  Creation of dynamic property RZP_Setting::$template is deprecated in /var/www/html/wp-content/plugins/razorpay-payment-button/includes/rzp-btn-settings.php on line 23
[24-Jan-2025 07:33:49 UTC] PHP Deprecated:  Creation of dynamic property RZP_Payment_Button_Loader::$settings is deprecated in /var/www/html/wp-content/plugins/razorpay-payment-button/razorpay-payment-buttons.php on line 73
[24-Jan-2025 07:35:31 UTC] PHP Deprecated:  Creation of dynamic property RZP_Setting::$title is deprecated in /var/www/html/wp-content/plugins/razorpay-payment-button/includes/rzp-btn-settings.php on line 13
[24-Jan-2025 07:35:31 UTC] PHP Deprecated:  Creation of dynamic property RZP_Setting::$description is deprecated in /var/www/html/wp-content/plugins/razorpay-payment-button/includes/rzp-btn-settings.php on line 15
[24-Jan-2025 07:35:31 UTC] PHP Deprecated:  Creation of dynamic property RZP_Setting::$keyID is deprecated in /var/www/html/wp-content/plugins/razorpay-payment-button/includes/rzp-btn-settings.php on line 17
[24-Jan-2025 07:35:31 UTC] PHP Deprecated:  Creation of dynamic property RZP_Setting::$keySecret is deprecated in /var/www/html/wp-content/plugins/razorpay-payment-button/includes/rzp-btn-settings.php on line 19
[24-Jan-2025 07:35:31 UTC] PHP Deprecated:  Creation of dynamic property RZP_Setting::$paymentAction is deprecated in /var/www/html/wp-content/plugins/razorpay-payment-button/includes/rzp-btn-settings.php on line 21
[24-Jan-2025 07:35:31 UTC] PHP Deprecated:  Creation of dynamic property RZP_Setting::$template is deprecated in /var/www/html/wp-content/plugins/razorpay-payment-button/includes/rzp-btn-settings.php on line 23
[24-Jan-2025 07:35:31 UTC] PHP Deprecated:  Creation of dynamic property RZP_Payment_Button_Loader::$settings is deprecated in /var/www/html/wp-content/plugins/razorpay-payment-button/razorpay-payment-buttons.php on line 73
[24-Jan-2025 07:35:35 UTC] PHP Warning:  Cannot modify header information - headers already sent by (output started at /var/www/html/wp-content/plugins/razorpay-payment-button/includes/rzp-btn-settings.php:13) in /var/www/html/wp-admin/includes/misc.php on line 1438
[24-Jan-2025 07:35:36 UTC] PHP Warning:  Cannot modify header information - headers already sent by (output started at /var/www/html/wp-content/plugins/razorpay-payment-button/includes/rzp-btn-settings.php:13) in /var/www/html/wp-includes/functions.php on line 7108
[24-Jan-2025 07:35:36 UTC] PHP Warning:  Cannot modify header information - headers already sent by (output started at /var/www/html/wp-content/plugins/razorpay-payment-button/includes/rzp-btn-settings.php:13) in /var/www/html/wp-admin/admin-header.php on line 9
[24-Jan-2025 07:36:39 UTC] PHP Deprecated:  Creation of dynamic property RZP_Setting::$title is deprecated in /var/www/html/wp-content/plugins/razorpay-payment-button/includes/rzp-btn-settings.php on line 13
[24-Jan-2025 07:36:39 UTC] PHP Deprecated:  Creation of dynamic property RZP_Setting::$description is deprecated in /var/www/html/wp-content/plugins/razorpay-payment-button/includes/rzp-btn-settings.php on line 15
[24-Jan-2025 07:36:39 UTC] PHP Deprecated:  Creation of dynamic property RZP_Setting::$keyID is deprecated in /var/www/html/wp-content/plugins/razorpay-payment-button/includes/rzp-btn-settings.php on line 17
[24-Jan-2025 07:36:39 UTC] PHP Deprecated:  Creation of dynamic property RZP_Setting::$keySecret is deprecated in /var/www/html/wp-content/plugins/razorpay-payment-button/includes/rzp-btn-settings.php on line 19
[24-Jan-2025 07:36:39 UTC] PHP Deprecated:  Creation of dynamic property RZP_Setting::$paymentAction is deprecated in /var/www/html/wp-content/plugins/razorpay-payment-button/includes/rzp-btn-settings.php on line 21
[24-Jan-2025 07:36:39 UTC] PHP Deprecated:  Creation of dynamic property RZP_Setting::$template is deprecated in /var/www/html/wp-content/plugins/razorpay-payment-button/includes/rzp-btn-settings.php on line 23
[24-Jan-2025 07:36:39 UTC] PHP Deprecated:  Creation of dynamic property RZP_Payment_Button_Loader::$settings is deprecated in /var/www/html/wp-content/plugins/razorpay-payment-button/razorpay-payment-buttons.php on line 73
[24-Jan-2025 07:37:48 UTC] PHP Deprecated:  Creation of dynamic property RZP_Setting::$title is deprecated in /var/www/html/wp-content/plugins/razorpay-payment-button/includes/rzp-btn-settings.php on line 13
[24-Jan-2025 07:37:48 UTC] PHP Deprecated:  Creation of dynamic property RZP_Setting::$description is deprecated in /var/www/html/wp-content/plugins/razorpay-payment-button/includes/rzp-btn-settings.php on line 15
[24-Jan-2025 07:37:48 UTC] PHP Deprecated:  Creation of dynamic property RZP_Setting::$keyID is deprecated in /var/www/html/wp-content/plugins/razorpay-payment-button/includes/rzp-btn-settings.php on line 17
[24-Jan-2025 07:37:48 UTC] PHP Deprecated:  Creation of dynamic property RZP_Setting::$keySecret is deprecated in /var/www/html/wp-content/plugins/razorpay-payment-button/includes/rzp-btn-settings.php on line 19
[24-Jan-2025 07:37:48 UTC] PHP Deprecated:  Creation of dynamic property RZP_Setting::$paymentAction is deprecated in /var/www/html/wp-content/plugins/razorpay-payment-button/includes/rzp-btn-settings.php on line 21
[24-Jan-2025 07:37:48 UTC] PHP Deprecated:  Creation of dynamic property RZP_Setting::$template is deprecated in /var/www/html/wp-content/plugins/razorpay-payment-button/includes/rzp-btn-settings.php on line 23
[24-Jan-2025 07:37:48 UTC] PHP Deprecated:  Creation of dynamic property RZP_Payment_Button_Loader::$settings is deprecated in /var/www/html/wp-content/plugins/razorpay-payment-button/razorpay-payment-buttons.php on line 73
[24-Jan-2025 07:38:00 UTC] PHP Deprecated:  Creation of dynamic property RZP_Setting::$title is deprecated in /var/www/html/wp-content/plugins/razorpay-payment-button/includes/rzp-btn-settings.php on line 13
[24-Jan-2025 07:38:00 UTC] PHP Deprecated:  Creation of dynamic property RZP_Setting::$description is deprecated in /var/www/html/wp-content/plugins/razorpay-payment-button/includes/rzp-btn-settings.php on line 15
[24-Jan-2025 07:38:00 UTC] PHP Deprecated:  Creation of dynamic property RZP_Setting::$keyID is deprecated in /var/www/html/wp-content/plugins/razorpay-payment-button/includes/rzp-btn-settings.php on line 17
[24-Jan-2025 07:38:00 UTC] PHP Deprecated:  Creation of dynamic property RZP_Setting::$keySecret is deprecated in /var/www/html/wp-content/plugins/razorpay-payment-button/includes/rzp-btn-settings.php on line 19
[24-Jan-2025 07:38:00 UTC] PHP Deprecated:  Creation of dynamic property RZP_Setting::$paymentAction is deprecated in /var/www/html/wp-content/plugins/razorpay-payment-button/includes/rzp-btn-settings.php on line 21
[24-Jan-2025 07:38:00 UTC] PHP Deprecated:  Creation of dynamic property RZP_Setting::$template is deprecated in /var/www/html/wp-content/plugins/razorpay-payment-button/includes/rzp-btn-settings.php on line 23
[24-Jan-2025 07:38:00 UTC] PHP Deprecated:  Creation of dynamic property RZP_Payment_Button_Loader::$settings is deprecated in /var/www/html/wp-content/plugins/razorpay-payment-button/razorpay-payment-buttons.php on line 73
[24-Jan-2025 07:38:03 UTC] PHP Warning:  Cannot modify header information - headers already sent by (output started at /var/www/html/wp-content/plugins/razorpay-payment-button/includes/rzp-btn-settings.php:13) in /var/www/html/wp-admin/includes/misc.php on line 1438
[24-Jan-2025 07:38:03 UTC] PHP Warning:  Cannot modify header information - headers already sent by (output started at /var/www/html/wp-content/plugins/razorpay-payment-button/includes/rzp-btn-settings.php:13) in /var/www/html/wp-includes/functions.php on line 7108
[24-Jan-2025 07:38:03 UTC] PHP Warning:  Cannot modify header information - headers already sent by (output started at /var/www/html/wp-content/plugins/razorpay-payment-button/includes/rzp-btn-settings.php:13) in /var/www/html/wp-includes/pluggable.php on line 1435
[24-Jan-2025 07:38:03 UTC] PHP Warning:  Cannot modify header information - headers already sent by (output started at /var/www/html/wp-content/plugins/razorpay-payment-button/includes/rzp-btn-settings.php:13) in /var/www/html/wp-includes/pluggable.php on line 1438
[24-Jan-2025 07:38:48 UTC] PHP Deprecated:  Creation of dynamic property RZP_Setting::$title is deprecated in /var/www/html/wp-content/plugins/razorpay-payment-button/includes/rzp-btn-settings.php on line 13
[24-Jan-2025 07:38:48 UTC] PHP Deprecated:  Creation of dynamic property RZP_Setting::$description is deprecated in /var/www/html/wp-content/plugins/razorpay-payment-button/includes/rzp-btn-settings.php on line 15
[24-Jan-2025 07:38:48 UTC] PHP Deprecated:  Creation of dynamic property RZP_Setting::$keyID is deprecated in /var/www/html/wp-content/plugins/razorpay-payment-button/includes/rzp-btn-settings.php on line 17
[24-Jan-2025 07:38:48 UTC] PHP Deprecated:  Creation of dynamic property RZP_Setting::$keySecret is deprecated in /var/www/html/wp-content/plugins/razorpay-payment-button/includes/rzp-btn-settings.php on line 19
[24-Jan-2025 07:38:48 UTC] PHP Deprecated:  Creation of dynamic property RZP_Setting::$paymentAction is deprecated in /var/www/html/wp-content/plugins/razorpay-payment-button/includes/rzp-btn-settings.php on line 21
[24-Jan-2025 07:38:48 UTC] PHP Deprecated:  Creation of dynamic property RZP_Setting::$template is deprecated in /var/www/html/wp-content/plugins/razorpay-payment-button/includes/rzp-btn-settings.php on line 23
[24-Jan-2025 07:38:48 UTC] PHP Deprecated:  Creation of dynamic property RZP_Payment_Button_Loader::$settings is deprecated in /var/www/html/wp-content/plugins/razorpay-payment-button/razorpay-payment-buttons.php on line 73
[24-Jan-2025 07:39:26 UTC] PHP Deprecated:  Creation of dynamic property RZP_Setting::$title is deprecated in /var/www/html/wp-content/plugins/razorpay-payment-button/includes/rzp-btn-settings.php on line 13
[24-Jan-2025 07:39:26 UTC] PHP Deprecated:  Creation of dynamic property RZP_Setting::$description is deprecated in /var/www/html/wp-content/plugins/razorpay-payment-button/includes/rzp-btn-settings.php on line 15
[24-Jan-2025 07:39:26 UTC] PHP Deprecated:  Creation of dynamic property RZP_Setting::$keyID is deprecated in /var/www/html/wp-content/plugins/razorpay-payment-button/includes/rzp-btn-settings.php on line 17
[24-Jan-2025 07:39:26 UTC] PHP Deprecated:  Creation of dynamic property RZP_Setting::$keySecret is deprecated in /var/www/html/wp-content/plugins/razorpay-payment-button/includes/rzp-btn-settings.php on line 19
[24-Jan-2025 07:39:26 UTC] PHP Deprecated:  Creation of dynamic property RZP_Setting::$paymentAction is deprecated in /var/www/html/wp-content/plugins/razorpay-payment-button/includes/rzp-btn-settings.php on line 21
[24-Jan-2025 07:39:26 UTC] PHP Deprecated:  Creation of dynamic property RZP_Setting::$template is deprecated in /var/www/html/wp-content/plugins/razorpay-payment-button/includes/rzp-btn-settings.php on line 23
[24-Jan-2025 07:39:26 UTC] PHP Deprecated:  Creation of dynamic property RZP_Payment_Button_Loader::$settings is deprecated in /var/www/html/wp-content/plugins/razorpay-payment-button/razorpay-payment-buttons.php on line 73
[24-Jan-2025 07:39:30 UTC] PHP Warning:  Cannot modify header information - headers already sent by (output started at /var/www/html/wp-content/plugins/razorpay-payment-button/includes/rzp-btn-settings.php:13) in /var/www/html/wp-admin/includes/misc.php on line 1438
[24-Jan-2025 07:39:30 UTC] PHP Warning:  Cannot modify header information - headers already sent by (output started at /var/www/html/wp-content/plugins/razorpay-payment-button/includes/rzp-btn-settings.php:13) in /var/www/html/wp-includes/functions.php on line 7108
[24-Jan-2025 07:39:33 UTC] PHP Warning:  Cannot modify header information - headers already sent by (output started at /var/www/html/wp-content/plugins/razorpay-payment-button/includes/rzp-btn-settings.php:13) in /var/www/html/wp-admin/admin-header.php on line 9
[24-Jan-2025 07:39:36 UTC] PHP Deprecated:  Creation of dynamic property RZP_Setting::$title is deprecated in /var/www/html/wp-content/plugins/razorpay-payment-button/includes/rzp-btn-settings.php on line 13
[24-Jan-2025 07:39:36 UTC] PHP Deprecated:  Creation of dynamic property RZP_Setting::$description is deprecated in /var/www/html/wp-content/plugins/razorpay-payment-button/includes/rzp-btn-settings.php on line 15
[24-Jan-2025 07:39:36 UTC] PHP Deprecated:  Creation of dynamic property RZP_Setting::$keyID is deprecated in /var/www/html/wp-content/plugins/razorpay-payment-button/includes/rzp-btn-settings.php on line 17
[24-Jan-2025 07:39:36 UTC] PHP Deprecated:  Creation of dynamic property RZP_Setting::$keySecret is deprecated in /var/www/html/wp-content/plugins/razorpay-payment-button/includes/rzp-btn-settings.php on line 19
[24-Jan-2025 07:39:36 UTC] PHP Deprecated:  Creation of dynamic property RZP_Setting::$paymentAction is deprecated in /var/www/html/wp-content/plugins/razorpay-payment-button/includes/rzp-btn-settings.php on line 21
[24-Jan-2025 07:39:36 UTC] PHP Deprecated:  Creation of dynamic property RZP_Setting::$template is deprecated in /var/www/html/wp-content/plugins/razorpay-payment-button/includes/rzp-btn-settings.php on line 23
[24-Jan-2025 07:39:36 UTC] PHP Deprecated:  Creation of dynamic property RZP_Payment_Button_Loader::$settings is deprecated in /var/www/html/wp-content/plugins/razorpay-payment-button/razorpay-payment-buttons.php on line 73
[24-Jan-2025 07:39:40 UTC] PHP Warning:  Cannot modify header information - headers already sent by (output started at /var/www/html/wp-content/plugins/razorpay-payment-button/includes/rzp-btn-settings.php:13) in /var/www/html/wp-includes/pluggable.php on line 1435
[24-Jan-2025 07:39:40 UTC] PHP Warning:  Cannot modify header information - headers already sent by (output started at /var/www/html/wp-content/plugins/razorpay-payment-button/includes/rzp-btn-settings.php:13) in /var/www/html/wp-includes/pluggable.php on line 1438
[24-Jan-2025 07:39:53 UTC] PHP Deprecated:  Creation of dynamic property RZP_Setting::$title is deprecated in /var/www/html/wp-content/plugins/razorpay-payment-button/includes/rzp-btn-settings.php on line 13
[24-Jan-2025 07:39:53 UTC] PHP Deprecated:  Creation of dynamic property RZP_Setting::$description is deprecated in /var/www/html/wp-content/plugins/razorpay-payment-button/includes/rzp-btn-settings.php on line 15
[24-Jan-2025 07:39:53 UTC] PHP Deprecated:  Creation of dynamic property RZP_Setting::$keyID is deprecated in /var/www/html/wp-content/plugins/razorpay-payment-button/includes/rzp-btn-settings.php on line 17
[24-Jan-2025 07:39:53 UTC] PHP Deprecated:  Creation of dynamic property RZP_Setting::$keySecret is deprecated in /var/www/html/wp-content/plugins/razorpay-payment-button/includes/rzp-btn-settings.php on line 19
[24-Jan-2025 07:39:53 UTC] PHP Deprecated:  Creation of dynamic property RZP_Setting::$paymentAction is deprecated in /var/www/html/wp-content/plugins/razorpay-payment-button/includes/rzp-btn-settings.php on line 21
[24-Jan-2025 07:39:53 UTC] PHP Deprecated:  Creation of dynamic property RZP_Setting::$template is deprecated in /var/www/html/wp-content/plugins/razorpay-payment-button/includes/rzp-btn-settings.php on line 23
[24-Jan-2025 07:39:53 UTC] PHP Deprecated:  Creation of dynamic property RZP_Payment_Button_Loader::$settings is deprecated in /var/www/html/wp-content/plugins/razorpay-payment-button/razorpay-payment-buttons.php on line 73
[24-Jan-2025 07:39:57 UTC] PHP Warning:  Cannot modify header information - headers already sent by (output started at /var/www/html/wp-content/plugins/razorpay-payment-button/includes/rzp-btn-settings.php:13) in /var/www/html/wp-admin/includes/misc.php on line 1438
[24-Jan-2025 07:39:57 UTC] PHP Warning:  Cannot modify header information - headers already sent by (output started at /var/www/html/wp-content/plugins/razorpay-payment-button/includes/rzp-btn-settings.php:13) in /var/www/html/wp-includes/functions.php on line 7108
[24-Jan-2025 07:39:58 UTC] PHP Warning:  Cannot modify header information - headers already sent by (output started at /var/www/html/wp-content/plugins/razorpay-payment-button/includes/rzp-btn-settings.php:13) in /var/www/html/wp-admin/includes/template.php on line 2136
[24-Jan-2025 07:40:37 UTC] PHP Deprecated:  Creation of dynamic property RZP_Setting::$title is deprecated in /var/www/html/wp-content/plugins/razorpay-payment-button/includes/rzp-btn-settings.php on line 13
[24-Jan-2025 07:40:37 UTC] PHP Deprecated:  Creation of dynamic property RZP_Setting::$description is deprecated in /var/www/html/wp-content/plugins/razorpay-payment-button/includes/rzp-btn-settings.php on line 15
[24-Jan-2025 07:40:37 UTC] PHP Deprecated:  Creation of dynamic property RZP_Setting::$keyID is deprecated in /var/www/html/wp-content/plugins/razorpay-payment-button/includes/rzp-btn-settings.php on line 17
[24-Jan-2025 07:40:37 UTC] PHP Deprecated:  Creation of dynamic property RZP_Setting::$keySecret is deprecated in /var/www/html/wp-content/plugins/razorpay-payment-button/includes/rzp-btn-settings.php on line 19
[24-Jan-2025 07:40:37 UTC] PHP Deprecated:  Creation of dynamic property RZP_Setting::$paymentAction is deprecated in /var/www/html/wp-content/plugins/razorpay-payment-button/includes/rzp-btn-settings.php on line 21
[24-Jan-2025 07:40:37 UTC] PHP Deprecated:  Creation of dynamic property RZP_Setting::$template is deprecated in /var/www/html/wp-content/plugins/razorpay-payment-button/includes/rzp-btn-settings.php on line 23
[24-Jan-2025 07:40:37 UTC] PHP Deprecated:  Creation of dynamic property RZP_Payment_Button_Loader::$settings is deprecated in /var/www/html/wp-content/plugins/razorpay-payment-button/razorpay-payment-buttons.php on line 73
[24-Jan-2025 07:41:38 UTC] PHP Deprecated:  Creation of dynamic property RZP_Setting::$title is deprecated in /var/www/html/wp-content/plugins/razorpay-payment-button/includes/rzp-btn-settings.php on line 13
[24-Jan-2025 07:41:38 UTC] PHP Deprecated:  Creation of dynamic property RZP_Setting::$description is deprecated in /var/www/html/wp-content/plugins/razorpay-payment-button/includes/rzp-btn-settings.php on line 15
[24-Jan-2025 07:41:38 UTC] PHP Deprecated:  Creation of dynamic property RZP_Setting::$keyID is deprecated in /var/www/html/wp-content/plugins/razorpay-payment-button/includes/rzp-btn-settings.php on line 17
[24-Jan-2025 07:41:38 UTC] PHP Deprecated:  Creation of dynamic property RZP_Setting::$keySecret is deprecated in /var/www/html/wp-content/plugins/razorpay-payment-button/includes/rzp-btn-settings.php on line 19
[24-Jan-2025 07:41:38 UTC] PHP Deprecated:  Creation of dynamic property RZP_Setting::$paymentAction is deprecated in /var/www/html/wp-content/plugins/razorpay-payment-button/includes/rzp-btn-settings.php on line 21
[24-Jan-2025 07:41:38 UTC] PHP Deprecated:  Creation of dynamic property RZP_Setting::$template is deprecated in /var/www/html/wp-content/plugins/razorpay-payment-button/includes/rzp-btn-settings.php on line 23
[24-Jan-2025 07:41:38 UTC] PHP Deprecated:  Creation of dynamic property RZP_Payment_Button_Loader::$settings is deprecated in /var/www/html/wp-content/plugins/razorpay-payment-button/razorpay-payment-buttons.php on line 73
[24-Jan-2025 07:43:37 UTC] PHP Deprecated:  Creation of dynamic property RZP_Setting::$title is deprecated in /var/www/html/wp-content/plugins/razorpay-payment-button/includes/rzp-btn-settings.php on line 13
[24-Jan-2025 07:43:37 UTC] PHP Deprecated:  Creation of dynamic property RZP_Setting::$description is deprecated in /var/www/html/wp-content/plugins/razorpay-payment-button/includes/rzp-btn-settings.php on line 15
[24-Jan-2025 07:43:37 UTC] PHP Deprecated:  Creation of dynamic property RZP_Setting::$keyID is deprecated in /var/www/html/wp-content/plugins/razorpay-payment-button/includes/rzp-btn-settings.php on line 17
[24-Jan-2025 07:43:37 UTC] PHP Deprecated:  Creation of dynamic property RZP_Setting::$keySecret is deprecated in /var/www/html/wp-content/plugins/razorpay-payment-button/includes/rzp-btn-settings.php on line 19
[24-Jan-2025 07:43:37 UTC] PHP Deprecated:  Creation of dynamic property RZP_Setting::$paymentAction is deprecated in /var/www/html/wp-content/plugins/razorpay-payment-button/includes/rzp-btn-settings.php on line 21
[24-Jan-2025 07:43:37 UTC] PHP Deprecated:  Creation of dynamic property RZP_Setting::$template is deprecated in /var/www/html/wp-content/plugins/razorpay-payment-button/includes/rzp-btn-settings.php on line 23
[24-Jan-2025 07:43:37 UTC] PHP Deprecated:  Creation of dynamic property RZP_Payment_Button_Loader::$settings is deprecated in /var/www/html/wp-content/plugins/razorpay-payment-button/razorpay-payment-buttons.php on line 73
[24-Jan-2025 07:45:37 UTC] PHP Deprecated:  Creation of dynamic property RZP_Setting::$title is deprecated in /var/www/html/wp-content/plugins/razorpay-payment-button/includes/rzp-btn-settings.php on line 13
[24-Jan-2025 07:45:37 UTC] PHP Deprecated:  Creation of dynamic property RZP_Setting::$description is deprecated in /var/www/html/wp-content/plugins/razorpay-payment-button/includes/rzp-btn-settings.php on line 15
[24-Jan-2025 07:45:37 UTC] PHP Deprecated:  Creation of dynamic property RZP_Setting::$keyID is deprecated in /var/www/html/wp-content/plugins/razorpay-payment-button/includes/rzp-btn-settings.php on line 17
[24-Jan-2025 07:45:37 UTC] PHP Deprecated:  Creation of dynamic property RZP_Setting::$keySecret is deprecated in /var/www/html/wp-content/plugins/razorpay-payment-button/includes/rzp-btn-settings.php on line 19
[24-Jan-2025 07:45:37 UTC] PHP Deprecated:  Creation of dynamic property RZP_Setting::$paymentAction is deprecated in /var/www/html/wp-content/plugins/razorpay-payment-button/includes/rzp-btn-settings.php on line 21
[24-Jan-2025 07:45:37 UTC] PHP Deprecated:  Creation of dynamic property RZP_Setting::$template is deprecated in /var/www/html/wp-content/plugins/razorpay-payment-button/includes/rzp-btn-settings.php on line 23
[24-Jan-2025 07:45:37 UTC] PHP Deprecated:  Creation of dynamic property RZP_Payment_Button_Loader::$settings is deprecated in /var/www/html/wp-content/plugins/razorpay-payment-button/razorpay-payment-buttons.php on line 73
[24-Jan-2025 07:46:38 UTC] PHP Deprecated:  Creation of dynamic property RZP_Setting::$title is deprecated in /var/www/html/wp-content/plugins/razorpay-payment-button/includes/rzp-btn-settings.php on line 13
[24-Jan-2025 07:46:38 UTC] PHP Deprecated:  Creation of dynamic property RZP_Setting::$description is deprecated in /var/www/html/wp-content/plugins/razorpay-payment-button/includes/rzp-btn-settings.php on line 15
[24-Jan-2025 07:46:38 UTC] PHP Deprecated:  Creation of dynamic property RZP_Setting::$keyID is deprecated in /var/www/html/wp-content/plugins/razorpay-payment-button/includes/rzp-btn-settings.php on line 17
[24-Jan-2025 07:46:38 UTC] PHP Deprecated:  Creation of dynamic property RZP_Setting::$keySecret is deprecated in /var/www/html/wp-content/plugins/razorpay-payment-button/includes/rzp-btn-settings.php on line 19
[24-Jan-2025 07:46:38 UTC] PHP Deprecated:  Creation of dynamic property RZP_Setting::$paymentAction is deprecated in /var/www/html/wp-content/plugins/razorpay-payment-button/includes/rzp-btn-settings.php on line 21
[24-Jan-2025 07:46:38 UTC] PHP Deprecated:  Creation of dynamic property RZP_Setting::$template is deprecated in /var/www/html/wp-content/plugins/razorpay-payment-button/includes/rzp-btn-settings.php on line 23
[24-Jan-2025 07:46:38 UTC] PHP Deprecated:  Creation of dynamic property RZP_Payment_Button_Loader::$settings is deprecated in /var/www/html/wp-content/plugins/razorpay-payment-button/razorpay-payment-buttons.php on line 73
[24-Jan-2025 07:48:39 UTC] PHP Deprecated:  Creation of dynamic property RZP_Payment_Button_Loader::$settings is deprecated in /var/www/html/wp-content/plugins/razorpay-payment-button/razorpay-payment-buttons.php on line 73
[24-Jan-2025 07:49:39 UTC] PHP Deprecated:  Creation of dynamic property RZP_Payment_Button_Loader::$settings is deprecated in /var/www/html/wp-content/plugins/razorpay-payment-button/razorpay-payment-buttons.php on line 73
[24-Jan-2025 07:55:13 UTC] PHP Deprecated:  Creation of dynamic property RZP_Setting::$title is deprecated in /var/www/html/wp-content/plugins/razorpay-payment-button/includes/rzp-btn-settings.php on line 13
[24-Jan-2025 07:55:13 UTC] PHP Deprecated:  Creation of dynamic property RZP_Setting::$description is deprecated in /var/www/html/wp-content/plugins/razorpay-payment-button/includes/rzp-btn-settings.php on line 15
[24-Jan-2025 07:55:13 UTC] PHP Deprecated:  Creation of dynamic property RZP_Setting::$keyID is deprecated in /var/www/html/wp-content/plugins/razorpay-payment-button/includes/rzp-btn-settings.php on line 17
[24-Jan-2025 07:55:13 UTC] PHP Deprecated:  Creation of dynamic property RZP_Setting::$keySecret is deprecated in /var/www/html/wp-content/plugins/razorpay-payment-button/includes/rzp-btn-settings.php on line 19
[24-Jan-2025 07:55:13 UTC] PHP Deprecated:  Creation of dynamic property RZP_Setting::$paymentAction is deprecated in /var/www/html/wp-content/plugins/razorpay-payment-button/includes/rzp-btn-settings.php on line 21
[24-Jan-2025 07:55:13 UTC] PHP Deprecated:  Creation of dynamic property RZP_Setting::$template is deprecated in /var/www/html/wp-content/plugins/razorpay-payment-button/includes/rzp-btn-settings.php on line 23
[24-Jan-2025 07:55:13 UTC] PHP Deprecated:  Creation of dynamic property RZP_Payment_Button_Loader::$settings is deprecated in /var/www/html/wp-content/plugins/razorpay-payment-button/razorpay-payment-buttons.php on line 73
[24-Jan-2025 07:55:19 UTC] PHP Warning:  Cannot modify header information - headers already sent by (output started at /var/www/html/wp-content/plugins/razorpay-payment-button/includes/rzp-btn-settings.php:13) in /var/www/html/wp-admin/includes/misc.php on line 1438
[24-Jan-2025 07:55:19 UTC] PHP Warning:  Cannot modify header information - headers already sent by (output started at /var/www/html/wp-content/plugins/razorpay-payment-button/includes/rzp-btn-settings.php:13) in /var/www/html/wp-includes/functions.php on line 7108
[24-Jan-2025 07:55:20 UTC] PHP Warning:  Cannot modify header information - headers already sent by (output started at /var/www/html/wp-content/plugins/razorpay-payment-button/includes/rzp-btn-settings.php:13) in /var/www/html/wp-admin/admin-header.php on line 9
[24-Jan-2025 07:55:27 UTC] PHP Deprecated:  Creation of dynamic property RZP_Setting::$title is deprecated in /var/www/html/wp-content/plugins/razorpay-payment-button/includes/rzp-btn-settings.php on line 13
[24-Jan-2025 07:55:27 UTC] PHP Deprecated:  Creation of dynamic property RZP_Setting::$description is deprecated in /var/www/html/wp-content/plugins/razorpay-payment-button/includes/rzp-btn-settings.php on line 15
[24-Jan-2025 07:55:27 UTC] PHP Deprecated:  Creation of dynamic property RZP_Setting::$keyID is deprecated in /var/www/html/wp-content/plugins/razorpay-payment-button/includes/rzp-btn-settings.php on line 17
[24-Jan-2025 07:55:27 UTC] PHP Deprecated:  Creation of dynamic property RZP_Setting::$keySecret is deprecated in /var/www/html/wp-content/plugins/razorpay-payment-button/includes/rzp-btn-settings.php on line 19
[24-Jan-2025 07:55:27 UTC] PHP Deprecated:  Creation of dynamic property RZP_Setting::$paymentAction is deprecated in /var/www/html/wp-content/plugins/razorpay-payment-button/includes/rzp-btn-settings.php on line 21
[24-Jan-2025 07:55:27 UTC] PHP Deprecated:  Creation of dynamic property RZP_Setting::$template is deprecated in /var/www/html/wp-content/plugins/razorpay-payment-button/includes/rzp-btn-settings.php on line 23
[24-Jan-2025 07:55:27 UTC] PHP Deprecated:  Creation of dynamic property RZP_Payment_Button_Loader::$settings is deprecated in /var/www/html/wp-content/plugins/razorpay-payment-button/razorpay-payment-buttons.php on line 73
[24-Jan-2025 07:55:32 UTC] PHP Warning:  Cannot modify header information - headers already sent by (output started at /var/www/html/wp-content/plugins/razorpay-payment-button/includes/rzp-btn-settings.php:13) in /var/www/html/wp-admin/includes/misc.php on line 1438
[24-Jan-2025 07:55:32 UTC] PHP Warning:  Cannot modify header information - headers already sent by (output started at /var/www/html/wp-content/plugins/razorpay-payment-button/includes/rzp-btn-settings.php:13) in /var/www/html/wp-includes/functions.php on line 7108
[24-Jan-2025 07:55:34 UTC] PHP Warning:  Cannot modify header information - headers already sent by (output started at /var/www/html/wp-content/plugins/razorpay-payment-button/includes/rzp-btn-settings.php:13) in /var/www/html/wp-admin/admin-header.php on line 9
[24-Jan-2025 07:56:37 UTC] PHP Deprecated:  Creation of dynamic property RZP_Setting::$title is deprecated in /var/www/html/wp-content/plugins/razorpay-payment-button/includes/rzp-btn-settings.php on line 13
[24-Jan-2025 07:56:37 UTC] PHP Deprecated:  Creation of dynamic property RZP_Setting::$description is deprecated in /var/www/html/wp-content/plugins/razorpay-payment-button/includes/rzp-btn-settings.php on line 15
[24-Jan-2025 07:56:37 UTC] PHP Deprecated:  Creation of dynamic property RZP_Setting::$keyID is deprecated in /var/www/html/wp-content/plugins/razorpay-payment-button/includes/rzp-btn-settings.php on line 17
[24-Jan-2025 07:56:37 UTC] PHP Deprecated:  Creation of dynamic property RZP_Setting::$keySecret is deprecated in /var/www/html/wp-content/plugins/razorpay-payment-button/includes/rzp-btn-settings.php on line 19
[24-Jan-2025 07:56:37 UTC] PHP Deprecated:  Creation of dynamic property RZP_Setting::$paymentAction is deprecated in /var/www/html/wp-content/plugins/razorpay-payment-button/includes/rzp-btn-settings.php on line 21
[24-Jan-2025 07:56:37 UTC] PHP Deprecated:  Creation of dynamic property RZP_Setting::$template is deprecated in /var/www/html/wp-content/plugins/razorpay-payment-button/includes/rzp-btn-settings.php on line 23
[24-Jan-2025 07:56:37 UTC] PHP Deprecated:  Creation of dynamic property RZP_Payment_Button_Loader::$settings is deprecated in /var/www/html/wp-content/plugins/razorpay-payment-button/razorpay-payment-buttons.php on line 73
[27-Jan-2025 08:23:53 UTC] PHP Warning:  require_once(/var/www/html/wp-content/plugins/rcdevelopers-plugin/includes/includes/userdata.php): Failed to open stream: No such file or directory in /var/www/html/wp-content/plugins/rcdevelopers-plugin/includes/authentication.php on line 2
[27-Jan-2025 08:23:53 UTC] PHP Fatal error:  Uncaught Error: Failed opening required '/var/www/html/wp-content/plugins/rcdevelopers-plugin/includes/includes/userdata.php' (include_path='.:/usr/local/lib/php') in /var/www/html/wp-content/plugins/rcdevelopers-plugin/includes/authentication.php:2
Stack trace:
#0 /var/www/html/wp-content/plugins/rcdevelopers-plugin/rcdevelopers-plugin.php(14): require_once()
#1 /var/www/html/wp-settings.php(522): include_once('/var/www/html/w...')
#2 /var/www/html/wp-config.php(141): require_once('/var/www/html/w...')
#3 /var/www/html/wp-load.php(50): require_once('/var/www/html/w...')
#4 /var/www/html/wp-blog-header.php(13): require_once('/var/www/html/w...')
#5 /var/www/html/index.php(17): require('/var/www/html/w...')
#6 {main}
  thrown in /var/www/html/wp-content/plugins/rcdevelopers-plugin/includes/authentication.php on line 2
[27-Jan-2025 08:31:16 UTC] PHP Warning:  require_once(/var/www/html/wp-content/plugins/rcdevelopers-plugin/includes/includes/userdata.php): Failed to open stream: No such file or directory in /var/www/html/wp-content/plugins/rcdevelopers-plugin/includes/authentication.php on line 2
[27-Jan-2025 08:31:16 UTC] PHP Fatal error:  Uncaught Error: Failed opening required '/var/www/html/wp-content/plugins/rcdevelopers-plugin/includes/includes/userdata.php' (include_path='.:/usr/local/lib/php') in /var/www/html/wp-content/plugins/rcdevelopers-plugin/includes/authentication.php:2
Stack trace:
#0 /var/www/html/wp-content/plugins/rcdevelopers-plugin/rcdevelopers-plugin.php(14): require_once()
#1 /var/www/html/wp-settings.php(522): include_once('/var/www/html/w...')
#2 /var/www/html/wp-config.php(141): require_once('/var/www/html/w...')
#3 /var/www/html/wp-load.php(50): require_once('/var/www/html/w...')
#4 /var/www/html/wp-blog-header.php(13): require_once('/var/www/html/w...')
#5 /var/www/html/index.php(17): require('/var/www/html/w...')
#6 {main}
  thrown in /var/www/html/wp-content/plugins/rcdevelopers-plugin/includes/authentication.php on line 2
[27-Jan-2025 08:33:40 UTC] PHP Warning:  require_once(/var/www/html/wp-content/plugins/rcdevelopers-plugin/includes/includes/userdata.php): Failed to open stream: No such file or directory in /var/www/html/wp-content/plugins/rcdevelopers-plugin/includes/authentication.php on line 2
[27-Jan-2025 08:33:40 UTC] PHP Fatal error:  Uncaught Error: Failed opening required '/var/www/html/wp-content/plugins/rcdevelopers-plugin/includes/includes/userdata.php' (include_path='.:/usr/local/lib/php') in /var/www/html/wp-content/plugins/rcdevelopers-plugin/includes/authentication.php:2
Stack trace:
#0 /var/www/html/wp-content/plugins/rcdevelopers-plugin/rcdevelopers-plugin.php(14): require_once()
#1 /var/www/html/wp-settings.php(522): include_once('/var/www/html/w...')
#2 /var/www/html/wp-config.php(141): require_once('/var/www/html/w...')
#3 /var/www/html/wp-load.php(50): require_once('/var/www/html/w...')
#4 /var/www/html/wp-admin/admin.php(34): require_once('/var/www/html/w...')
#5 /var/www/html/wp-admin/index.php(10): require_once('/var/www/html/w...')
#6 {main}
  thrown in /var/www/html/wp-content/plugins/rcdevelopers-plugin/includes/authentication.php on line 2
[27-Jan-2025 08:38:19 UTC] PHP Warning:  require_once(/var/www/html/wp-content/plugins/rcdevelopers-plugin/includes/includes/utils.php): Failed to open stream: No such file or directory in /var/www/html/wp-content/plugins/rcdevelopers-plugin/includes/userdata.php on line 2
[27-Jan-2025 08:38:19 UTC] PHP Fatal error:  Uncaught Error: Failed opening required '/var/www/html/wp-content/plugins/rcdevelopers-plugin/includes/includes/utils.php' (include_path='.:/usr/local/lib/php') in /var/www/html/wp-content/plugins/rcdevelopers-plugin/includes/userdata.php:2
Stack trace:
#0 /var/www/html/wp-content/plugins/rcdevelopers-plugin/rcdevelopers-plugin.php(15): require_once()
#1 /var/www/html/wp-settings.php(522): include_once('/var/www/html/w...')
#2 /var/www/html/wp-config.php(141): require_once('/var/www/html/w...')
#3 /var/www/html/wp-load.php(50): require_once('/var/www/html/w...')
#4 /var/www/html/wp-admin/admin.php(34): require_once('/var/www/html/w...')
#5 /var/www/html/wp-admin/index.php(10): require_once('/var/www/html/w...')
#6 {main}
  thrown in /var/www/html/wp-content/plugins/rcdevelopers-plugin/includes/userdata.php on line 2
[27-Jan-2025 08:38:25 UTC] PHP Warning:  require_once(/var/www/html/wp-content/plugins/rcdevelopers-plugin/includes/includes/utils.php): Failed to open stream: No such file or directory in /var/www/html/wp-content/plugins/rcdevelopers-plugin/includes/userdata.php on line 2
[27-Jan-2025 08:38:25 UTC] PHP Fatal error:  Uncaught Error: Failed opening required '/var/www/html/wp-content/plugins/rcdevelopers-plugin/includes/includes/utils.php' (include_path='.:/usr/local/lib/php') in /var/www/html/wp-content/plugins/rcdevelopers-plugin/includes/userdata.php:2
Stack trace:
#0 /var/www/html/wp-content/plugins/rcdevelopers-plugin/rcdevelopers-plugin.php(15): require_once()
#1 /var/www/html/wp-settings.php(522): include_once('/var/www/html/w...')
#2 /var/www/html/wp-config.php(141): require_once('/var/www/html/w...')
#3 /var/www/html/wp-load.php(50): require_once('/var/www/html/w...')
#4 /var/www/html/wp-admin/admin.php(34): require_once('/var/www/html/w...')
#5 /var/www/html/wp-admin/index.php(10): require_once('/var/www/html/w...')
#6 {main}
  thrown in /var/www/html/wp-content/plugins/rcdevelopers-plugin/includes/userdata.php on line 2
[27-Jan-2025 08:38:28 UTC] PHP Warning:  require_once(/var/www/html/wp-content/plugins/rcdevelopers-plugin/includes/includes/utils.php): Failed to open stream: No such file or directory in /var/www/html/wp-content/plugins/rcdevelopers-plugin/includes/userdata.php on line 2
[27-Jan-2025 08:38:28 UTC] PHP Fatal error:  Uncaught Error: Failed opening required '/var/www/html/wp-content/plugins/rcdevelopers-plugin/includes/includes/utils.php' (include_path='.:/usr/local/lib/php') in /var/www/html/wp-content/plugins/rcdevelopers-plugin/includes/userdata.php:2
Stack trace:
#0 /var/www/html/wp-content/plugins/rcdevelopers-plugin/rcdevelopers-plugin.php(15): require_once()
#1 /var/www/html/wp-settings.php(522): include_once('/var/www/html/w...')
#2 /var/www/html/wp-config.php(141): require_once('/var/www/html/w...')
#3 /var/www/html/wp-load.php(50): require_once('/var/www/html/w...')
#4 /var/www/html/wp-blog-header.php(13): require_once('/var/www/html/w...')
#5 /var/www/html/index.php(17): require('/var/www/html/w...')
#6 {main}
  thrown in /var/www/html/wp-content/plugins/rcdevelopers-plugin/includes/userdata.php on line 2
[27-Jan-2025 08:39:08 UTC] PHP Fatal error:  Cannot redeclare user_file_upload() (previously declared in /var/www/html/wp-content/plugins/rcdevelopers-plugin/includes/utils.php:3) in /var/www/html/wp-content/themes/rcdevelopers/functions.php on line 235
[27-Jan-2025 08:41:43 UTC] PHP Warning:  Trying to access array offset on value of type bool in /var/www/html/wp-content/plugins/rcdevelopers-plugin/includes/authentication.php on line 26
[27-Jan-2025 08:41:43 UTC] PHP Warning:  Cannot modify header information - headers already sent by (output started at /var/www/html/wp-content/plugins/rcdevelopers-plugin/includes/authentication.php:26) in /var/www/html/wp-includes/pluggable.php on line 1435
[27-Jan-2025 08:41:43 UTC] PHP Warning:  Cannot modify header information - headers already sent by (output started at /var/www/html/wp-content/plugins/rcdevelopers-plugin/includes/authentication.php:26) in /var/www/html/wp-includes/pluggable.php on line 1438
[27-Jan-2025 08:42:29 UTC] PHP Warning:  Trying to access array offset on value of type bool in /var/www/html/wp-content/plugins/rcdevelopers-plugin/includes/authentication.php on line 26
[27-Jan-2025 08:42:29 UTC] PHP Warning:  Cannot modify header information - headers already sent by (output started at /var/www/html/wp-content/plugins/rcdevelopers-plugin/includes/authentication.php:26) in /var/www/html/wp-includes/pluggable.php on line 1435
[27-Jan-2025 08:42:29 UTC] PHP Warning:  Cannot modify header information - headers already sent by (output started at /var/www/html/wp-content/plugins/rcdevelopers-plugin/includes/authentication.php:26) in /var/www/html/wp-includes/pluggable.php on line 1438
